[05-Mar-2024 14:48:29 UTC] args: Array
(
    [columns] => 4
    [post_type] => product
    [limit] => 12
    [category] => 122
)

[05-Mar-2024 14:48:29 UTC] args: Array
(
    [columns] => 2
    [post_type] => product
    [limit] => 12
    [category] => 122
)

[05-Mar-2024 18:14:34 UTC] args: Array
(
    [columns] => 4
    [post_type] => product
    [limit] => 12
    [category] => 122
)

[05-Mar-2024 18:14:37 UTC] args: Array
(
    [columns] => 2
    [post_type] => product
    [limit] => 12
    [category] => 122
)

[05-Mar-2024 18:22:01 UTC] args: Array
(
    [columns] => 4
    [post_type] => product
    [limit] => 12
    [category] => 122
)

[05-Mar-2024 18:22:03 UTC] args: Array
(
    [columns] => 2
    [post_type] => product
    [limit] => 12
    [category] => 122
)

[05-Mar-2024 18:25:57 UTC] args: Array
(
    [columns] => 4
    [post_type] => product
    [limit] => 12
    [category] => 122
)

[05-Mar-2024 18:26:00 UTC] args: Array
(
    [columns] => 2
    [post_type] => product
    [limit] => 12
    [category] => 122
)

[05-Mar-2024 18:42:31 UTC] args: Array
(
    [columns] => 4
    [post_type] => product
    [limit] => 12
    [category] => 122
)

[05-Mar-2024 18:42:31 UTC] args: Array
(
    [columns] => 2
    [post_type] => product
    [limit] => 12
    [category] => 122
)

[05-Mar-2024 18:51:56 UTC] args: Array
(
    [columns] => 4
    [post_type] => product
    [limit] => 12
    [category] => 122
)

[05-Mar-2024 18:51:59 UTC] args: Array
(
    [columns] => 2
    [post_type] => product
    [limit] => 12
    [category] => 122
)

[05-Mar-2024 18:54:50 UTC] args: Array
(
    [columns] => 4
    [post_type] => product
    [limit] => 12
    [category] => 122
)

[05-Mar-2024 18:54:52 UTC] args: Array
(
    [columns] => 2
    [post_type] => product
    [limit] => 12
    [category] => 122
)

[05-Mar-2024 18:55:04 UTC] Cron reschedule event error for hook: action_scheduler_run_queue, Error code: could_not_set, Error message: The cron event list could not be saved., Data: {"schedule":"every_minute","args":["WP Cron"],"interval":60}
[05-Mar-2024 18:56:43 UTC] args: Array
(
    [columns] => 4
    [post_type] => product
    [limit] => 12
    [category] => 122
)

[05-Mar-2024 18:56:46 UTC] args: Array
(
    [columns] => 2
    [post_type] => product
    [limit] => 12
    [category] => 122
)

[05-Mar-2024 19:03:59 UTC] args: Array
(
    [columns] => 4
    [post_type] => product
    [limit] => 12
    [category] => 122
)

[05-Mar-2024 19:03:59 UTC] args: Array
(
    [columns] => 2
    [post_type] => product
    [limit] => 12
    [category] => 122
)

[05-Mar-2024 19:40:00 UTC] args: Array
(
    [columns] => 4
    [post_type] => product
    [limit] => 12
    [category] => 122
)

[05-Mar-2024 19:40:05 UTC] args: Array
(
    [columns] => 2
    [post_type] => product
    [limit] => 12
    [category] => 122
)

[05-Mar-2024 19:41:35 UTC] args: Array
(
    [columns] => 4
    [post_type] => product
    [limit] => 12
    [category] => 122
)

[05-Mar-2024 19:41:35 UTC] args: Array
(
    [columns] => 2
    [post_type] => product
    [limit] => 12
    [category] => 122
)

[05-Mar-2024 19:43:32 UTC] args: Array
(
    [columns] => 4
    [post_type] => product
    [limit] => 12
    [category] => 122
)

[05-Mar-2024 19:43:33 UTC] args: Array
(
    [columns] => 2
    [post_type] => product
    [limit] => 12
    [category] => 122
)

[05-Mar-2024 19:44:58 UTC] args: Array
(
    [columns] => 4
    [post_type] => product
    [limit] => 12
    [category] => 122
)

[05-Mar-2024 19:45:01 UTC] args: Array
(
    [columns] => 2
    [post_type] => product
    [limit] => 12
    [category] => 122
)

[05-Mar-2024 19:47:38 UTC] args: Array
(
    [columns] => 4
    [post_type] => product
    [limit] => 12
    [category] => 122
)

[05-Mar-2024 19:47:42 UTC] args: Array
(
    [columns] => 2
    [post_type] => product
    [limit] => 12
    [category] => 122
)

[05-Mar-2024 19:49:26 UTC] args: Array
(
    [columns] => 4
    [post_type] => product
    [limit] => 12
    [category] => 122
)

[05-Mar-2024 19:49:27 UTC] args: Array
(
    [columns] => 2
    [post_type] => product
    [limit] => 12
    [category] => 122
)

[05-Mar-2024 19:52:32 UTC] args: Array
(
    [columns] => 4
    [post_type] => product
    [limit] => 12
    [category] => 122
)

[05-Mar-2024 19:52:33 UTC] args: Array
(
    [columns] => 2
    [post_type] => product
    [limit] => 12
    [category] => 122
)

[05-Mar-2024 19:58:04 UTC] Cron reschedule event error for hook: action_scheduler_run_queue, Error code: could_not_set, Error message: The cron event list could not be saved., Data: {"schedule":"every_minute","args":["WP Cron"],"interval":60}
[05-Mar-2024 20:01:08 UTC] args: Array
(
    [columns] => 4
    [post_type] => product
    [limit] => 12
    [category] => 122
)

[05-Mar-2024 20:01:13 UTC] args: Array
(
    [columns] => 2
    [post_type] => product
    [limit] => 12
    [category] => 122
)

[05-Mar-2024 20:02:51 UTC] args: Array
(
    [columns] => 4
    [post_type] => product
    [limit] => 12
    [category] => 122
)

[05-Mar-2024 20:07:14 UTC] args: Array
(
    [columns] => 4
    [post_type] => product
    [limit] => 12
    [category] => 122
)

[05-Mar-2024 20:09:07 UTC] Cron reschedule event error for hook: action_scheduler_run_queue, Error code: could_not_set, Error message: The cron event list could not be saved., Data: {"schedule":"every_minute","args":["WP Cron"],"interval":60}
[05-Mar-2024 20:10:26 UTC] args: Array
(
    [columns] => 4
    [post_type] => product
    [limit] => 12
    [category] => 122
)

[05-Mar-2024 20:12:25 UTC] args: Array
(
    [columns] => 4
    [post_type] => product
    [limit] => 12
    [category] => 122
)

[05-Mar-2024 20:13:48 UTC] args: Array
(
    [columns] => 4
    [post_type] => product
    [limit] => 12
    [category] => 122
)

[05-Mar-2024 20:13:49 UTC] args: Array
(
    [columns] => 2
    [post_type] => product
    [limit] => 12
    [category] => 122
)

[05-Mar-2024 20:14:45 UTC] args: Array
(
    [columns] => 4
    [post_type] => product
    [limit] => 12
    [category] => 122
)

[05-Mar-2024 20:14:46 UTC] args: Array
(
    [columns] => 2
    [post_type] => product
    [limit] => 12
    [category] => 122
)

[05-Mar-2024 20:20:06 UTC] Cron reschedule event error for hook: action_scheduler_run_queue, Error code: could_not_set, Error message: The cron event list could not be saved., Data: {"schedule":"every_minute","args":["WP Cron"],"interval":60}
[05-Mar-2024 20:20:45 UTC] args: Array
(
    [columns] => 4
    [post_type] => product
    [limit] => 12
    [category] => 122
)

[05-Mar-2024 20:20:46 UTC] args: Array
(
    [columns] => 2
    [post_type] => product
    [limit] => 12
    [category] => 122
)

[05-Mar-2024 20:22:17 UTC] args: Array
(
    [columns] => 4
    [post_type] => product
    [limit] => 12
    [category] => 122
)

[05-Mar-2024 20:22:18 UTC] args: Array
(
    [columns] => 2
    [post_type] => product
    [limit] => 12
    [category] => 122
)

[05-Mar-2024 20:23:14 UTC] args: Array
(
    [columns] => 4
    [post_type] => product
    [limit] => 12
    [category] => 122
)

[05-Mar-2024 20:23:15 UTC] args: Array
(
    [columns] => 2
    [post_type] => product
    [limit] => 12
    [category] => 122
)

[05-Mar-2024 20:34:08 UTC] args: Array
(
    [columns] => 4
    [post_type] => product
    [limit] => 12
    [category] => 122
)

[05-Mar-2024 20:34:10 UTC] args: Array
(
    [columns] => 2
    [post_type] => product
    [limit] => 12
    [category] => 122
)

[05-Mar-2024 20:34:53 UTC] args: Array
(
    [columns] => 4
    [post_type] => product
    [limit] => 12
    [category] => 122
)

[05-Mar-2024 20:34:54 UTC] args: Array
(
    [columns] => 2
    [post_type] => product
    [limit] => 12
    [category] => 122
)

[05-Mar-2024 20:36:12 UTC] args: Array
(
    [columns] => 4
    [post_type] => product
    [limit] => 12
    [category] => 122
)

[05-Mar-2024 20:36:15 UTC] args: Array
(
    [columns] => 2
    [post_type] => product
    [limit] => 12
    [category] => 122
)

[05-Mar-2024 20:36:53 UTC] args: Array
(
    [columns] => 4
    [post_type] => product
    [limit] => 12
    [category] => 122
)

[05-Mar-2024 20:36:54 UTC] args: Array
(
    [columns] => 2
    [post_type] => product
    [limit] => 12
    [category] => 122
)

[05-Mar-2024 20:38:55 UTC] args: Array
(
    [columns] => 4
    [post_type] => product
    [limit] => 12
    [category] => 122
)

[05-Mar-2024 20:38:57 UTC] args: Array
(
    [columns] => 2
    [post_type] => product
    [limit] => 12
    [category] => 122
)

[05-Mar-2024 20:40:33 UTC] args: Array
(
    [columns] => 4
    [post_type] => product
    [limit] => 12
    [category] => 122
)

[05-Mar-2024 20:40:34 UTC] args: Array
(
    [columns] => 2
    [post_type] => product
    [limit] => 12
    [category] => 122
)

[05-Mar-2024 20:43:27 UTC] args: Array
(
    [columns] => 4
    [post_type] => product
    [limit] => 12
    [category] => 122
)

[05-Mar-2024 20:43:31 UTC] args: Array
(
    [columns] => 2
    [post_type] => product
    [limit] => 12
    [category] => 122
)

[05-Mar-2024 20:51:35 UTC] args: Array
(
    [columns] => 4
    [post_type] => product
    [limit] => 12
    [category] => 122
)

[05-Mar-2024 20:51:36 UTC] args: Array
(
    [columns] => 2
    [post_type] => product
    [limit] => 12
    [category] => 122
)

[05-Mar-2024 22:15:51 UTC] args: Array
(
    [columns] => 4
    [post_type] => product
    [limit] => 12
    [category] => 122
)

[05-Mar-2024 22:15:52 UTC] args: Array
(
    [columns] => 2
    [post_type] => product
    [limit] => 12
    [category] => 122
)

