2024-02-28T10:40:48+00:00 CRITICAL Uncaught TypeError: call_user_func_array(): Argument #1 ($callback) must be a valid callback, class My_woo does not have a method "modify_selected_category_products_query" in E:\xampp\htdocs\paczka\wp-includes\class-wp-hook.php:326
Stack trace:
#0 E:\xampp\htdocs\paczka\wp-includes\plugin.php(205): WP_Hook->apply_filters(Array, Array)
#1 E:\xampp\htdocs\paczka\wp-content\plugins\woocommerce\includes\shortcodes\class-wc-shortcode-products.php(235): apply_filters('woocommerce_sho...', Array, Array, 'recommended_pro...')
#2 E:\xampp\htdocs\paczka\wp-content\plugins\woocommerce\includes\shortcodes\class-wc-shortcode-products.php(60): WC_Shortcode_Products->parse_query_args()
#3 E:\xampp\htdocs\paczka\wp-content\plugins\page-management\woo\custom_field.php(151): WC_Shortcode_Products->__construct(Array, 'recommended_pro...')
#4 E:\xampp\htdocs\paczka\wp-includes\shortcodes.php(433): My_woo->selected_category_shortcode(Array, '', 'selected_catego...')
#5 [internal function]: do_shortcode_tag(Array)
#6 E:\xampp\htdocs\paczka\wp-includes\shortcodes.php(273): preg_replace_callback('/\\[(\\[?)(select...', 'do_shortcode_ta...', '[selected_categ...')
#7 E:\xampp\htdocs\paczka\wp-content\plugins\codezeel-shortcodes\shortcodes\codezeel-shortcodes.php(1094): do_shortcode('[selected_categ...')
#8 E:\xampp\htdocs\paczka\wp-includes\shortcodes.php(433): shortcode_woo_products_container(Array, '[selected_categ...', 'woo_products')
#9 [internal function]: do_shortcode_tag(Array)
#10 E:\xampp\htdocs\paczka\wp-includes\shortcodes.php(273): preg_replace_callback('/\\[(\\[?)(select...', 'do_shortcode_ta...', '[woo_products t...')
#11 E:\xampp\htdocs\paczka\wp-content\plugins\codezeel-shortcodes\shortcodes\codezeel-shortcodes.php(1144): do_shortcode('[woo_products t...')
#12 E:\xampp\htdocs\paczka\wp-includes\shortcodes.php(433): shortcode_product_tab('', '[woo_products t...', 'tmpmela_tab_hom...')
#13 [internal function]: do_shortcode_tag(Array)
#14 E:\xampp\htdocs\paczka\wp-includes\shortcodes.php(273): preg_replace_callback('/\\[(\\[?)(select...', 'do_shortcode_ta...', '[tmpmela_tab_ho...')
#15 E:\xampp\htdocs\paczka\wp-content\plugins\codezeel-shortcodes\shortcodes\codezeel-shortcodes.php(1134): do_shortcode('[tmpmela_tab_ho...')
#16 E:\xampp\htdocs\paczka\wp-includes\shortcodes.php(433): shortcode_product_tabs('', '[tmpmela_tab_ho...', 'tmpmela_product...')
#17 [internal function]: do_shortcode_tag(Array)
#18 E:\xampp\htdocs\paczka\wp-includes\shortcodes.php(273): preg_replace_callback('/\\[(\\[?)(select...', 'do_shortcode_ta...', '[title title="N...')
#19 E:\xampp\htdocs\paczka\wp-content\plugins\js_composer\include\helpers\helpers.php(247): do_shortcode('[title title="N...')
#20 E:\xampp\htdocs\paczka\wp-content\plugins\js_composer\include\templates\shortcodes\vc_column.php(94): wpb_js_remove_wpautop('[title title="N...')
#21 E:\xampp\htdocs\paczka\wp-content\plugins\js_composer\include\classes\shortcodes\core\class-wpbakeryshortcode.php(451): require('E:\\xampp\\htdocs...')
#22 E:\xampp\htdocs\paczka\wp-content\plugins\js_composer\include\classes\shortcodes\core\class-wpbakeryshortcode.php(424): WPBakeryShortCode->loadTemplate(Array, '[title title="N...')
#23 E:\xampp\htdocs\paczka\wp-content\plugins\js_composer\include\classes\shortcodes\core\class-wpbakeryshortcode.php(546): WPBakeryShortCode->content(Array, '[title title="N...')
#24 E:\xampp\htdocs\paczka\wp-content\plugins\js_composer\include\helpers\helpers.php(1324): WPBakeryShortCode->output('', '[title title="N...')
#25 E:\xampp\htdocs\paczka\wp-includes\shortcodes.php(433): vc_do_shortcode('', '[title title="N...', 'vc_column')
#26 [internal function]: do_shortcode_tag(Array)
#27 E:\xampp\htdocs\paczka\wp-includes\shortcodes.php(273): preg_replace_callback('/\\[(\\[?)(select...', 'do_shortcode_ta...', '[vc_column][tit...')
#28 E:\xampp\htdocs\paczka\wp-content\plugins\js_composer\include\helpers\helpers.php(247): do_shortcode('[vc_column][tit...')
#29 E:\xampp\htdocs\paczka\wp-content\plugins\js_composer\include\templates\shortcodes\vc_row.php(156): wpb_js_remove_wpautop('[vc_column][tit...')
#30 E:\xampp\htdocs\paczka\wp-content\plugins\js_composer\include\classes\shortcodes\core\class-wpbakeryshortcode.php(451): require('E:\\xampp\\htdocs...')
#31 E:\xampp\htdocs\paczka\wp-content\plugins\js_composer\include\classes\shortcodes\vc-row.php(40): WPBakeryShortCode->loadTemplate(Array, '[vc_column][tit...')
#32 E:\xampp\htdocs\paczka\wp-content\plugins\js_composer\include\classes\shortcodes\core\class-wpbakeryshortcode.php(546): WPBakeryShortCode_Vc_Row->content(Array, '[vc_column][tit...')
#33 E:\xampp\htdocs\paczka\wp-content\plugins\js_composer\include\helpers\helpers.php(1324): WPBakeryShortCode->output(Array, '[vc_column][tit...')
#34 E:\xampp\htdocs\paczka\wp-includes\shortcodes.php(433): vc_do_shortcode(Array, '[vc_column][tit...', 'vc_row')
#35 [internal function]: do_shortcode_tag(Array)
#36 E:\xampp\htdocs\paczka\wp-includes\shortcodes.php(273): preg_replace_callback('/\\[(\\[?)(recomm...', 'do_shortcode_ta...', '<p>[vc_row el_c...')
#37 E:\xampp\htdocs\paczka\wp-includes\class-wp-hook.php(324): do_shortcode('<p>[vc_row el_c...')
#38 E:\xampp\htdocs\paczka\wp-includes\plugin.php(205): WP_Hook->apply_filters('<p>[vc_row el_c...', Array)
#39 E:\xampp\htdocs\paczka\wp-content\plugins\wordpress-seo\src\builders\indexable-link-builder.php(117): apply_filters('the_content', '[vc_row el_clas...')
#40 E:\xampp\htdocs\paczka\wp-content\plugins\wordpress-seo\src\integrations\watchers\indexable-post-watcher.php(209): Yoast\WP\SEO\Builders\Indexable_Link_Builder->build(Object(Yoast\WP\SEO\Models\Indexable), '[vc_row el_clas...')
#41 E:\xampp\htdocs\paczka\wp-includes\class-wp-hook.php(326): Yoast\WP\SEO\Integrations\Watchers\Indexable_Post_Watcher->build_indexable(212)
#42 E:\xampp\htdocs\paczka\wp-includes\class-wp-hook.php(348): WP_Hook->apply_filters(NULL, Array)
#43 E:\xampp\htdocs\paczka\wp-includes\plugin.php(517): WP_Hook->do_action(Array)
#44 E:\xampp\htdocs\paczka\wp-includes\post.php(4771): do_action('wp_insert_post', 212, Object(WP_Post), true)
#45 E:\xampp\htdocs\paczka\wp-includes\post.php(4862): wp_insert_post(Array, false, true)
#46 E:\xampp\htdocs\paczka\wp-admin\includes\post.php(453): wp_update_post(Array)
#47 E:\xampp\htdocs\paczka\wp-admin\post.php(227): edit_post()
#48 {main}
  thrown in E:\xampp\htdocs\paczka\wp-includes\class-wp-hook.php on line 326

2024-02-28T11:45:08+00:00 CRITICAL Uncaught TypeError: call_user_func_array(): Argument #1 ($callback) must be a valid callback, class My_woo does not have a method "modify_selected_category_products_query" in E:\xampp\htdocs\paczka\wp-includes\class-wp-hook.php:326
Stack trace:
#0 E:\xampp\htdocs\paczka\wp-includes\plugin.php(205): WP_Hook->apply_filters(Array, Array)
#1 E:\xampp\htdocs\paczka\wp-content\plugins\woocommerce\includes\shortcodes\class-wc-shortcode-products.php(235): apply_filters('woocommerce_sho...', Array, Array, 'selected_catego...')
#2 E:\xampp\htdocs\paczka\wp-content\plugins\woocommerce\includes\shortcodes\class-wc-shortcode-products.php(60): WC_Shortcode_Products->parse_query_args()
#3 E:\xampp\htdocs\paczka\wp-content\plugins\page-management\woo\custom_field.php(149): WC_Shortcode_Products->__construct(Array, 'selected_catego...')
#4 E:\xampp\htdocs\paczka\wp-includes\shortcodes.php(433): My_woo->selected_category_shortcode(Array, '', 'selected_catego...')
#5 [internal function]: do_shortcode_tag(Array)
#6 E:\xampp\htdocs\paczka\wp-includes\shortcodes.php(273): preg_replace_callback('/\\[(\\[?)(select...', 'do_shortcode_ta...', '[selected_categ...')
#7 E:\xampp\htdocs\paczka\wp-content\plugins\codezeel-shortcodes\shortcodes\codezeel-shortcodes.php(1094): do_shortcode('[selected_categ...')
#8 E:\xampp\htdocs\paczka\wp-includes\shortcodes.php(433): shortcode_woo_products_container(Array, '[selected_categ...', 'woo_products')
#9 [internal function]: do_shortcode_tag(Array)
#10 E:\xampp\htdocs\paczka\wp-includes\shortcodes.php(273): preg_replace_callback('/\\[(\\[?)(select...', 'do_shortcode_ta...', '[woo_products t...')
#11 E:\xampp\htdocs\paczka\wp-content\plugins\codezeel-shortcodes\shortcodes\codezeel-shortcodes.php(1144): do_shortcode('[woo_products t...')
#12 E:\xampp\htdocs\paczka\wp-includes\shortcodes.php(433): shortcode_product_tab('', '[woo_products t...', 'tmpmela_tab_hom...')
#13 [internal function]: do_shortcode_tag(Array)
#14 E:\xampp\htdocs\paczka\wp-includes\shortcodes.php(273): preg_replace_callback('/\\[(\\[?)(select...', 'do_shortcode_ta...', '[tmpmela_tab_ho...')
#15 E:\xampp\htdocs\paczka\wp-content\plugins\codezeel-shortcodes\shortcodes\codezeel-shortcodes.php(1134): do_shortcode('[tmpmela_tab_ho...')
#16 E:\xampp\htdocs\paczka\wp-includes\shortcodes.php(433): shortcode_product_tabs('', '[tmpmela_tab_ho...', 'tmpmela_product...')
#17 [internal function]: do_shortcode_tag(Array)
#18 E:\xampp\htdocs\paczka\wp-includes\shortcodes.php(273): preg_replace_callback('/\\[(\\[?)(select...', 'do_shortcode_ta...', '[title title="N...')
#19 E:\xampp\htdocs\paczka\wp-content\plugins\js_composer\include\helpers\helpers.php(247): do_shortcode('[title title="N...')
#20 E:\xampp\htdocs\paczka\wp-content\plugins\js_composer\include\templates\shortcodes\vc_column.php(94): wpb_js_remove_wpautop('[title title="N...')
#21 E:\xampp\htdocs\paczka\wp-content\plugins\js_composer\include\classes\shortcodes\core\class-wpbakeryshortcode.php(451): require('E:\\xampp\\htdocs...')
#22 E:\xampp\htdocs\paczka\wp-content\plugins\js_composer\include\classes\shortcodes\core\class-wpbakeryshortcode.php(424): WPBakeryShortCode->loadTemplate(Array, '[title title="N...')
#23 E:\xampp\htdocs\paczka\wp-content\plugins\js_composer\include\classes\shortcodes\core\class-wpbakeryshortcode.php(546): WPBakeryShortCode->content(Array, '[title title="N...')
#24 E:\xampp\htdocs\paczka\wp-content\plugins\js_composer\include\helpers\helpers.php(1324): WPBakeryShortCode->output('', '[title title="N...')
#25 E:\xampp\htdocs\paczka\wp-includes\shortcodes.php(433): vc_do_shortcode('', '[title title="N...', 'vc_column')
#26 [internal function]: do_shortcode_tag(Array)
#27 E:\xampp\htdocs\paczka\wp-includes\shortcodes.php(273): preg_replace_callback('/\\[(\\[?)(select...', 'do_shortcode_ta...', '[vc_column][tit...')
#28 E:\xampp\htdocs\paczka\wp-content\plugins\js_composer\include\helpers\helpers.php(247): do_shortcode('[vc_column][tit...')
#29 E:\xampp\htdocs\paczka\wp-content\plugins\js_composer\include\templates\shortcodes\vc_row.php(156): wpb_js_remove_wpautop('[vc_column][tit...')
#30 E:\xampp\htdocs\paczka\wp-content\plugins\js_composer\include\classes\shortcodes\core\class-wpbakeryshortcode.php(451): require('E:\\xampp\\htdocs...')
#31 E:\xampp\htdocs\paczka\wp-content\plugins\js_composer\include\classes\shortcodes\vc-row.php(40): WPBakeryShortCode->loadTemplate(Array, '[vc_column][tit...')
#32 E:\xampp\htdocs\paczka\wp-content\plugins\js_composer\include\classes\shortcodes\core\class-wpbakeryshortcode.php(546): WPBakeryShortCode_Vc_Row->content(Array, '[vc_column][tit...')
#33 E:\xampp\htdocs\paczka\wp-content\plugins\js_composer\include\helpers\helpers.php(1324): WPBakeryShortCode->output(Array, '[vc_column][tit...')
#34 E:\xampp\htdocs\paczka\wp-includes\shortcodes.php(433): vc_do_shortcode(Array, '[vc_column][tit...', 'vc_row')
#35 [internal function]: do_shortcode_tag(Array)
#36 E:\xampp\htdocs\paczka\wp-includes\shortcodes.php(273): preg_replace_callback('/\\[(\\[?)(recomm...', 'do_shortcode_ta...', '<p>[vc_row el_c...')
#37 E:\xampp\htdocs\paczka\wp-includes\class-wp-hook.php(324): do_shortcode('<p>[vc_row el_c...')
#38 E:\xampp\htdocs\paczka\wp-includes\plugin.php(205): WP_Hook->apply_filters('<p>[vc_row el_c...', Array)
#39 E:\xampp\htdocs\paczka\wp-content\plugins\wordpress-seo\src\builders\indexable-link-builder.php(117): apply_filters('the_content', '[vc_row el_clas...')
#40 E:\xampp\htdocs\paczka\wp-content\plugins\wordpress-seo\src\integrations\watchers\indexable-post-watcher.php(209): Yoast\WP\SEO\Builders\Indexable_Link_Builder->build(Object(Yoast\WP\SEO\Models\Indexable), '[vc_row el_clas...')
#41 E:\xampp\htdocs\paczka\wp-includes\class-wp-hook.php(326): Yoast\WP\SEO\Integrations\Watchers\Indexable_Post_Watcher->build_indexable(212)
#42 E:\xampp\htdocs\paczka\wp-includes\class-wp-hook.php(348): WP_Hook->apply_filters(NULL, Array)
#43 E:\xampp\htdocs\paczka\wp-includes\plugin.php(517): WP_Hook->do_action(Array)
#44 E:\xampp\htdocs\paczka\wp-includes\post.php(4771): do_action('wp_insert_post', 212, Object(WP_Post), true)
#45 E:\xampp\htdocs\paczka\wp-includes\post.php(4862): wp_insert_post(Array, false, true)
#46 E:\xampp\htdocs\paczka\wp-admin\includes\post.php(453): wp_update_post(Array)
#47 E:\xampp\htdocs\paczka\wp-admin\post.php(227): edit_post()
#48 {main}
  thrown in E:\xampp\htdocs\paczka\wp-includes\class-wp-hook.php on line 326

2024-02-28T11:45:55+00:00 CRITICAL Uncaught TypeError: call_user_func_array(): Argument #1 ($callback) must be a valid callback, class My_woo does not have a method "modify_selected_category_products_query" in E:\xampp\htdocs\paczka\wp-includes\class-wp-hook.php:326
Stack trace:
#0 E:\xampp\htdocs\paczka\wp-includes\plugin.php(205): WP_Hook->apply_filters(Array, Array)
#1 E:\xampp\htdocs\paczka\wp-content\plugins\woocommerce\includes\shortcodes\class-wc-shortcode-products.php(235): apply_filters('woocommerce_sho...', Array, Array, 'selected_catego...')
#2 E:\xampp\htdocs\paczka\wp-content\plugins\woocommerce\includes\shortcodes\class-wc-shortcode-products.php(60): WC_Shortcode_Products->parse_query_args()
#3 E:\xampp\htdocs\paczka\wp-content\plugins\page-management\woo\custom_field.php(149): WC_Shortcode_Products->__construct(Array, 'selected_catego...')
#4 E:\xampp\htdocs\paczka\wp-includes\shortcodes.php(433): My_woo->selected_category_shortcode(Array, '', 'selected_catego...')
#5 [internal function]: do_shortcode_tag(Array)
#6 E:\xampp\htdocs\paczka\wp-includes\shortcodes.php(273): preg_replace_callback('/\\[(\\[?)(select...', 'do_shortcode_ta...', '[selected_categ...')
#7 E:\xampp\htdocs\paczka\wp-content\plugins\codezeel-shortcodes\shortcodes\codezeel-shortcodes.php(1094): do_shortcode('[selected_categ...')
#8 E:\xampp\htdocs\paczka\wp-includes\shortcodes.php(433): shortcode_woo_products_container(Array, '[selected_categ...', 'woo_products')
#9 [internal function]: do_shortcode_tag(Array)
#10 E:\xampp\htdocs\paczka\wp-includes\shortcodes.php(273): preg_replace_callback('/\\[(\\[?)(select...', 'do_shortcode_ta...', '[woo_products t...')
#11 E:\xampp\htdocs\paczka\wp-content\plugins\codezeel-shortcodes\shortcodes\codezeel-shortcodes.php(1144): do_shortcode('[woo_products t...')
#12 E:\xampp\htdocs\paczka\wp-includes\shortcodes.php(433): shortcode_product_tab('', '[woo_products t...', 'tmpmela_tab_hom...')
#13 [internal function]: do_shortcode_tag(Array)
#14 E:\xampp\htdocs\paczka\wp-includes\shortcodes.php(273): preg_replace_callback('/\\[(\\[?)(select...', 'do_shortcode_ta...', '[tmpmela_tab_ho...')
#15 E:\xampp\htdocs\paczka\wp-content\plugins\codezeel-shortcodes\shortcodes\codezeel-shortcodes.php(1134): do_shortcode('[tmpmela_tab_ho...')
#16 E:\xampp\htdocs\paczka\wp-includes\shortcodes.php(433): shortcode_product_tabs('', '[tmpmela_tab_ho...', 'tmpmela_product...')
#17 [internal function]: do_shortcode_tag(Array)
#18 E:\xampp\htdocs\paczka\wp-includes\shortcodes.php(273): preg_replace_callback('/\\[(\\[?)(select...', 'do_shortcode_ta...', '[title title="N...')
#19 E:\xampp\htdocs\paczka\wp-content\plugins\js_composer\include\helpers\helpers.php(247): do_shortcode('[title title="N...')
#20 E:\xampp\htdocs\paczka\wp-content\plugins\js_composer\include\templates\shortcodes\vc_column.php(94): wpb_js_remove_wpautop('[title title="N...')
#21 E:\xampp\htdocs\paczka\wp-content\plugins\js_composer\include\classes\shortcodes\core\class-wpbakeryshortcode.php(451): require('E:\\xampp\\htdocs...')
#22 E:\xampp\htdocs\paczka\wp-content\plugins\js_composer\include\classes\shortcodes\core\class-wpbakeryshortcode.php(424): WPBakeryShortCode->loadTemplate(Array, '[title title="N...')
#23 E:\xampp\htdocs\paczka\wp-content\plugins\js_composer\include\classes\shortcodes\core\class-wpbakeryshortcode.php(546): WPBakeryShortCode->content(Array, '[title title="N...')
#24 E:\xampp\htdocs\paczka\wp-content\plugins\js_composer\include\helpers\helpers.php(1324): WPBakeryShortCode->output('', '[title title="N...')
#25 E:\xampp\htdocs\paczka\wp-includes\shortcodes.php(433): vc_do_shortcode('', '[title title="N...', 'vc_column')
#26 [internal function]: do_shortcode_tag(Array)
#27 E:\xampp\htdocs\paczka\wp-includes\shortcodes.php(273): preg_replace_callback('/\\[(\\[?)(select...', 'do_shortcode_ta...', '[vc_column][tit...')
#28 E:\xampp\htdocs\paczka\wp-content\plugins\js_composer\include\helpers\helpers.php(247): do_shortcode('[vc_column][tit...')
#29 E:\xampp\htdocs\paczka\wp-content\plugins\js_composer\include\templates\shortcodes\vc_row.php(156): wpb_js_remove_wpautop('[vc_column][tit...')
#30 E:\xampp\htdocs\paczka\wp-content\plugins\js_composer\include\classes\shortcodes\core\class-wpbakeryshortcode.php(451): require('E:\\xampp\\htdocs...')
#31 E:\xampp\htdocs\paczka\wp-content\plugins\js_composer\include\classes\shortcodes\vc-row.php(40): WPBakeryShortCode->loadTemplate(Array, '[vc_column][tit...')
#32 E:\xampp\htdocs\paczka\wp-content\plugins\js_composer\include\classes\shortcodes\core\class-wpbakeryshortcode.php(546): WPBakeryShortCode_Vc_Row->content(Array, '[vc_column][tit...')
#33 E:\xampp\htdocs\paczka\wp-content\plugins\js_composer\include\helpers\helpers.php(1324): WPBakeryShortCode->output(Array, '[vc_column][tit...')
#34 E:\xampp\htdocs\paczka\wp-includes\shortcodes.php(433): vc_do_shortcode(Array, '[vc_column][tit...', 'vc_row')
#35 [internal function]: do_shortcode_tag(Array)
#36 E:\xampp\htdocs\paczka\wp-includes\shortcodes.php(273): preg_replace_callback('/\\[(\\[?)(recomm...', 'do_shortcode_ta...', '<p>[vc_row el_c...')
#37 E:\xampp\htdocs\paczka\wp-includes\class-wp-hook.php(324): do_shortcode('<p>[vc_row el_c...')
#38 E:\xampp\htdocs\paczka\wp-includes\plugin.php(205): WP_Hook->apply_filters('<p>[vc_row el_c...', Array)
#39 E:\xampp\htdocs\paczka\wp-content\plugins\wordpress-seo\src\builders\indexable-link-builder.php(117): apply_filters('the_content', '[vc_row el_clas...')
#40 E:\xampp\htdocs\paczka\wp-content\plugins\wordpress-seo\src\integrations\watchers\indexable-post-watcher.php(209): Yoast\WP\SEO\Builders\Indexable_Link_Builder->build(Object(Yoast\WP\SEO\Models\Indexable), '[vc_row el_clas...')
#41 E:\xampp\htdocs\paczka\wp-includes\class-wp-hook.php(326): Yoast\WP\SEO\Integrations\Watchers\Indexable_Post_Watcher->build_indexable(212)
#42 E:\xampp\htdocs\paczka\wp-includes\class-wp-hook.php(348): WP_Hook->apply_filters(NULL, Array)
#43 E:\xampp\htdocs\paczka\wp-includes\plugin.php(517): WP_Hook->do_action(Array)
#44 E:\xampp\htdocs\paczka\wp-includes\post.php(4771): do_action('wp_insert_post', 212, Object(WP_Post), true)
#45 E:\xampp\htdocs\paczka\wp-includes\post.php(4862): wp_insert_post(Array, false, true)
#46 E:\xampp\htdocs\paczka\wp-admin\includes\post.php(453): wp_update_post(Array)
#47 E:\xampp\htdocs\paczka\wp-admin\post.php(227): edit_post()
#48 {main}
  thrown in E:\xampp\htdocs\paczka\wp-includes\class-wp-hook.php on line 326

2024-02-28T12:55:42+00:00 CRITICAL Uncaught Error: Object of class WP_Term could not be converted to string in E:\xampp\htdocs\paczka\wp-content\plugins\page-management\woo\custom_field.php:173
Stack trace:
#0 E:\xampp\htdocs\paczka\wp-content\plugins\page-management\woo\custom_field.php(133): My_woo->get_category_id_with_custom_field()
#1 E:\xampp\htdocs\paczka\wp-includes\shortcodes.php(433): My_woo->selected_category_shortcode(Array, '', 'selected_catego...')
#2 [internal function]: do_shortcode_tag(Array)
#3 E:\xampp\htdocs\paczka\wp-includes\shortcodes.php(273): preg_replace_callback('/\\[(\\[?)(select...', 'do_shortcode_ta...', '[selected_categ...')
#4 E:\xampp\htdocs\paczka\wp-content\plugins\codezeel-shortcodes\shortcodes\codezeel-shortcodes.php(1094): do_shortcode('[selected_categ...')
#5 E:\xampp\htdocs\paczka\wp-includes\shortcodes.php(433): shortcode_woo_products_container(Array, '[selected_categ...', 'woo_products')
#6 [internal function]: do_shortcode_tag(Array)
#7 E:\xampp\htdocs\paczka\wp-includes\shortcodes.php(273): preg_replace_callback('/\\[(\\[?)(select...', 'do_shortcode_ta...', '[woo_products t...')
#8 E:\xampp\htdocs\paczka\wp-content\plugins\codezeel-shortcodes\shortcodes\codezeel-shortcodes.php(1144): do_shortcode('[woo_products t...')
#9 E:\xampp\htdocs\paczka\wp-includes\shortcodes.php(433): shortcode_product_tab('', '[woo_products t...', 'tmpmela_tab_hom...')
#10 [internal function]: do_shortcode_tag(Array)
#11 E:\xampp\htdocs\paczka\wp-includes\shortcodes.php(273): preg_replace_callback('/\\[(\\[?)(select...', 'do_shortcode_ta...', '[tmpmela_tab_ho...')
#12 E:\xampp\htdocs\paczka\wp-content\plugins\codezeel-shortcodes\shortcodes\codezeel-shortcodes.php(1134): do_shortcode('[tmpmela_tab_ho...')
#13 E:\xampp\htdocs\paczka\wp-includes\shortcodes.php(433): shortcode_product_tabs('', '[tmpmela_tab_ho...', 'tmpmela_product...')
#14 [internal function]: do_shortcode_tag(Array)
#15 E:\xampp\htdocs\paczka\wp-includes\shortcodes.php(273): preg_replace_callback('/\\[(\\[?)(select...', 'do_shortcode_ta...', '[title title="N...')
#16 E:\xampp\htdocs\paczka\wp-content\plugins\js_composer\include\helpers\helpers.php(247): do_shortcode('[title title="N...')
#17 E:\xampp\htdocs\paczka\wp-content\plugins\js_composer\include\templates\shortcodes\vc_column.php(94): wpb_js_remove_wpautop('[title title="N...')
#18 E:\xampp\htdocs\paczka\wp-content\plugins\js_composer\include\classes\shortcodes\core\class-wpbakeryshortcode.php(451): require('E:\\xampp\\htdocs...')
#19 E:\xampp\htdocs\paczka\wp-content\plugins\js_composer\include\classes\shortcodes\core\class-wpbakeryshortcode.php(424): WPBakeryShortCode->loadTemplate(Array, '[title title="N...')
#20 E:\xampp\htdocs\paczka\wp-content\plugins\js_composer\include\classes\shortcodes\core\class-wpbakeryshortcode.php(546): WPBakeryShortCode->content(Array, '[title title="N...')
#21 E:\xampp\htdocs\paczka\wp-content\plugins\js_composer\include\helpers\helpers.php(1324): WPBakeryShortCode->output('', '[title title="N...')
#22 E:\xampp\htdocs\paczka\wp-includes\shortcodes.php(433): vc_do_shortcode('', '[title title="N...', 'vc_column')
#23 [internal function]: do_shortcode_tag(Array)
#24 E:\xampp\htdocs\paczka\wp-includes\shortcodes.php(273): preg_replace_callback('/\\[(\\[?)(select...', 'do_shortcode_ta...', '[vc_column][tit...')
#25 E:\xampp\htdocs\paczka\wp-content\plugins\js_composer\include\helpers\helpers.php(247): do_shortcode('[vc_column][tit...')
#26 E:\xampp\htdocs\paczka\wp-content\plugins\js_composer\include\templates\shortcodes\vc_row.php(156): wpb_js_remove_wpautop('[vc_column][tit...')
#27 E:\xampp\htdocs\paczka\wp-content\plugins\js_composer\include\classes\shortcodes\core\class-wpbakeryshortcode.php(451): require('E:\\xampp\\htdocs...')
#28 E:\xampp\htdocs\paczka\wp-content\plugins\js_composer\include\classes\shortcodes\vc-row.php(40): WPBakeryShortCode->loadTemplate(Array, '[vc_column][tit...')
#29 E:\xampp\htdocs\paczka\wp-content\plugins\js_composer\include\classes\shortcodes\core\class-wpbakeryshortcode.php(546): WPBakeryShortCode_Vc_Row->content(Array, '[vc_column][tit...')
#30 E:\xampp\htdocs\paczka\wp-content\plugins\js_composer\include\helpers\helpers.php(1324): WPBakeryShortCode->output(Array, '[vc_column][tit...')
#31 E:\xampp\htdocs\paczka\wp-includes\shortcodes.php(433): vc_do_shortcode(Array, '[vc_column][tit...', 'vc_row')
#32 [internal function]: do_shortcode_tag(Array)
#33 E:\xampp\htdocs\paczka\wp-includes\shortcodes.php(273): preg_replace_callback('/\\[(\\[?)(recomm...', 'do_shortcode_ta...', '<p>[vc_row el_c...')
#34 E:\xampp\htdocs\paczka\wp-includes\class-wp-hook.php(324): do_shortcode('<p>[vc_row el_c...')
#35 E:\xampp\htdocs\paczka\wp-includes\plugin.php(205): WP_Hook->apply_filters('<p>[vc_row el_c...', Array)
#36 E:\xampp\htdocs\paczka\wp-includes\post-template.php(256): apply_filters('the_content', '[vc_row el_clas...')
#37 E:\xampp\htdocs\paczka\wp-content\themes\burge\content-page.php(16): the_content()
#38 E:\xampp\htdocs\paczka\wp-includes\template.php(792): require('E:\\xampp\\htdocs...')
#39 E:\xampp\htdocs\paczka\wp-includes\template.php(725): load_template('E:\\xampp\\htdocs...', false, Array)
#40 E:\xampp\htdocs\paczka\wp-includes\general-template.php(206): locate_template(Array, true, false, Array)
#41 E:\xampp\htdocs\paczka\wp-content\themes\burge\page-templates\home.php(47): get_template_part('content', 'page')
#42 E:\xampp\htdocs\paczka\wp-includes\template-loader.php(106): include('E:\\xampp\\htdocs...')
#43 E:\xampp\htdocs\paczka\wp-blog-header.php(19): require_once('E:\\xampp\\htdocs...')
#44 E:\xampp\htdocs\paczka\index.php(17): require('E:\\xampp\\htdocs...')
#45 {main}
  thrown in E:\xampp\htdocs\paczka\wp-content\plugins\page-management\woo\custom_field.php on line 173

2024-02-28T14:52:56+00:00 CRITICAL Uncaught TypeError: call_user_func_array(): Argument #1 ($callback) must be a valid callback, class My_woo does not have a method "my_module_add_vc_shortcode" in E:\xampp\htdocs\paczka\wp-includes\class-wp-hook.php:324
Stack trace:
#0 E:\xampp\htdocs\paczka\wp-includes\class-wp-hook.php(348): WP_Hook->apply_filters(NULL, Array)
#1 E:\xampp\htdocs\paczka\wp-includes\plugin.php(517): WP_Hook->do_action(Array)
#2 E:\xampp\htdocs\paczka\wp-content\plugins\js_composer\include\classes\core\class-vc-manager.php(219): do_action('vc_before_init')
#3 E:\xampp\htdocs\paczka\wp-includes\class-wp-hook.php(324): Vc_Manager->init('')
#4 E:\xampp\htdocs\paczka\wp-includes\class-wp-hook.php(348): WP_Hook->apply_filters(NULL, Array)
#5 E:\xampp\htdocs\paczka\wp-includes\plugin.php(517): WP_Hook->do_action(Array)
#6 E:\xampp\htdocs\paczka\wp-settings.php(643): do_action('init')
#7 E:\xampp\htdocs\paczka\wp-config.php(98): require_once('E:\\xampp\\htdocs...')
#8 E:\xampp\htdocs\paczka\wp-load.php(50): require_once('E:\\xampp\\htdocs...')
#9 E:\xampp\htdocs\paczka\wp-admin\admin-ajax.php(22): require_once('E:\\xampp\\htdocs...')
#10 {main}
  thrown in E:\xampp\htdocs\paczka\wp-includes\class-wp-hook.php on line 324

2024-02-28T14:53:22+00:00 CRITICAL Uncaught TypeError: call_user_func_array(): Argument #1 ($callback) must be a valid callback, class My_woo does not have a method "my_module_add_vc_shortcode" in E:\xampp\htdocs\paczka\wp-includes\class-wp-hook.php:324
Stack trace:
#0 E:\xampp\htdocs\paczka\wp-includes\class-wp-hook.php(348): WP_Hook->apply_filters(NULL, Array)
#1 E:\xampp\htdocs\paczka\wp-includes\plugin.php(517): WP_Hook->do_action(Array)
#2 E:\xampp\htdocs\paczka\wp-content\plugins\js_composer\include\classes\core\class-vc-manager.php(219): do_action('vc_before_init')
#3 E:\xampp\htdocs\paczka\wp-includes\class-wp-hook.php(324): Vc_Manager->init('')
#4 E:\xampp\htdocs\paczka\wp-includes\class-wp-hook.php(348): WP_Hook->apply_filters(NULL, Array)
#5 E:\xampp\htdocs\paczka\wp-includes\plugin.php(517): WP_Hook->do_action(Array)
#6 E:\xampp\htdocs\paczka\wp-settings.php(643): do_action('init')
#7 E:\xampp\htdocs\paczka\wp-config.php(98): require_once('E:\\xampp\\htdocs...')
#8 E:\xampp\htdocs\paczka\wp-load.php(50): require_once('E:\\xampp\\htdocs...')
#9 E:\xampp\htdocs\paczka\wp-admin\admin-ajax.php(22): require_once('E:\\xampp\\htdocs...')
#10 {main}
  thrown in E:\xampp\htdocs\paczka\wp-includes\class-wp-hook.php on line 324

2024-02-28T15:03:27+00:00 CRITICAL Uncaught TypeError: Cannot access offset of type string on string in E:\xampp\htdocs\paczka\wp-content\plugins\page-management\woo\custom_field.php:51
Stack trace:
#0 E:\xampp\htdocs\paczka\wp-includes\class-wp-hook.php(324): My_woo->category_button_add_grid_shortcodes('')
#1 E:\xampp\htdocs\paczka\wp-includes\class-wp-hook.php(348): WP_Hook->apply_filters(NULL, Array)
#2 E:\xampp\htdocs\paczka\wp-includes\plugin.php(517): WP_Hook->do_action(Array)
#3 E:\xampp\htdocs\paczka\wp-content\plugins\js_composer\include\classes\core\class-vc-manager.php(219): do_action('vc_before_init')
#4 E:\xampp\htdocs\paczka\wp-includes\class-wp-hook.php(324): Vc_Manager->init('')
#5 E:\xampp\htdocs\paczka\wp-includes\class-wp-hook.php(348): WP_Hook->apply_filters(NULL, Array)
#6 E:\xampp\htdocs\paczka\wp-includes\plugin.php(517): WP_Hook->do_action(Array)
#7 E:\xampp\htdocs\paczka\wp-settings.php(643): do_action('init')
#8 E:\xampp\htdocs\paczka\wp-config.php(98): require_once('E:\\xampp\\htdocs...')
#9 E:\xampp\htdocs\paczka\wp-load.php(50): require_once('E:\\xampp\\htdocs...')
#10 E:\xampp\htdocs\paczka\wp-admin\admin-ajax.php(22): require_once('E:\\xampp\\htdocs...')
#11 {main}
  thrown in E:\xampp\htdocs\paczka\wp-content\plugins\page-management\woo\custom_field.php on line 51

2024-02-28T15:03:27+00:00 CRITICAL Uncaught TypeError: Cannot access offset of type string on string in E:\xampp\htdocs\paczka\wp-content\plugins\page-management\woo\custom_field.php:51
Stack trace:
#0 E:\xampp\htdocs\paczka\wp-includes\class-wp-hook.php(324): My_woo->category_button_add_grid_shortcodes('')
#1 E:\xampp\htdocs\paczka\wp-includes\class-wp-hook.php(348): WP_Hook->apply_filters(NULL, Array)
#2 E:\xampp\htdocs\paczka\wp-includes\plugin.php(517): WP_Hook->do_action(Array)
#3 E:\xampp\htdocs\paczka\wp-content\plugins\js_composer\include\classes\core\class-vc-manager.php(219): do_action('vc_before_init')
#4 E:\xampp\htdocs\paczka\wp-includes\class-wp-hook.php(324): Vc_Manager->init('')
#5 E:\xampp\htdocs\paczka\wp-includes\class-wp-hook.php(348): WP_Hook->apply_filters(NULL, Array)
#6 E:\xampp\htdocs\paczka\wp-includes\plugin.php(517): WP_Hook->do_action(Array)
#7 E:\xampp\htdocs\paczka\wp-settings.php(643): do_action('init')
#8 E:\xampp\htdocs\paczka\wp-config.php(98): require_once('E:\\xampp\\htdocs...')
#9 E:\xampp\htdocs\paczka\wp-load.php(50): require_once('E:\\xampp\\htdocs...')
#10 E:\xampp\htdocs\paczka\wp-admin\admin-ajax.php(22): require_once('E:\\xampp\\htdocs...')
#11 {main}
  thrown in E:\xampp\htdocs\paczka\wp-content\plugins\page-management\woo\custom_field.php on line 51

2024-02-28T15:03:29+00:00 CRITICAL Uncaught TypeError: Cannot access offset of type string on string in E:\xampp\htdocs\paczka\wp-content\plugins\page-management\woo\custom_field.php:51
Stack trace:
#0 E:\xampp\htdocs\paczka\wp-includes\class-wp-hook.php(324): My_woo->category_button_add_grid_shortcodes('')
#1 E:\xampp\htdocs\paczka\wp-includes\class-wp-hook.php(348): WP_Hook->apply_filters(NULL, Array)
#2 E:\xampp\htdocs\paczka\wp-includes\plugin.php(517): WP_Hook->do_action(Array)
#3 E:\xampp\htdocs\paczka\wp-content\plugins\js_composer\include\classes\core\class-vc-manager.php(219): do_action('vc_before_init')
#4 E:\xampp\htdocs\paczka\wp-includes\class-wp-hook.php(324): Vc_Manager->init('')
#5 E:\xampp\htdocs\paczka\wp-includes\class-wp-hook.php(348): WP_Hook->apply_filters(NULL, Array)
#6 E:\xampp\htdocs\paczka\wp-includes\plugin.php(517): WP_Hook->do_action(Array)
#7 E:\xampp\htdocs\paczka\wp-settings.php(643): do_action('init')
#8 E:\xampp\htdocs\paczka\wp-config.php(98): require_once('E:\\xampp\\htdocs...')
#9 E:\xampp\htdocs\paczka\wp-load.php(50): require_once('E:\\xampp\\htdocs...')
#10 E:\xampp\htdocs\paczka\wp-admin\admin-ajax.php(22): require_once('E:\\xampp\\htdocs...')
#11 {main}
  thrown in E:\xampp\htdocs\paczka\wp-content\plugins\page-management\woo\custom_field.php on line 51

2024-02-28T15:03:33+00:00 CRITICAL Uncaught TypeError: Cannot access offset of type string on string in E:\xampp\htdocs\paczka\wp-content\plugins\page-management\woo\custom_field.php:51
Stack trace:
#0 E:\xampp\htdocs\paczka\wp-includes\class-wp-hook.php(324): My_woo->category_button_add_grid_shortcodes('')
#1 E:\xampp\htdocs\paczka\wp-includes\class-wp-hook.php(348): WP_Hook->apply_filters(NULL, Array)
#2 E:\xampp\htdocs\paczka\wp-includes\plugin.php(517): WP_Hook->do_action(Array)
#3 E:\xampp\htdocs\paczka\wp-content\plugins\js_composer\include\classes\core\class-vc-manager.php(219): do_action('vc_before_init')
#4 E:\xampp\htdocs\paczka\wp-includes\class-wp-hook.php(324): Vc_Manager->init('')
#5 E:\xampp\htdocs\paczka\wp-includes\class-wp-hook.php(348): WP_Hook->apply_filters(NULL, Array)
#6 E:\xampp\htdocs\paczka\wp-includes\plugin.php(517): WP_Hook->do_action(Array)
#7 E:\xampp\htdocs\paczka\wp-settings.php(643): do_action('init')
#8 E:\xampp\htdocs\paczka\wp-config.php(98): require_once('E:\\xampp\\htdocs...')
#9 E:\xampp\htdocs\paczka\wp-load.php(50): require_once('E:\\xampp\\htdocs...')
#10 E:\xampp\htdocs\paczka\wp-admin\admin-ajax.php(22): require_once('E:\\xampp\\htdocs...')
#11 {main}
  thrown in E:\xampp\htdocs\paczka\wp-content\plugins\page-management\woo\custom_field.php on line 51

2024-02-28T15:04:36+00:00 CRITICAL Uncaught TypeError: Cannot access offset of type string on string in E:\xampp\htdocs\paczka\wp-content\plugins\page-management\woo\custom_field.php:52
Stack trace:
#0 E:\xampp\htdocs\paczka\wp-includes\class-wp-hook.php(324): My_woo->category_button_add_grid_shortcodes('')
#1 E:\xampp\htdocs\paczka\wp-includes\class-wp-hook.php(348): WP_Hook->apply_filters(NULL, Array)
#2 E:\xampp\htdocs\paczka\wp-includes\plugin.php(517): WP_Hook->do_action(Array)
#3 E:\xampp\htdocs\paczka\wp-content\plugins\js_composer\include\classes\core\class-vc-manager.php(219): do_action('vc_before_init')
#4 E:\xampp\htdocs\paczka\wp-includes\class-wp-hook.php(324): Vc_Manager->init('')
#5 E:\xampp\htdocs\paczka\wp-includes\class-wp-hook.php(348): WP_Hook->apply_filters(NULL, Array)
#6 E:\xampp\htdocs\paczka\wp-includes\plugin.php(517): WP_Hook->do_action(Array)
#7 E:\xampp\htdocs\paczka\wp-settings.php(643): do_action('init')
#8 E:\xampp\htdocs\paczka\wp-config.php(98): require_once('E:\\xampp\\htdocs...')
#9 E:\xampp\htdocs\paczka\wp-load.php(50): require_once('E:\\xampp\\htdocs...')
#10 E:\xampp\htdocs\paczka\wp-admin\admin-ajax.php(22): require_once('E:\\xampp\\htdocs...')
#11 {main}
  thrown in E:\xampp\htdocs\paczka\wp-content\plugins\page-management\woo\custom_field.php on line 52

2024-02-28T15:04:37+00:00 CRITICAL Uncaught TypeError: Cannot access offset of type string on string in E:\xampp\htdocs\paczka\wp-content\plugins\page-management\woo\custom_field.php:52
Stack trace:
#0 E:\xampp\htdocs\paczka\wp-includes\class-wp-hook.php(324): My_woo->category_button_add_grid_shortcodes('')
#1 E:\xampp\htdocs\paczka\wp-includes\class-wp-hook.php(348): WP_Hook->apply_filters(NULL, Array)
#2 E:\xampp\htdocs\paczka\wp-includes\plugin.php(517): WP_Hook->do_action(Array)
#3 E:\xampp\htdocs\paczka\wp-content\plugins\js_composer\include\classes\core\class-vc-manager.php(219): do_action('vc_before_init')
#4 E:\xampp\htdocs\paczka\wp-includes\class-wp-hook.php(324): Vc_Manager->init('')
#5 E:\xampp\htdocs\paczka\wp-includes\class-wp-hook.php(348): WP_Hook->apply_filters(NULL, Array)
#6 E:\xampp\htdocs\paczka\wp-includes\plugin.php(517): WP_Hook->do_action(Array)
#7 E:\xampp\htdocs\paczka\wp-settings.php(643): do_action('init')
#8 E:\xampp\htdocs\paczka\wp-config.php(98): require_once('E:\\xampp\\htdocs...')
#9 E:\xampp\htdocs\paczka\wp-load.php(50): require_once('E:\\xampp\\htdocs...')
#10 E:\xampp\htdocs\paczka\wp-admin\admin-ajax.php(22): require_once('E:\\xampp\\htdocs...')
#11 {main}
  thrown in E:\xampp\htdocs\paczka\wp-content\plugins\page-management\woo\custom_field.php on line 52

2024-02-28T15:04:38+00:00 CRITICAL Uncaught TypeError: Cannot access offset of type string on string in E:\xampp\htdocs\paczka\wp-content\plugins\page-management\woo\custom_field.php:52
Stack trace:
#0 E:\xampp\htdocs\paczka\wp-includes\class-wp-hook.php(324): My_woo->category_button_add_grid_shortcodes('')
#1 E:\xampp\htdocs\paczka\wp-includes\class-wp-hook.php(348): WP_Hook->apply_filters(NULL, Array)
#2 E:\xampp\htdocs\paczka\wp-includes\plugin.php(517): WP_Hook->do_action(Array)
#3 E:\xampp\htdocs\paczka\wp-content\plugins\js_composer\include\classes\core\class-vc-manager.php(219): do_action('vc_before_init')
#4 E:\xampp\htdocs\paczka\wp-includes\class-wp-hook.php(324): Vc_Manager->init('')
#5 E:\xampp\htdocs\paczka\wp-includes\class-wp-hook.php(348): WP_Hook->apply_filters(NULL, Array)
#6 E:\xampp\htdocs\paczka\wp-includes\plugin.php(517): WP_Hook->do_action(Array)
#7 E:\xampp\htdocs\paczka\wp-settings.php(643): do_action('init')
#8 E:\xampp\htdocs\paczka\wp-config.php(98): require_once('E:\\xampp\\htdocs...')
#9 E:\xampp\htdocs\paczka\wp-load.php(50): require_once('E:\\xampp\\htdocs...')
#10 E:\xampp\htdocs\paczka\wp-admin\admin.php(34): require_once('E:\\xampp\\htdocs...')
#11 E:\xampp\htdocs\paczka\wp-admin\post.php(12): require_once('E:\\xampp\\htdocs...')
#12 {main}
  thrown in E:\xampp\htdocs\paczka\wp-content\plugins\page-management\woo\custom_field.php on line 52

2024-02-28T15:04:39+00:00 CRITICAL Uncaught TypeError: Cannot access offset of type string on string in E:\xampp\htdocs\paczka\wp-content\plugins\page-management\woo\custom_field.php:52
Stack trace:
#0 E:\xampp\htdocs\paczka\wp-includes\class-wp-hook.php(324): My_woo->category_button_add_grid_shortcodes('')
#1 E:\xampp\htdocs\paczka\wp-includes\class-wp-hook.php(348): WP_Hook->apply_filters(NULL, Array)
#2 E:\xampp\htdocs\paczka\wp-includes\plugin.php(517): WP_Hook->do_action(Array)
#3 E:\xampp\htdocs\paczka\wp-content\plugins\js_composer\include\classes\core\class-vc-manager.php(219): do_action('vc_before_init')
#4 E:\xampp\htdocs\paczka\wp-includes\class-wp-hook.php(324): Vc_Manager->init('')
#5 E:\xampp\htdocs\paczka\wp-includes\class-wp-hook.php(348): WP_Hook->apply_filters(NULL, Array)
#6 E:\xampp\htdocs\paczka\wp-includes\plugin.php(517): WP_Hook->do_action(Array)
#7 E:\xampp\htdocs\paczka\wp-settings.php(643): do_action('init')
#8 E:\xampp\htdocs\paczka\wp-config.php(98): require_once('E:\\xampp\\htdocs...')
#9 E:\xampp\htdocs\paczka\wp-load.php(50): require_once('E:\\xampp\\htdocs...')
#10 E:\xampp\htdocs\paczka\wp-admin\admin-ajax.php(22): require_once('E:\\xampp\\htdocs...')
#11 {main}
  thrown in E:\xampp\htdocs\paczka\wp-content\plugins\page-management\woo\custom_field.php on line 52

2024-02-28T15:04:40+00:00 CRITICAL Uncaught TypeError: Cannot access offset of type string on string in E:\xampp\htdocs\paczka\wp-content\plugins\page-management\woo\custom_field.php:52
Stack trace:
#0 E:\xampp\htdocs\paczka\wp-includes\class-wp-hook.php(324): My_woo->category_button_add_grid_shortcodes('')
#1 E:\xampp\htdocs\paczka\wp-includes\class-wp-hook.php(348): WP_Hook->apply_filters(NULL, Array)
#2 E:\xampp\htdocs\paczka\wp-includes\plugin.php(517): WP_Hook->do_action(Array)
#3 E:\xampp\htdocs\paczka\wp-content\plugins\js_composer\include\classes\core\class-vc-manager.php(219): do_action('vc_before_init')
#4 E:\xampp\htdocs\paczka\wp-includes\class-wp-hook.php(324): Vc_Manager->init('')
#5 E:\xampp\htdocs\paczka\wp-includes\class-wp-hook.php(348): WP_Hook->apply_filters(NULL, Array)
#6 E:\xampp\htdocs\paczka\wp-includes\plugin.php(517): WP_Hook->do_action(Array)
#7 E:\xampp\htdocs\paczka\wp-settings.php(643): do_action('init')
#8 E:\xampp\htdocs\paczka\wp-config.php(98): require_once('E:\\xampp\\htdocs...')
#9 E:\xampp\htdocs\paczka\wp-load.php(50): require_once('E:\\xampp\\htdocs...')
#10 E:\xampp\htdocs\paczka\wp-admin\admin-ajax.php(22): require_once('E:\\xampp\\htdocs...')
#11 {main}
  thrown in E:\xampp\htdocs\paczka\wp-content\plugins\page-management\woo\custom_field.php on line 52

2024-02-28T15:05:11+00:00 CRITICAL Uncaught TypeError: Cannot access offset of type string on string in E:\xampp\htdocs\paczka\wp-content\plugins\page-management\woo\custom_field.php:52
Stack trace:
#0 E:\xampp\htdocs\paczka\wp-includes\class-wp-hook.php(324): My_woo->category_button_add_grid_shortcodes('')
#1 E:\xampp\htdocs\paczka\wp-includes\class-wp-hook.php(348): WP_Hook->apply_filters(NULL, Array)
#2 E:\xampp\htdocs\paczka\wp-includes\plugin.php(517): WP_Hook->do_action(Array)
#3 E:\xampp\htdocs\paczka\wp-content\plugins\js_composer\include\classes\core\class-vc-manager.php(219): do_action('vc_before_init')
#4 E:\xampp\htdocs\paczka\wp-includes\class-wp-hook.php(324): Vc_Manager->init('')
#5 E:\xampp\htdocs\paczka\wp-includes\class-wp-hook.php(348): WP_Hook->apply_filters(NULL, Array)
#6 E:\xampp\htdocs\paczka\wp-includes\plugin.php(517): WP_Hook->do_action(Array)
#7 E:\xampp\htdocs\paczka\wp-settings.php(643): do_action('init')
#8 E:\xampp\htdocs\paczka\wp-config.php(98): require_once('E:\\xampp\\htdocs...')
#9 E:\xampp\htdocs\paczka\wp-load.php(50): require_once('E:\\xampp\\htdocs...')
#10 E:\xampp\htdocs\paczka\wp-admin\admin-ajax.php(22): require_once('E:\\xampp\\htdocs...')
#11 {main}
  thrown in E:\xampp\htdocs\paczka\wp-content\plugins\page-management\woo\custom_field.php on line 52

2024-02-28T15:07:13+00:00 CRITICAL Uncaught TypeError: Cannot access offset of type string on string in E:\xampp\htdocs\paczka\wp-content\plugins\page-management\woo\custom_field.php:52
Stack trace:
#0 E:\xampp\htdocs\paczka\wp-includes\class-wp-hook.php(324): My_woo->category_button_add_grid_shortcodes('')
#1 E:\xampp\htdocs\paczka\wp-includes\class-wp-hook.php(348): WP_Hook->apply_filters(NULL, Array)
#2 E:\xampp\htdocs\paczka\wp-includes\plugin.php(517): WP_Hook->do_action(Array)
#3 E:\xampp\htdocs\paczka\wp-content\plugins\js_composer\include\classes\core\class-vc-manager.php(219): do_action('vc_before_init')
#4 E:\xampp\htdocs\paczka\wp-includes\class-wp-hook.php(324): Vc_Manager->init('')
#5 E:\xampp\htdocs\paczka\wp-includes\class-wp-hook.php(348): WP_Hook->apply_filters(NULL, Array)
#6 E:\xampp\htdocs\paczka\wp-includes\plugin.php(517): WP_Hook->do_action(Array)
#7 E:\xampp\htdocs\paczka\wp-settings.php(643): do_action('init')
#8 E:\xampp\htdocs\paczka\wp-config.php(98): require_once('E:\\xampp\\htdocs...')
#9 E:\xampp\htdocs\paczka\wp-load.php(50): require_once('E:\\xampp\\htdocs...')
#10 E:\xampp\htdocs\paczka\wp-admin\admin-ajax.php(22): require_once('E:\\xampp\\htdocs...')
#11 {main}
  thrown in E:\xampp\htdocs\paczka\wp-content\plugins\page-management\woo\custom_field.php on line 52

2024-02-28T15:07:14+00:00 CRITICAL Uncaught TypeError: Cannot access offset of type string on string in E:\xampp\htdocs\paczka\wp-content\plugins\page-management\woo\custom_field.php:52
Stack trace:
#0 E:\xampp\htdocs\paczka\wp-includes\class-wp-hook.php(324): My_woo->category_button_add_grid_shortcodes('')
#1 E:\xampp\htdocs\paczka\wp-includes\class-wp-hook.php(348): WP_Hook->apply_filters(NULL, Array)
#2 E:\xampp\htdocs\paczka\wp-includes\plugin.php(517): WP_Hook->do_action(Array)
#3 E:\xampp\htdocs\paczka\wp-content\plugins\js_composer\include\classes\core\class-vc-manager.php(219): do_action('vc_before_init')
#4 E:\xampp\htdocs\paczka\wp-includes\class-wp-hook.php(324): Vc_Manager->init('')
#5 E:\xampp\htdocs\paczka\wp-includes\class-wp-hook.php(348): WP_Hook->apply_filters(NULL, Array)
#6 E:\xampp\htdocs\paczka\wp-includes\plugin.php(517): WP_Hook->do_action(Array)
#7 E:\xampp\htdocs\paczka\wp-settings.php(643): do_action('init')
#8 E:\xampp\htdocs\paczka\wp-config.php(98): require_once('E:\\xampp\\htdocs...')
#9 E:\xampp\htdocs\paczka\wp-load.php(50): require_once('E:\\xampp\\htdocs...')
#10 E:\xampp\htdocs\paczka\wp-admin\admin-ajax.php(22): require_once('E:\\xampp\\htdocs...')
#11 {main}
  thrown in E:\xampp\htdocs\paczka\wp-content\plugins\page-management\woo\custom_field.php on line 52

2024-02-28T15:07:48+00:00 CRITICAL Uncaught TypeError: call_user_func_array(): Argument #1 ($callback) must be a valid callback, class My_woo does not have a method "category_button_add_grid_shortcodes" in E:\xampp\htdocs\paczka\wp-includes\class-wp-hook.php:324
Stack trace:
#0 E:\xampp\htdocs\paczka\wp-includes\class-wp-hook.php(348): WP_Hook->apply_filters(NULL, Array)
#1 E:\xampp\htdocs\paczka\wp-includes\plugin.php(517): WP_Hook->do_action(Array)
#2 E:\xampp\htdocs\paczka\wp-content\plugins\js_composer\include\classes\core\class-vc-manager.php(219): do_action('vc_before_init')
#3 E:\xampp\htdocs\paczka\wp-includes\class-wp-hook.php(324): Vc_Manager->init('')
#4 E:\xampp\htdocs\paczka\wp-includes\class-wp-hook.php(348): WP_Hook->apply_filters(NULL, Array)
#5 E:\xampp\htdocs\paczka\wp-includes\plugin.php(517): WP_Hook->do_action(Array)
#6 E:\xampp\htdocs\paczka\wp-settings.php(643): do_action('init')
#7 E:\xampp\htdocs\paczka\wp-config.php(98): require_once('E:\\xampp\\htdocs...')
#8 E:\xampp\htdocs\paczka\wp-load.php(50): require_once('E:\\xampp\\htdocs...')
#9 E:\xampp\htdocs\paczka\wp-admin\admin.php(34): require_once('E:\\xampp\\htdocs...')
#10 E:\xampp\htdocs\paczka\wp-admin\post.php(12): require_once('E:\\xampp\\htdocs...')
#11 {main}
  thrown in E:\xampp\htdocs\paczka\wp-includes\class-wp-hook.php on line 324

2024-02-28T15:09:26+00:00 CRITICAL Uncaught Error: Class "Vc_Grid_Item_Editor" not found in E:\xampp\htdocs\paczka\wp-content\plugins\page-management\woo\custom_field.php:33
Stack trace:
#0 E:\xampp\htdocs\paczka\wp-includes\class-wp-hook.php(324): My_woo->button_recommended_this_week_add_vc_shortcode('')
#1 E:\xampp\htdocs\paczka\wp-includes\class-wp-hook.php(348): WP_Hook->apply_filters('<div class="but...', Array)
#2 E:\xampp\htdocs\paczka\wp-includes\plugin.php(517): WP_Hook->do_action(Array)
#3 E:\xampp\htdocs\paczka\wp-content\plugins\js_composer\include\classes\core\class-vc-manager.php(219): do_action('vc_before_init')
#4 E:\xampp\htdocs\paczka\wp-includes\class-wp-hook.php(324): Vc_Manager->init('')
#5 E:\xampp\htdocs\paczka\wp-includes\class-wp-hook.php(348): WP_Hook->apply_filters(NULL, Array)
#6 E:\xampp\htdocs\paczka\wp-includes\plugin.php(517): WP_Hook->do_action(Array)
#7 E:\xampp\htdocs\paczka\wp-settings.php(643): do_action('init')
#8 E:\xampp\htdocs\paczka\wp-config.php(98): require_once('E:\\xampp\\htdocs...')
#9 E:\xampp\htdocs\paczka\wp-load.php(50): require_once('E:\\xampp\\htdocs...')
#10 E:\xampp\htdocs\paczka\wp-cron.php(46): require_once('E:\\xampp\\htdocs...')
#11 {main}
  thrown in E:\xampp\htdocs\paczka\wp-content\plugins\page-management\woo\custom_field.php on line 33

2024-02-28T15:10:01+00:00 CRITICAL Uncaught TypeError: Cannot access offset of type string on string in E:\xampp\htdocs\paczka\wp-content\plugins\page-management\woo\custom_field.php:52
Stack trace:
#0 E:\xampp\htdocs\paczka\wp-includes\shortcodes.php(433): My_woo->category_button('', '', 'category_button')
#1 [internal function]: do_shortcode_tag(Array)
#2 E:\xampp\htdocs\paczka\wp-includes\shortcodes.php(273): preg_replace_callback('/\\[(\\[?)(select...', 'do_shortcode_ta...', '[category_butto...')
#3 E:\xampp\htdocs\paczka\wp-content\plugins\js_composer\include\helpers\helpers.php(247): do_shortcode('[category_butto...')
#4 E:\xampp\htdocs\paczka\wp-content\plugins\js_composer\include\templates\shortcodes\vc_column.php(94): wpb_js_remove_wpautop('[category_butto...')
#5 E:\xampp\htdocs\paczka\wp-content\plugins\js_composer\include\classes\shortcodes\core\class-wpbakeryshortcode.php(451): require('E:\\xampp\\htdocs...')
#6 E:\xampp\htdocs\paczka\wp-content\plugins\js_composer\include\classes\shortcodes\core\class-wpbakeryshortcode.php(424): WPBakeryShortCode->loadTemplate(Array, '[category_butto...')
#7 E:\xampp\htdocs\paczka\wp-content\plugins\js_composer\include\classes\shortcodes\core\class-wpbakeryshortcode.php(546): WPBakeryShortCode->content(Array, '[category_butto...')
#8 E:\xampp\htdocs\paczka\wp-content\plugins\js_composer\include\helpers\helpers.php(1324): WPBakeryShortCode->output('', '[category_butto...')
#9 E:\xampp\htdocs\paczka\wp-includes\shortcodes.php(433): vc_do_shortcode('', '[category_butto...', 'vc_column')
#10 [internal function]: do_shortcode_tag(Array)
#11 E:\xampp\htdocs\paczka\wp-includes\shortcodes.php(273): preg_replace_callback('/\\[(\\[?)(select...', 'do_shortcode_ta...', '[vc_column][cat...')
#12 E:\xampp\htdocs\paczka\wp-content\plugins\js_composer\include\helpers\helpers.php(247): do_shortcode('[vc_column][cat...')
#13 E:\xampp\htdocs\paczka\wp-content\plugins\js_composer\include\templates\shortcodes\vc_row.php(156): wpb_js_remove_wpautop('[vc_column][cat...')
#14 E:\xampp\htdocs\paczka\wp-content\plugins\js_composer\include\classes\shortcodes\core\class-wpbakeryshortcode.php(451): require('E:\\xampp\\htdocs...')
#15 E:\xampp\htdocs\paczka\wp-content\plugins\js_composer\include\classes\shortcodes\vc-row.php(40): WPBakeryShortCode->loadTemplate(Array, '[vc_column][cat...')
#16 E:\xampp\htdocs\paczka\wp-content\plugins\js_composer\include\classes\shortcodes\core\class-wpbakeryshortcode.php(546): WPBakeryShortCode_Vc_Row->content(Array, '[vc_column][cat...')
#17 E:\xampp\htdocs\paczka\wp-content\plugins\js_composer\include\helpers\helpers.php(1324): WPBakeryShortCode->output(Array, '[vc_column][cat...')
#18 E:\xampp\htdocs\paczka\wp-includes\shortcodes.php(433): vc_do_shortcode(Array, '[vc_column][cat...', 'vc_row')
#19 [internal function]: do_shortcode_tag(Array)
#20 E:\xampp\htdocs\paczka\wp-includes\shortcodes.php(273): preg_replace_callback('/\\[(\\[?)(recomm...', 'do_shortcode_ta...', '<p>[vc_row el_c...')
#21 E:\xampp\htdocs\paczka\wp-includes\class-wp-hook.php(324): do_shortcode('<p>[vc_row el_c...')
#22 E:\xampp\htdocs\paczka\wp-includes\plugin.php(205): WP_Hook->apply_filters('<p>[vc_row el_c...', Array)
#23 E:\xampp\htdocs\paczka\wp-content\plugins\wordpress-seo\src\builders\indexable-link-builder.php(117): apply_filters('the_content', '[vc_row el_clas...')
#24 E:\xampp\htdocs\paczka\wp-content\plugins\wordpress-seo\src\integrations\watchers\indexable-post-watcher.php(209): Yoast\WP\SEO\Builders\Indexable_Link_Builder->build(Object(Yoast\WP\SEO\Models\Indexable), '[vc_row el_clas...')
#25 E:\xampp\htdocs\paczka\wp-includes\class-wp-hook.php(326): Yoast\WP\SEO\Integrations\Watchers\Indexable_Post_Watcher->build_indexable(212)
#26 E:\xampp\htdocs\paczka\wp-includes\class-wp-hook.php(348): WP_Hook->apply_filters(NULL, Array)
#27 E:\xampp\htdocs\paczka\wp-includes\plugin.php(517): WP_Hook->do_action(Array)
#28 E:\xampp\htdocs\paczka\wp-includes\post.php(4771): do_action('wp_insert_post', 212, Object(WP_Post), true)
#29 E:\xampp\htdocs\paczka\wp-includes\post.php(4862): wp_insert_post(Array, false, true)
#30 E:\xampp\htdocs\paczka\wp-admin\includes\post.php(453): wp_update_post(Array)
#31 E:\xampp\htdocs\paczka\wp-admin\post.php(227): edit_post()
#32 {main}
  thrown in E:\xampp\htdocs\paczka\wp-content\plugins\page-management\woo\custom_field.php on line 52

2024-02-28T15:10:35+00:00 CRITICAL Uncaught Error: Class "Vc_Grid_Item_Editor" not found in E:\xampp\htdocs\paczka\wp-content\plugins\page-management\woo\custom_field.php:33
Stack trace:
#0 E:\xampp\htdocs\paczka\wp-includes\class-wp-hook.php(324): My_woo->button_recommended_this_week_add_vc_shortcode('')
#1 E:\xampp\htdocs\paczka\wp-includes\class-wp-hook.php(348): WP_Hook->apply_filters('<div class="but...', Array)
#2 E:\xampp\htdocs\paczka\wp-includes\plugin.php(517): WP_Hook->do_action(Array)
#3 E:\xampp\htdocs\paczka\wp-content\plugins\js_composer\include\classes\core\class-vc-manager.php(219): do_action('vc_before_init')
#4 E:\xampp\htdocs\paczka\wp-includes\class-wp-hook.php(324): Vc_Manager->init('')
#5 E:\xampp\htdocs\paczka\wp-includes\class-wp-hook.php(348): WP_Hook->apply_filters(NULL, Array)
#6 E:\xampp\htdocs\paczka\wp-includes\plugin.php(517): WP_Hook->do_action(Array)
#7 E:\xampp\htdocs\paczka\wp-settings.php(643): do_action('init')
#8 E:\xampp\htdocs\paczka\wp-config.php(98): require_once('E:\\xampp\\htdocs...')
#9 E:\xampp\htdocs\paczka\wp-load.php(50): require_once('E:\\xampp\\htdocs...')
#10 E:\xampp\htdocs\paczka\wp-cron.php(46): require_once('E:\\xampp\\htdocs...')
#11 {main}
  thrown in E:\xampp\htdocs\paczka\wp-content\plugins\page-management\woo\custom_field.php on line 33

2024-02-28T15:11:36+00:00 CRITICAL Uncaught Error: Class "Vc_Grid_Item_Editor" not found in E:\xampp\htdocs\paczka\wp-content\plugins\page-management\woo\custom_field.php:33
Stack trace:
#0 E:\xampp\htdocs\paczka\wp-includes\class-wp-hook.php(324): My_woo->button_recommended_this_week_add_vc_shortcode('')
#1 E:\xampp\htdocs\paczka\wp-includes\class-wp-hook.php(348): WP_Hook->apply_filters('<div class="but...', Array)
#2 E:\xampp\htdocs\paczka\wp-includes\plugin.php(517): WP_Hook->do_action(Array)
#3 E:\xampp\htdocs\paczka\wp-content\plugins\js_composer\include\classes\core\class-vc-manager.php(219): do_action('vc_before_init')
#4 E:\xampp\htdocs\paczka\wp-includes\class-wp-hook.php(324): Vc_Manager->init('')
#5 E:\xampp\htdocs\paczka\wp-includes\class-wp-hook.php(348): WP_Hook->apply_filters(NULL, Array)
#6 E:\xampp\htdocs\paczka\wp-includes\plugin.php(517): WP_Hook->do_action(Array)
#7 E:\xampp\htdocs\paczka\wp-settings.php(643): do_action('init')
#8 E:\xampp\htdocs\paczka\wp-config.php(98): require_once('E:\\xampp\\htdocs...')
#9 E:\xampp\htdocs\paczka\wp-load.php(50): require_once('E:\\xampp\\htdocs...')
#10 E:\xampp\htdocs\paczka\wp-cron.php(46): require_once('E:\\xampp\\htdocs...')
#11 {main}
  thrown in E:\xampp\htdocs\paczka\wp-content\plugins\page-management\woo\custom_field.php on line 33

2024-02-28T15:12:47+00:00 CRITICAL Uncaught Error: Class "Vc_Grid_Item_Editor" not found in E:\xampp\htdocs\paczka\wp-content\plugins\page-management\woo\custom_field.php:33
Stack trace:
#0 E:\xampp\htdocs\paczka\wp-includes\class-wp-hook.php(324): My_woo->button_recommended_this_week_add_vc_shortcode('')
#1 E:\xampp\htdocs\paczka\wp-includes\class-wp-hook.php(348): WP_Hook->apply_filters('<div class="but...', Array)
#2 E:\xampp\htdocs\paczka\wp-includes\plugin.php(517): WP_Hook->do_action(Array)
#3 E:\xampp\htdocs\paczka\wp-content\plugins\js_composer\include\classes\core\class-vc-manager.php(219): do_action('vc_before_init')
#4 E:\xampp\htdocs\paczka\wp-includes\class-wp-hook.php(324): Vc_Manager->init('')
#5 E:\xampp\htdocs\paczka\wp-includes\class-wp-hook.php(348): WP_Hook->apply_filters(NULL, Array)
#6 E:\xampp\htdocs\paczka\wp-includes\plugin.php(517): WP_Hook->do_action(Array)
#7 E:\xampp\htdocs\paczka\wp-settings.php(643): do_action('init')
#8 E:\xampp\htdocs\paczka\wp-config.php(98): require_once('E:\\xampp\\htdocs...')
#9 E:\xampp\htdocs\paczka\wp-load.php(50): require_once('E:\\xampp\\htdocs...')
#10 E:\xampp\htdocs\paczka\wp-cron.php(46): require_once('E:\\xampp\\htdocs...')
#11 {main}
  thrown in E:\xampp\htdocs\paczka\wp-content\plugins\page-management\woo\custom_field.php on line 33

2024-02-28T15:12:51+00:00 CRITICAL Uncaught Error: Class "Vc_Grid_Item_Editor" not found in E:\xampp\htdocs\paczka\wp-content\plugins\page-management\woo\custom_field.php:33
Stack trace:
#0 E:\xampp\htdocs\paczka\wp-includes\class-wp-hook.php(324): My_woo->button_recommended_this_week_add_vc_shortcode('')
#1 E:\xampp\htdocs\paczka\wp-includes\class-wp-hook.php(348): WP_Hook->apply_filters('<div class="but...', Array)
#2 E:\xampp\htdocs\paczka\wp-includes\plugin.php(517): WP_Hook->do_action(Array)
#3 E:\xampp\htdocs\paczka\wp-content\plugins\js_composer\include\classes\core\class-vc-manager.php(219): do_action('vc_before_init')
#4 E:\xampp\htdocs\paczka\wp-includes\class-wp-hook.php(324): Vc_Manager->init('')
#5 E:\xampp\htdocs\paczka\wp-includes\class-wp-hook.php(348): WP_Hook->apply_filters(NULL, Array)
#6 E:\xampp\htdocs\paczka\wp-includes\plugin.php(517): WP_Hook->do_action(Array)
#7 E:\xampp\htdocs\paczka\wp-settings.php(643): do_action('init')
#8 E:\xampp\htdocs\paczka\wp-config.php(98): require_once('E:\\xampp\\htdocs...')
#9 E:\xampp\htdocs\paczka\wp-load.php(50): require_once('E:\\xampp\\htdocs...')
#10 E:\xampp\htdocs\paczka\wp-cron.php(46): require_once('E:\\xampp\\htdocs...')
#11 {main}
  thrown in E:\xampp\htdocs\paczka\wp-content\plugins\page-management\woo\custom_field.php on line 33

2024-02-28T15:13:12+00:00 CRITICAL Uncaught Error: Class "Vc_Grid_Item_Editor" not found in E:\xampp\htdocs\paczka\wp-content\plugins\page-management\woo\custom_field.php:33
Stack trace:
#0 E:\xampp\htdocs\paczka\wp-includes\class-wp-hook.php(324): My_woo->button_recommended_this_week_add_vc_shortcode('')
#1 E:\xampp\htdocs\paczka\wp-includes\class-wp-hook.php(348): WP_Hook->apply_filters('<div class="but...', Array)
#2 E:\xampp\htdocs\paczka\wp-includes\plugin.php(517): WP_Hook->do_action(Array)
#3 E:\xampp\htdocs\paczka\wp-content\plugins\js_composer\include\classes\core\class-vc-manager.php(219): do_action('vc_before_init')
#4 E:\xampp\htdocs\paczka\wp-includes\class-wp-hook.php(324): Vc_Manager->init('')
#5 E:\xampp\htdocs\paczka\wp-includes\class-wp-hook.php(348): WP_Hook->apply_filters(NULL, Array)
#6 E:\xampp\htdocs\paczka\wp-includes\plugin.php(517): WP_Hook->do_action(Array)
#7 E:\xampp\htdocs\paczka\wp-settings.php(643): do_action('init')
#8 E:\xampp\htdocs\paczka\wp-config.php(98): require_once('E:\\xampp\\htdocs...')
#9 E:\xampp\htdocs\paczka\wp-load.php(50): require_once('E:\\xampp\\htdocs...')
#10 E:\xampp\htdocs\paczka\wp-blog-header.php(13): require_once('E:\\xampp\\htdocs...')
#11 E:\xampp\htdocs\paczka\index.php(17): require('E:\\xampp\\htdocs...')
#12 {main}
  thrown in E:\xampp\htdocs\paczka\wp-content\plugins\page-management\woo\custom_field.php on line 33

2024-02-28T15:16:45+00:00 CRITICAL Uncaught TypeError: call_user_func_array(): Argument #1 ($callback) must be a valid callback, class My_woo does not have a method "my_module_add_vc_shortcode" in E:\xampp\htdocs\paczka\wp-includes\class-wp-hook.php:324
Stack trace:
#0 E:\xampp\htdocs\paczka\wp-includes\class-wp-hook.php(348): WP_Hook->apply_filters(NULL, Array)
#1 E:\xampp\htdocs\paczka\wp-includes\plugin.php(517): WP_Hook->do_action(Array)
#2 E:\xampp\htdocs\paczka\wp-content\plugins\js_composer\include\classes\core\class-vc-manager.php(219): do_action('vc_before_init')
#3 E:\xampp\htdocs\paczka\wp-includes\class-wp-hook.php(324): Vc_Manager->init('')
#4 E:\xampp\htdocs\paczka\wp-includes\class-wp-hook.php(348): WP_Hook->apply_filters(NULL, Array)
#5 E:\xampp\htdocs\paczka\wp-includes\plugin.php(517): WP_Hook->do_action(Array)
#6 E:\xampp\htdocs\paczka\wp-settings.php(643): do_action('init')
#7 E:\xampp\htdocs\paczka\wp-config.php(98): require_once('E:\\xampp\\htdocs...')
#8 E:\xampp\htdocs\paczka\wp-load.php(50): require_once('E:\\xampp\\htdocs...')
#9 E:\xampp\htdocs\paczka\wp-admin\admin-ajax.php(22): require_once('E:\\xampp\\htdocs...')
#10 {main}
  thrown in E:\xampp\htdocs\paczka\wp-includes\class-wp-hook.php on line 324

2024-02-28T15:16:45+00:00 CRITICAL Uncaught TypeError: call_user_func_array(): Argument #1 ($callback) must be a valid callback, class My_woo does not have a method "my_module_add_vc_shortcode" in E:\xampp\htdocs\paczka\wp-includes\class-wp-hook.php:324
Stack trace:
#0 E:\xampp\htdocs\paczka\wp-includes\class-wp-hook.php(348): WP_Hook->apply_filters(NULL, Array)
#1 E:\xampp\htdocs\paczka\wp-includes\plugin.php(517): WP_Hook->do_action(Array)
#2 E:\xampp\htdocs\paczka\wp-content\plugins\js_composer\include\classes\core\class-vc-manager.php(219): do_action('vc_before_init')
#3 E:\xampp\htdocs\paczka\wp-includes\class-wp-hook.php(324): Vc_Manager->init('')
#4 E:\xampp\htdocs\paczka\wp-includes\class-wp-hook.php(348): WP_Hook->apply_filters(NULL, Array)
#5 E:\xampp\htdocs\paczka\wp-includes\plugin.php(517): WP_Hook->do_action(Array)
#6 E:\xampp\htdocs\paczka\wp-settings.php(643): do_action('init')
#7 E:\xampp\htdocs\paczka\wp-config.php(98): require_once('E:\\xampp\\htdocs...')
#8 E:\xampp\htdocs\paczka\wp-load.php(50): require_once('E:\\xampp\\htdocs...')
#9 E:\xampp\htdocs\paczka\wp-admin\admin-ajax.php(22): require_once('E:\\xampp\\htdocs...')
#10 {main}
  thrown in E:\xampp\htdocs\paczka\wp-includes\class-wp-hook.php on line 324

2024-02-28T15:17:03+00:00 CRITICAL Uncaught TypeError: call_user_func_array(): Argument #1 ($callback) must be a valid callback, class My_woo does not have a method "my_module_add_vc_shortcode" in E:\xampp\htdocs\paczka\wp-includes\class-wp-hook.php:324
Stack trace:
#0 E:\xampp\htdocs\paczka\wp-includes\class-wp-hook.php(348): WP_Hook->apply_filters(NULL, Array)
#1 E:\xampp\htdocs\paczka\wp-includes\plugin.php(517): WP_Hook->do_action(Array)
#2 E:\xampp\htdocs\paczka\wp-content\plugins\js_composer\include\classes\core\class-vc-manager.php(219): do_action('vc_before_init')
#3 E:\xampp\htdocs\paczka\wp-includes\class-wp-hook.php(324): Vc_Manager->init('')
#4 E:\xampp\htdocs\paczka\wp-includes\class-wp-hook.php(348): WP_Hook->apply_filters(NULL, Array)
#5 E:\xampp\htdocs\paczka\wp-includes\plugin.php(517): WP_Hook->do_action(Array)
#6 E:\xampp\htdocs\paczka\wp-settings.php(643): do_action('init')
#7 E:\xampp\htdocs\paczka\wp-config.php(98): require_once('E:\\xampp\\htdocs...')
#8 E:\xampp\htdocs\paczka\wp-load.php(50): require_once('E:\\xampp\\htdocs...')
#9 E:\xampp\htdocs\paczka\wp-admin\admin-ajax.php(22): require_once('E:\\xampp\\htdocs...')
#10 {main}
  thrown in E:\xampp\htdocs\paczka\wp-includes\class-wp-hook.php on line 324

2024-02-28T15:17:14+00:00 CRITICAL Uncaught TypeError: call_user_func_array(): Argument #1 ($callback) must be a valid callback, class My_woo does not have a method "my_module_add_vc_shortcode" in E:\xampp\htdocs\paczka\wp-includes\class-wp-hook.php:324
Stack trace:
#0 E:\xampp\htdocs\paczka\wp-includes\class-wp-hook.php(348): WP_Hook->apply_filters(NULL, Array)
#1 E:\xampp\htdocs\paczka\wp-includes\plugin.php(517): WP_Hook->do_action(Array)
#2 E:\xampp\htdocs\paczka\wp-content\plugins\js_composer\include\classes\core\class-vc-manager.php(219): do_action('vc_before_init')
#3 E:\xampp\htdocs\paczka\wp-includes\class-wp-hook.php(324): Vc_Manager->init('')
#4 E:\xampp\htdocs\paczka\wp-includes\class-wp-hook.php(348): WP_Hook->apply_filters(NULL, Array)
#5 E:\xampp\htdocs\paczka\wp-includes\plugin.php(517): WP_Hook->do_action(Array)
#6 E:\xampp\htdocs\paczka\wp-settings.php(643): do_action('init')
#7 E:\xampp\htdocs\paczka\wp-config.php(98): require_once('E:\\xampp\\htdocs...')
#8 E:\xampp\htdocs\paczka\wp-load.php(50): require_once('E:\\xampp\\htdocs...')
#9 E:\xampp\htdocs\paczka\wp-admin\admin-ajax.php(22): require_once('E:\\xampp\\htdocs...')
#10 {main}
  thrown in E:\xampp\htdocs\paczka\wp-includes\class-wp-hook.php on line 324

2024-02-28T15:18:21+00:00 CRITICAL Uncaught TypeError: call_user_func_array(): Argument #1 ($callback) must be a valid callback, class My_woo does not have a method "this_week_add_vc_shortcode" in E:\xampp\htdocs\paczka\wp-includes\class-wp-hook.php:324
Stack trace:
#0 E:\xampp\htdocs\paczka\wp-includes\class-wp-hook.php(348): WP_Hook->apply_filters(NULL, Array)
#1 E:\xampp\htdocs\paczka\wp-includes\plugin.php(517): WP_Hook->do_action(Array)
#2 E:\xampp\htdocs\paczka\wp-content\plugins\js_composer\include\classes\core\class-vc-manager.php(219): do_action('vc_before_init')
#3 E:\xampp\htdocs\paczka\wp-includes\class-wp-hook.php(324): Vc_Manager->init('')
#4 E:\xampp\htdocs\paczka\wp-includes\class-wp-hook.php(348): WP_Hook->apply_filters(NULL, Array)
#5 E:\xampp\htdocs\paczka\wp-includes\plugin.php(517): WP_Hook->do_action(Array)
#6 E:\xampp\htdocs\paczka\wp-settings.php(643): do_action('init')
#7 E:\xampp\htdocs\paczka\wp-config.php(98): require_once('E:\\xampp\\htdocs...')
#8 E:\xampp\htdocs\paczka\wp-load.php(50): require_once('E:\\xampp\\htdocs...')
#9 E:\xampp\htdocs\paczka\wp-admin\admin-ajax.php(22): require_once('E:\\xampp\\htdocs...')
#10 {main}
  thrown in E:\xampp\htdocs\paczka\wp-includes\class-wp-hook.php on line 324

2024-02-28T15:18:22+00:00 CRITICAL Uncaught TypeError: call_user_func_array(): Argument #1 ($callback) must be a valid callback, class My_woo does not have a method "this_week_add_vc_shortcode" in E:\xampp\htdocs\paczka\wp-includes\class-wp-hook.php:324
Stack trace:
#0 E:\xampp\htdocs\paczka\wp-includes\class-wp-hook.php(348): WP_Hook->apply_filters(NULL, Array)
#1 E:\xampp\htdocs\paczka\wp-includes\plugin.php(517): WP_Hook->do_action(Array)
#2 E:\xampp\htdocs\paczka\wp-content\plugins\js_composer\include\classes\core\class-vc-manager.php(219): do_action('vc_before_init')
#3 E:\xampp\htdocs\paczka\wp-includes\class-wp-hook.php(324): Vc_Manager->init('')
#4 E:\xampp\htdocs\paczka\wp-includes\class-wp-hook.php(348): WP_Hook->apply_filters(NULL, Array)
#5 E:\xampp\htdocs\paczka\wp-includes\plugin.php(517): WP_Hook->do_action(Array)
#6 E:\xampp\htdocs\paczka\wp-settings.php(643): do_action('init')
#7 E:\xampp\htdocs\paczka\wp-config.php(98): require_once('E:\\xampp\\htdocs...')
#8 E:\xampp\htdocs\paczka\wp-load.php(50): require_once('E:\\xampp\\htdocs...')
#9 E:\xampp\htdocs\paczka\wp-admin\admin-ajax.php(22): require_once('E:\\xampp\\htdocs...')
#10 {main}
  thrown in E:\xampp\htdocs\paczka\wp-includes\class-wp-hook.php on line 324

2024-02-28T15:19:15+00:00 CRITICAL Uncaught TypeError: call_user_func_array(): Argument #1 ($callback) must be a valid callback, class My_woo does not have a method "this_week_add_vc_shortcode" in E:\xampp\htdocs\paczka\wp-includes\class-wp-hook.php:324
Stack trace:
#0 E:\xampp\htdocs\paczka\wp-includes\class-wp-hook.php(348): WP_Hook->apply_filters(NULL, Array)
#1 E:\xampp\htdocs\paczka\wp-includes\plugin.php(517): WP_Hook->do_action(Array)
#2 E:\xampp\htdocs\paczka\wp-content\plugins\js_composer\include\classes\core\class-vc-manager.php(219): do_action('vc_before_init')
#3 E:\xampp\htdocs\paczka\wp-includes\class-wp-hook.php(324): Vc_Manager->init('')
#4 E:\xampp\htdocs\paczka\wp-includes\class-wp-hook.php(348): WP_Hook->apply_filters(NULL, Array)
#5 E:\xampp\htdocs\paczka\wp-includes\plugin.php(517): WP_Hook->do_action(Array)
#6 E:\xampp\htdocs\paczka\wp-settings.php(643): do_action('init')
#7 E:\xampp\htdocs\paczka\wp-config.php(98): require_once('E:\\xampp\\htdocs...')
#8 E:\xampp\htdocs\paczka\wp-load.php(50): require_once('E:\\xampp\\htdocs...')
#9 E:\xampp\htdocs\paczka\wp-admin\admin-ajax.php(22): require_once('E:\\xampp\\htdocs...')
#10 {main}
  thrown in E:\xampp\htdocs\paczka\wp-includes\class-wp-hook.php on line 324

2024-02-28T17:21:06+00:00 CRITICAL syntax error, unexpected token "." in E:\xampp\htdocs\paczka\wp-content\themes\burge\codezeel\codezeel-functions.php on line 1521

2024-02-28T17:21:12+00:00 CRITICAL syntax error, unexpected token "." in E:\xampp\htdocs\paczka\wp-content\themes\burge\codezeel\codezeel-functions.php on line 1521

2024-02-28T21:33:21+00:00 CRITICAL Allowed memory size of 536870912 bytes exhausted (tried to allocate 16777224 bytes) in E:\xampp\htdocs\paczka\wp-includes\class-wp-styles.php on line 317

