2024-03-18T11:50:19+00:00 CRITICAL Uncaught Error: Call to a member function display_pagination_template() on null in E:\xampp\htdocs\paczka\wp-content\themes\burge\woocommerce\archive-product.php:75
Stack trace:
#0 E:\xampp\htdocs\paczka\wp-content\plugins\woocommerce\includes\wc-core-functions.php(345): include()
#1 E:\xampp\htdocs\paczka\wp-content\plugins\woocommerce\templates\taxonomy-product-cat.php(22): wc_get_template('archive-product...')
#2 E:\xampp\htdocs\paczka\wp-includes\template-loader.php(106): include('E:\\xampp\\htdocs...')
#3 E:\xampp\htdocs\paczka\wp-blog-header.php(19): require_once('E:\\xampp\\htdocs...')
#4 E:\xampp\htdocs\paczka\index.php(17): require('E:\\xampp\\htdocs...')
#5 {main}
  thrown in E:\xampp\htdocs\paczka\wp-content\themes\burge\woocommerce\archive-product.php on line 75

2024-03-18T11:56:25+00:00 CRITICAL Uncaught Error: Call to a member function display_pagination_template() on null in E:\xampp\htdocs\paczka\wp-content\themes\burge\woocommerce\archive-product.php:88
Stack trace:
#0 E:\xampp\htdocs\paczka\wp-content\plugins\woocommerce\includes\wc-core-functions.php(345): include()
#1 E:\xampp\htdocs\paczka\wp-content\plugins\woocommerce\templates\taxonomy-product-cat.php(22): wc_get_template('archive-product...')
#2 E:\xampp\htdocs\paczka\wp-includes\template-loader.php(106): include('E:\\xampp\\htdocs...')
#3 E:\xampp\htdocs\paczka\wp-blog-header.php(19): require_once('E:\\xampp\\htdocs...')
#4 E:\xampp\htdocs\paczka\index.php(17): require('E:\\xampp\\htdocs...')
#5 {main}
  thrown in E:\xampp\htdocs\paczka\wp-content\themes\burge\woocommerce\archive-product.php on line 88

2024-03-18T11:58:28+00:00 CRITICAL Uncaught Error: Call to a member function display_pagination_template() on null in E:\xampp\htdocs\paczka\wp-content\themes\burge\woocommerce\archive-product.php:88
Stack trace:
#0 E:\xampp\htdocs\paczka\wp-content\plugins\woocommerce\includes\wc-core-functions.php(345): include()
#1 E:\xampp\htdocs\paczka\wp-content\plugins\woocommerce\templates\taxonomy-product-cat.php(22): wc_get_template('archive-product...')
#2 E:\xampp\htdocs\paczka\wp-includes\template-loader.php(106): include('E:\\xampp\\htdocs...')
#3 E:\xampp\htdocs\paczka\wp-blog-header.php(19): require_once('E:\\xampp\\htdocs...')
#4 E:\xampp\htdocs\paczka\index.php(17): require('E:\\xampp\\htdocs...')
#5 {main}
  thrown in E:\xampp\htdocs\paczka\wp-content\themes\burge\woocommerce\archive-product.php on line 88

2024-03-18T20:16:26+00:00 CRITICAL Uncaught TypeError: call_user_func_array(): Argument #1 ($callback) must be a valid callback, function "tmpmela_output_crosssell" not found or invalid function name in E:\xampp\htdocs\paczka\wp-includes\class-wp-hook.php:324
Stack trace:
#0 E:\xampp\htdocs\paczka\wp-includes\class-wp-hook.php(348): WP_Hook->apply_filters('', Array)
#1 E:\xampp\htdocs\paczka\wp-includes\plugin.php(517): WP_Hook->do_action(Array)
#2 E:\xampp\htdocs\paczka\wp-content\plugins\woocommerce\templates\cart\cart.php(202): do_action('woocommerce_aft...')
#3 E:\xampp\htdocs\paczka\wp-content\plugins\woocommerce\includes\wc-core-functions.php(345): include('E:\\xampp\\htdocs...')
#4 E:\xampp\htdocs\paczka\wp-content\plugins\woocommerce\includes\shortcodes\class-wc-shortcode-cart.php(99): wc_get_template('cart/cart.php')
#5 E:\xampp\htdocs\paczka\wp-content\plugins\woocommerce\includes\class-wc-shortcodes.php(72): WC_Shortcode_Cart::output(Array)
#6 E:\xampp\htdocs\paczka\wp-content\plugins\woocommerce\includes\class-wc-shortcodes.php(85): WC_Shortcodes::shortcode_wrapper(Array)
#7 E:\xampp\htdocs\paczka\wp-includes\shortcodes.php(433): WC_Shortcodes::cart('', '', 'woocommerce_car...')
#8 [internal function]: do_shortcode_tag(Array)
#9 E:\xampp\htdocs\paczka\wp-includes\shortcodes.php(273): preg_replace_callback('/\\[(\\[?)(woocom...', 'do_shortcode_ta...', '[woocommerce_ca...')
#10 E:\xampp\htdocs\paczka\wp-includes\class-wp-hook.php(324): do_shortcode('[woocommerce_ca...')
#11 E:\xampp\htdocs\paczka\wp-includes\plugin.php(205): WP_Hook->apply_filters('[woocommerce_ca...', Array)
#12 E:\xampp\htdocs\paczka\wp-includes\post-template.php(256): apply_filters('the_content', '<!-- wp:shortco...')
#13 E:\xampp\htdocs\paczka\wp-content\themes\burge\content-page.php(16): the_content()
#14 E:\xampp\htdocs\paczka\wp-includes\template.php(792): require('E:\\xampp\\htdocs...')
#15 E:\xampp\htdocs\paczka\wp-includes\template.php(725): load_template('E:\\xampp\\htdocs...', false, Array)
#16 E:\xampp\htdocs\paczka\wp-includes\general-template.php(206): locate_template(Array, true, false, Array)
#17 E:\xampp\htdocs\paczka\wp-content\themes\burge\page.php(27): get_template_part('content', 'page')
#18 E:\xampp\htdocs\paczka\wp-includes\template-loader.php(106): include('E:\\xampp\\htdocs...')
#19 E:\xampp\htdocs\paczka\wp-blog-header.php(19): require_once('E:\\xampp\\htdocs...')
#20 E:\xampp\htdocs\paczka\index.php(17): require('E:\\xampp\\htdocs...')
#21 {main}
  thrown in E:\xampp\htdocs\paczka\wp-includes\class-wp-hook.php on line 324

2024-03-18T20:29:48+00:00 CRITICAL Uncaught TypeError: call_user_func_array(): Argument #1 ($callback) must be a valid callback, function "tmpmela_output_crosssell" not found or invalid function name in E:\xampp\htdocs\paczka\wp-includes\class-wp-hook.php:324
Stack trace:
#0 E:\xampp\htdocs\paczka\wp-includes\class-wp-hook.php(348): WP_Hook->apply_filters('', Array)
#1 E:\xampp\htdocs\paczka\wp-includes\plugin.php(517): WP_Hook->do_action(Array)
#2 E:\xampp\htdocs\paczka\wp-content\themes\burge\woocommerce\cart\cart.php(202): do_action('woocommerce_aft...')
#3 E:\xampp\htdocs\paczka\wp-content\plugins\woocommerce\includes\wc-core-functions.php(345): include('E:\\xampp\\htdocs...')
#4 E:\xampp\htdocs\paczka\wp-content\plugins\woocommerce\includes\shortcodes\class-wc-shortcode-cart.php(99): wc_get_template('cart/cart.php')
#5 E:\xampp\htdocs\paczka\wp-content\plugins\woocommerce\includes\class-wc-shortcodes.php(72): WC_Shortcode_Cart::output(Array)
#6 E:\xampp\htdocs\paczka\wp-content\plugins\woocommerce\includes\class-wc-shortcodes.php(85): WC_Shortcodes::shortcode_wrapper(Array)
#7 E:\xampp\htdocs\paczka\wp-includes\shortcodes.php(433): WC_Shortcodes::cart('', '', 'woocommerce_car...')
#8 [internal function]: do_shortcode_tag(Array)
#9 E:\xampp\htdocs\paczka\wp-includes\shortcodes.php(273): preg_replace_callback('/\\[(\\[?)(woocom...', 'do_shortcode_ta...', '[woocommerce_ca...')
#10 E:\xampp\htdocs\paczka\wp-includes\class-wp-hook.php(324): do_shortcode('[woocommerce_ca...')
#11 E:\xampp\htdocs\paczka\wp-includes\plugin.php(205): WP_Hook->apply_filters('[woocommerce_ca...', Array)
#12 E:\xampp\htdocs\paczka\wp-includes\post-template.php(256): apply_filters('the_content', '<!-- wp:shortco...')
#13 E:\xampp\htdocs\paczka\wp-content\themes\burge\content-page.php(16): the_content()
#14 E:\xampp\htdocs\paczka\wp-includes\template.php(792): require('E:\\xampp\\htdocs...')
#15 E:\xampp\htdocs\paczka\wp-includes\template.php(725): load_template('E:\\xampp\\htdocs...', false, Array)
#16 E:\xampp\htdocs\paczka\wp-includes\general-template.php(206): locate_template(Array, true, false, Array)
#17 E:\xampp\htdocs\paczka\wp-content\themes\burge\page.php(27): get_template_part('content', 'page')
#18 E:\xampp\htdocs\paczka\wp-includes\template-loader.php(106): include('E:\\xampp\\htdocs...')
#19 E:\xampp\htdocs\paczka\wp-blog-header.php(19): require_once('E:\\xampp\\htdocs...')
#20 E:\xampp\htdocs\paczka\index.php(17): require('E:\\xampp\\htdocs...')
#21 {main}
  thrown in E:\xampp\htdocs\paczka\wp-includes\class-wp-hook.php on line 324

