2024-03-01T00:57:14+00:00 CRITICAL Uncaught Error: Call to a member function get_id() on null in E:\xampp\htdocs\paczka\wp-content\themes\burge\codezeel\codezeel-functions.php:1501
Stack trace:
#0 E:\xampp\htdocs\paczka\wp-includes\class-wp-hook.php(326): your_get_rating_html('<div class="sta...', '5.00')
#1 E:\xampp\htdocs\paczka\wp-includes\plugin.php(205): WP_Hook->apply_filters('<div class="sta...', Array)
#2 E:\xampp\htdocs\paczka\wp-content\plugins\woocommerce\includes\wc-template-functions.php(3625): apply_filters('woocommerce_pro...', '<div class="sta...', '5.00', 1)
#3 E:\xampp\htdocs\paczka\wp-content\plugins\woocommerce\packages\woocommerce-blocks\src\BlockTypes\AbstractProductGrid.php(584): wc_get_rating_html('5.00', 1)
#4 E:\xampp\htdocs\paczka\wp-content\plugins\woocommerce\packages\woocommerce-blocks\src\BlockTypes\AbstractProductGrid.php(496): Automattic\WooCommerce\Blocks\BlockTypes\AbstractProductGrid->get_rating_html(Object(WC_Product_Simple))
#5 [internal function]: Automattic\WooCommerce\Blocks\BlockTypes\AbstractProductGrid->render_product(Object(WC_Product_Simple))
#6 E:\xampp\htdocs\paczka\wp-content\plugins\woocommerce\packages\woocommerce-blocks\src\BlockTypes\AbstractProductGrid.php(131): array_map(Array, Array)
#7 E:\xampp\htdocs\paczka\wp-content\plugins\woocommerce\packages\woocommerce-blocks\src\BlockTypes\AbstractBlock.php(88): Automattic\WooCommerce\Blocks\BlockTypes\AbstractProductGrid->render(Array, '', Object(WP_Block))
#8 E:\xampp\htdocs\paczka\wp-includes\class-wp-block.php(258): Automattic\WooCommerce\Blocks\BlockTypes\AbstractBlock->render_callback(Array, '', Object(WP_Block))
#9 E:\xampp\htdocs\paczka\wp-includes\blocks.php(1484): WP_Block->render()
#10 E:\xampp\htdocs\paczka\wp-includes\blocks.php(1522): render_block(Array)
#11 E:\xampp\htdocs\paczka\wp-includes\class-wp-hook.php(324): do_blocks('<!-- wp:paragra...')
#12 E:\xampp\htdocs\paczka\wp-includes\plugin.php(205): WP_Hook->apply_filters('<!-- wp:paragra...', Array)
#13 E:\xampp\htdocs\paczka\wp-includes\post-template.php(256): apply_filters('the_content', '<!-- wp:paragra...')
#14 E:\xampp\htdocs\paczka\wp-content\themes\burge\content.php(97): the_content('Continue readin...')
#15 E:\xampp\htdocs\paczka\wp-includes\template.php(792): require('E:\\xampp\\htdocs...')
#16 E:\xampp\htdocs\paczka\wp-includes\template.php(725): load_template('E:\\xampp\\htdocs...', false, Array)
#17 E:\xampp\htdocs\paczka\wp-includes\general-template.php(206): locate_template(Array, true, false, Array)
#18 E:\xampp\htdocs\paczka\wp-content\themes\burge\single.php(24): get_template_part('content', '')
#19 E:\xampp\htdocs\paczka\wp-includes\template-loader.php(106): include('E:\\xampp\\htdocs...')
#20 E:\xampp\htdocs\paczka\wp-blog-header.php(19): require_once('E:\\xampp\\htdocs...')
#21 E:\xampp\htdocs\paczka\index.php(17): require('E:\\xampp\\htdocs...')
#22 {main}
  thrown in E:\xampp\htdocs\paczka\wp-content\themes\burge\codezeel\codezeel-functions.php on line 1501

2024-03-01T00:57:14+00:00 CRITICAL Uncaught Error: Call to a member function get_id() on null in E:\xampp\htdocs\paczka\wp-content\themes\burge\codezeel\codezeel-functions.php:1501
Stack trace:
#0 E:\xampp\htdocs\paczka\wp-includes\class-wp-hook.php(326): your_get_rating_html('<div class="sta...', '5.00')
#1 E:\xampp\htdocs\paczka\wp-includes\plugin.php(205): WP_Hook->apply_filters('<div class="sta...', Array)
#2 E:\xampp\htdocs\paczka\wp-content\plugins\woocommerce\includes\wc-template-functions.php(3625): apply_filters('woocommerce_pro...', '<div class="sta...', '5.00', 1)
#3 E:\xampp\htdocs\paczka\wp-content\plugins\woocommerce\packages\woocommerce-blocks\src\BlockTypes\AbstractProductGrid.php(584): wc_get_rating_html('5.00', 1)
#4 E:\xampp\htdocs\paczka\wp-content\plugins\woocommerce\packages\woocommerce-blocks\src\BlockTypes\AbstractProductGrid.php(496): Automattic\WooCommerce\Blocks\BlockTypes\AbstractProductGrid->get_rating_html(Object(WC_Product_Simple))
#5 [internal function]: Automattic\WooCommerce\Blocks\BlockTypes\AbstractProductGrid->render_product(Object(WC_Product_Simple))
#6 E:\xampp\htdocs\paczka\wp-content\plugins\woocommerce\packages\woocommerce-blocks\src\BlockTypes\AbstractProductGrid.php(131): array_map(Array, Array)
#7 E:\xampp\htdocs\paczka\wp-content\plugins\woocommerce\packages\woocommerce-blocks\src\BlockTypes\AbstractBlock.php(88): Automattic\WooCommerce\Blocks\BlockTypes\AbstractProductGrid->render(Array, '', Object(WP_Block))
#8 E:\xampp\htdocs\paczka\wp-includes\class-wp-block.php(258): Automattic\WooCommerce\Blocks\BlockTypes\AbstractBlock->render_callback(Array, '', Object(WP_Block))
#9 E:\xampp\htdocs\paczka\wp-includes\blocks.php(1484): WP_Block->render()
#10 E:\xampp\htdocs\paczka\wp-includes\blocks.php(1522): render_block(Array)
#11 E:\xampp\htdocs\paczka\wp-includes\class-wp-hook.php(324): do_blocks('<!-- wp:paragra...')
#12 E:\xampp\htdocs\paczka\wp-includes\plugin.php(205): WP_Hook->apply_filters('<!-- wp:paragra...', Array)
#13 E:\xampp\htdocs\paczka\wp-includes\post-template.php(256): apply_filters('the_content', '<!-- wp:paragra...')
#14 E:\xampp\htdocs\paczka\wp-content\themes\burge\content.php(97): the_content('Continue readin...')
#15 E:\xampp\htdocs\paczka\wp-includes\template.php(792): require('E:\\xampp\\htdocs...')
#16 E:\xampp\htdocs\paczka\wp-includes\template.php(725): load_template('E:\\xampp\\htdocs...', false, Array)
#17 E:\xampp\htdocs\paczka\wp-includes\general-template.php(206): locate_template(Array, true, false, Array)
#18 E:\xampp\htdocs\paczka\wp-content\themes\burge\single.php(24): get_template_part('content', '')
#19 E:\xampp\htdocs\paczka\wp-includes\template-loader.php(106): include('E:\\xampp\\htdocs...')
#20 E:\xampp\htdocs\paczka\wp-blog-header.php(19): require_once('E:\\xampp\\htdocs...')
#21 E:\xampp\htdocs\paczka\index.php(17): require('E:\\xampp\\htdocs...')
#22 {main}
  thrown in E:\xampp\htdocs\paczka\wp-content\themes\burge\codezeel\codezeel-functions.php on line 1501

2024-03-01T00:57:14+00:00 CRITICAL Uncaught Error: Call to a member function get_id() on null in E:\xampp\htdocs\paczka\wp-content\themes\burge\codezeel\codezeel-functions.php:1501
Stack trace:
#0 E:\xampp\htdocs\paczka\wp-includes\class-wp-hook.php(326): your_get_rating_html('<div class="sta...', '5.00')
#1 E:\xampp\htdocs\paczka\wp-includes\plugin.php(205): WP_Hook->apply_filters('<div class="sta...', Array)
#2 E:\xampp\htdocs\paczka\wp-content\plugins\woocommerce\includes\wc-template-functions.php(3625): apply_filters('woocommerce_pro...', '<div class="sta...', '5.00', 1)
#3 E:\xampp\htdocs\paczka\wp-content\plugins\woocommerce\packages\woocommerce-blocks\src\BlockTypes\AbstractProductGrid.php(584): wc_get_rating_html('5.00', 1)
#4 E:\xampp\htdocs\paczka\wp-content\plugins\woocommerce\packages\woocommerce-blocks\src\BlockTypes\AbstractProductGrid.php(496): Automattic\WooCommerce\Blocks\BlockTypes\AbstractProductGrid->get_rating_html(Object(WC_Product_Simple))
#5 [internal function]: Automattic\WooCommerce\Blocks\BlockTypes\AbstractProductGrid->render_product(Object(WC_Product_Simple))
#6 E:\xampp\htdocs\paczka\wp-content\plugins\woocommerce\packages\woocommerce-blocks\src\BlockTypes\AbstractProductGrid.php(131): array_map(Array, Array)
#7 E:\xampp\htdocs\paczka\wp-content\plugins\woocommerce\packages\woocommerce-blocks\src\BlockTypes\AbstractBlock.php(88): Automattic\WooCommerce\Blocks\BlockTypes\AbstractProductGrid->render(Array, '', Object(WP_Block))
#8 E:\xampp\htdocs\paczka\wp-includes\class-wp-block.php(258): Automattic\WooCommerce\Blocks\BlockTypes\AbstractBlock->render_callback(Array, '', Object(WP_Block))
#9 E:\xampp\htdocs\paczka\wp-includes\blocks.php(1484): WP_Block->render()
#10 E:\xampp\htdocs\paczka\wp-includes\blocks.php(1522): render_block(Array)
#11 E:\xampp\htdocs\paczka\wp-includes\class-wp-hook.php(324): do_blocks('<!-- wp:paragra...')
#12 E:\xampp\htdocs\paczka\wp-includes\plugin.php(205): WP_Hook->apply_filters('<!-- wp:paragra...', Array)
#13 E:\xampp\htdocs\paczka\wp-includes\post-template.php(256): apply_filters('the_content', '<!-- wp:paragra...')
#14 E:\xampp\htdocs\paczka\wp-content\themes\burge\content.php(97): the_content('Continue readin...')
#15 E:\xampp\htdocs\paczka\wp-includes\template.php(792): require('E:\\xampp\\htdocs...')
#16 E:\xampp\htdocs\paczka\wp-includes\template.php(725): load_template('E:\\xampp\\htdocs...', false, Array)
#17 E:\xampp\htdocs\paczka\wp-includes\general-template.php(206): locate_template(Array, true, false, Array)
#18 E:\xampp\htdocs\paczka\wp-content\themes\burge\single.php(24): get_template_part('content', '')
#19 E:\xampp\htdocs\paczka\wp-includes\template-loader.php(106): include('E:\\xampp\\htdocs...')
#20 E:\xampp\htdocs\paczka\wp-blog-header.php(19): require_once('E:\\xampp\\htdocs...')
#21 E:\xampp\htdocs\paczka\index.php(17): require('E:\\xampp\\htdocs...')
#22 {main}
  thrown in E:\xampp\htdocs\paczka\wp-content\themes\burge\codezeel\codezeel-functions.php on line 1501

2024-03-01T00:57:14+00:00 CRITICAL Uncaught Error: Call to a member function get_id() on null in E:\xampp\htdocs\paczka\wp-content\themes\burge\codezeel\codezeel-functions.php:1501
Stack trace:
#0 E:\xampp\htdocs\paczka\wp-includes\class-wp-hook.php(326): your_get_rating_html('<div class="sta...', '5.00')
#1 E:\xampp\htdocs\paczka\wp-includes\plugin.php(205): WP_Hook->apply_filters('<div class="sta...', Array)
#2 E:\xampp\htdocs\paczka\wp-content\plugins\woocommerce\includes\wc-template-functions.php(3625): apply_filters('woocommerce_pro...', '<div class="sta...', '5.00', 1)
#3 E:\xampp\htdocs\paczka\wp-content\plugins\woocommerce\packages\woocommerce-blocks\src\BlockTypes\AbstractProductGrid.php(584): wc_get_rating_html('5.00', 1)
#4 E:\xampp\htdocs\paczka\wp-content\plugins\woocommerce\packages\woocommerce-blocks\src\BlockTypes\AbstractProductGrid.php(496): Automattic\WooCommerce\Blocks\BlockTypes\AbstractProductGrid->get_rating_html(Object(WC_Product_Simple))
#5 [internal function]: Automattic\WooCommerce\Blocks\BlockTypes\AbstractProductGrid->render_product(Object(WC_Product_Simple))
#6 E:\xampp\htdocs\paczka\wp-content\plugins\woocommerce\packages\woocommerce-blocks\src\BlockTypes\AbstractProductGrid.php(131): array_map(Array, Array)
#7 E:\xampp\htdocs\paczka\wp-content\plugins\woocommerce\packages\woocommerce-blocks\src\BlockTypes\AbstractBlock.php(88): Automattic\WooCommerce\Blocks\BlockTypes\AbstractProductGrid->render(Array, '', Object(WP_Block))
#8 E:\xampp\htdocs\paczka\wp-includes\class-wp-block.php(258): Automattic\WooCommerce\Blocks\BlockTypes\AbstractBlock->render_callback(Array, '', Object(WP_Block))
#9 E:\xampp\htdocs\paczka\wp-includes\blocks.php(1484): WP_Block->render()
#10 E:\xampp\htdocs\paczka\wp-includes\blocks.php(1522): render_block(Array)
#11 E:\xampp\htdocs\paczka\wp-includes\class-wp-hook.php(324): do_blocks('<!-- wp:paragra...')
#12 E:\xampp\htdocs\paczka\wp-includes\plugin.php(205): WP_Hook->apply_filters('<!-- wp:paragra...', Array)
#13 E:\xampp\htdocs\paczka\wp-includes\post-template.php(256): apply_filters('the_content', '<!-- wp:paragra...')
#14 E:\xampp\htdocs\paczka\wp-content\themes\burge\content.php(97): the_content('Continue readin...')
#15 E:\xampp\htdocs\paczka\wp-includes\template.php(792): require('E:\\xampp\\htdocs...')
#16 E:\xampp\htdocs\paczka\wp-includes\template.php(725): load_template('E:\\xampp\\htdocs...', false, Array)
#17 E:\xampp\htdocs\paczka\wp-includes\general-template.php(206): locate_template(Array, true, false, Array)
#18 E:\xampp\htdocs\paczka\wp-content\themes\burge\single.php(24): get_template_part('content', '')
#19 E:\xampp\htdocs\paczka\wp-includes\template-loader.php(106): include('E:\\xampp\\htdocs...')
#20 E:\xampp\htdocs\paczka\wp-blog-header.php(19): require_once('E:\\xampp\\htdocs...')
#21 E:\xampp\htdocs\paczka\index.php(17): require('E:\\xampp\\htdocs...')
#22 {main}
  thrown in E:\xampp\htdocs\paczka\wp-content\themes\burge\codezeel\codezeel-functions.php on line 1501

2024-03-01T01:05:41+00:00 CRITICAL Uncaught Error: Call to a member function get_id() on null in E:\xampp\htdocs\paczka\wp-content\themes\burge\codezeel\codezeel-functions.php:1501
Stack trace:
#0 E:\xampp\htdocs\paczka\wp-includes\class-wp-hook.php(326): your_get_rating_html('<div class="sta...', '5.00')
#1 E:\xampp\htdocs\paczka\wp-includes\plugin.php(205): WP_Hook->apply_filters('<div class="sta...', Array)
#2 E:\xampp\htdocs\paczka\wp-content\plugins\woocommerce\includes\wc-template-functions.php(3625): apply_filters('woocommerce_pro...', '<div class="sta...', '5.00', 1)
#3 E:\xampp\htdocs\paczka\wp-content\plugins\woocommerce\packages\woocommerce-blocks\src\BlockTypes\AbstractProductGrid.php(584): wc_get_rating_html('5.00', 1)
#4 E:\xampp\htdocs\paczka\wp-content\plugins\woocommerce\packages\woocommerce-blocks\src\BlockTypes\AbstractProductGrid.php(496): Automattic\WooCommerce\Blocks\BlockTypes\AbstractProductGrid->get_rating_html(Object(WC_Product_Simple))
#5 [internal function]: Automattic\WooCommerce\Blocks\BlockTypes\AbstractProductGrid->render_product(Object(WC_Product_Simple))
#6 E:\xampp\htdocs\paczka\wp-content\plugins\woocommerce\packages\woocommerce-blocks\src\BlockTypes\AbstractProductGrid.php(131): array_map(Array, Array)
#7 E:\xampp\htdocs\paczka\wp-content\plugins\woocommerce\packages\woocommerce-blocks\src\BlockTypes\AbstractBlock.php(88): Automattic\WooCommerce\Blocks\BlockTypes\AbstractProductGrid->render(Array, '', Object(WP_Block))
#8 E:\xampp\htdocs\paczka\wp-includes\class-wp-block.php(258): Automattic\WooCommerce\Blocks\BlockTypes\AbstractBlock->render_callback(Array, '', Object(WP_Block))
#9 E:\xampp\htdocs\paczka\wp-includes\blocks.php(1484): WP_Block->render()
#10 E:\xampp\htdocs\paczka\wp-includes\blocks.php(1522): render_block(Array)
#11 E:\xampp\htdocs\paczka\wp-includes\class-wp-hook.php(324): do_blocks('<!-- wp:paragra...')
#12 E:\xampp\htdocs\paczka\wp-includes\plugin.php(205): WP_Hook->apply_filters('<!-- wp:paragra...', Array)
#13 E:\xampp\htdocs\paczka\wp-includes\post-template.php(256): apply_filters('the_content', '<!-- wp:paragra...')
#14 E:\xampp\htdocs\paczka\wp-content\themes\burge\content.php(97): the_content('Continue readin...')
#15 E:\xampp\htdocs\paczka\wp-includes\template.php(792): require('E:\\xampp\\htdocs...')
#16 E:\xampp\htdocs\paczka\wp-includes\template.php(725): load_template('E:\\xampp\\htdocs...', false, Array)
#17 E:\xampp\htdocs\paczka\wp-includes\general-template.php(206): locate_template(Array, true, false, Array)
#18 E:\xampp\htdocs\paczka\wp-content\themes\burge\single.php(24): get_template_part('content', '')
#19 E:\xampp\htdocs\paczka\wp-includes\template-loader.php(106): include('E:\\xampp\\htdocs...')
#20 E:\xampp\htdocs\paczka\wp-blog-header.php(19): require_once('E:\\xampp\\htdocs...')
#21 E:\xampp\htdocs\paczka\index.php(17): require('E:\\xampp\\htdocs...')
#22 {main}
  thrown in E:\xampp\htdocs\paczka\wp-content\themes\burge\codezeel\codezeel-functions.php on line 1501

2024-03-01T01:07:14+00:00 CRITICAL Uncaught Error: Call to a member function get_id() on null in E:\xampp\htdocs\paczka\wp-content\themes\burge\codezeel\codezeel-functions.php:1501
Stack trace:
#0 E:\xampp\htdocs\paczka\wp-includes\class-wp-hook.php(326): your_get_rating_html('<div class="sta...', '5.00')
#1 E:\xampp\htdocs\paczka\wp-includes\plugin.php(205): WP_Hook->apply_filters('<div class="sta...', Array)
#2 E:\xampp\htdocs\paczka\wp-content\plugins\woocommerce\includes\wc-template-functions.php(3625): apply_filters('woocommerce_pro...', '<div class="sta...', '5.00', 1)
#3 E:\xampp\htdocs\paczka\wp-content\plugins\woocommerce\packages\woocommerce-blocks\src\BlockTypes\AbstractProductGrid.php(584): wc_get_rating_html('5.00', 1)
#4 E:\xampp\htdocs\paczka\wp-content\plugins\woocommerce\packages\woocommerce-blocks\src\BlockTypes\AbstractProductGrid.php(496): Automattic\WooCommerce\Blocks\BlockTypes\AbstractProductGrid->get_rating_html(Object(WC_Product_Simple))
#5 [internal function]: Automattic\WooCommerce\Blocks\BlockTypes\AbstractProductGrid->render_product(Object(WC_Product_Simple))
#6 E:\xampp\htdocs\paczka\wp-content\plugins\woocommerce\packages\woocommerce-blocks\src\BlockTypes\AbstractProductGrid.php(131): array_map(Array, Array)
#7 E:\xampp\htdocs\paczka\wp-content\plugins\woocommerce\packages\woocommerce-blocks\src\BlockTypes\AbstractBlock.php(88): Automattic\WooCommerce\Blocks\BlockTypes\AbstractProductGrid->render(Array, '', Object(WP_Block))
#8 E:\xampp\htdocs\paczka\wp-includes\class-wp-block.php(258): Automattic\WooCommerce\Blocks\BlockTypes\AbstractBlock->render_callback(Array, '', Object(WP_Block))
#9 E:\xampp\htdocs\paczka\wp-includes\blocks.php(1484): WP_Block->render()
#10 E:\xampp\htdocs\paczka\wp-includes\blocks.php(1522): render_block(Array)
#11 E:\xampp\htdocs\paczka\wp-includes\class-wp-hook.php(324): do_blocks('<!-- wp:paragra...')
#12 E:\xampp\htdocs\paczka\wp-includes\plugin.php(205): WP_Hook->apply_filters('<!-- wp:paragra...', Array)
#13 E:\xampp\htdocs\paczka\wp-includes\post-template.php(256): apply_filters('the_content', '<!-- wp:paragra...')
#14 E:\xampp\htdocs\paczka\wp-content\themes\burge\content.php(97): the_content('Continue readin...')
#15 E:\xampp\htdocs\paczka\wp-includes\template.php(792): require('E:\\xampp\\htdocs...')
#16 E:\xampp\htdocs\paczka\wp-includes\template.php(725): load_template('E:\\xampp\\htdocs...', false, Array)
#17 E:\xampp\htdocs\paczka\wp-includes\general-template.php(206): locate_template(Array, true, false, Array)
#18 E:\xampp\htdocs\paczka\wp-content\themes\burge\single.php(24): get_template_part('content', '')
#19 E:\xampp\htdocs\paczka\wp-includes\template-loader.php(106): include('E:\\xampp\\htdocs...')
#20 E:\xampp\htdocs\paczka\wp-blog-header.php(19): require_once('E:\\xampp\\htdocs...')
#21 E:\xampp\htdocs\paczka\index.php(17): require('E:\\xampp\\htdocs...')
#22 {main}
  thrown in E:\xampp\htdocs\paczka\wp-content\themes\burge\codezeel\codezeel-functions.php on line 1501

2024-03-01T11:00:55+00:00 CRITICAL Cannot redeclare tmpmela_move_comment_field_to_bottom() (previously declared in E:\xampp\htdocs\paczka\wp-content\themes\burge\codezeel\codezeel-functions.php:1511) in E:\xampp\htdocs\paczka\wp-content\themes\burge\codezeel\codezeel-functions.php on line 1521

2024-03-01T11:01:02+00:00 CRITICAL Cannot redeclare tmpmela_move_comment_field_to_bottom() (previously declared in E:\xampp\htdocs\paczka\wp-content\themes\burge\codezeel\codezeel-functions.php:1511) in E:\xampp\htdocs\paczka\wp-content\themes\burge\codezeel\codezeel-functions.php on line 1521

2024-03-01T11:04:17+00:00 CRITICAL Uncaught Error: Call to a member function get_id() on null in E:\xampp\htdocs\paczka\wp-content\themes\burge\codezeel\codezeel-functions.php:1501
Stack trace:
#0 E:\xampp\htdocs\paczka\wp-includes\class-wp-hook.php(326): your_get_rating_html('<div class="sta...', '5.00')
#1 E:\xampp\htdocs\paczka\wp-includes\plugin.php(205): WP_Hook->apply_filters('<div class="sta...', Array)
#2 E:\xampp\htdocs\paczka\wp-content\plugins\woocommerce\includes\wc-template-functions.php(3625): apply_filters('woocommerce_pro...', '<div class="sta...', '5.00', 1)
#3 E:\xampp\htdocs\paczka\wp-content\plugins\woocommerce\packages\woocommerce-blocks\src\BlockTypes\AbstractProductGrid.php(584): wc_get_rating_html('5.00', 1)
#4 E:\xampp\htdocs\paczka\wp-content\plugins\woocommerce\packages\woocommerce-blocks\src\BlockTypes\AbstractProductGrid.php(496): Automattic\WooCommerce\Blocks\BlockTypes\AbstractProductGrid->get_rating_html(Object(WC_Product_Simple))
#5 [internal function]: Automattic\WooCommerce\Blocks\BlockTypes\AbstractProductGrid->render_product(Object(WC_Product_Simple))
#6 E:\xampp\htdocs\paczka\wp-content\plugins\woocommerce\packages\woocommerce-blocks\src\BlockTypes\AbstractProductGrid.php(131): array_map(Array, Array)
#7 E:\xampp\htdocs\paczka\wp-content\plugins\woocommerce\packages\woocommerce-blocks\src\BlockTypes\AbstractBlock.php(88): Automattic\WooCommerce\Blocks\BlockTypes\AbstractProductGrid->render(Array, '', Object(WP_Block))
#8 E:\xampp\htdocs\paczka\wp-includes\class-wp-block.php(258): Automattic\WooCommerce\Blocks\BlockTypes\AbstractBlock->render_callback(Array, '', Object(WP_Block))
#9 E:\xampp\htdocs\paczka\wp-includes\blocks.php(1484): WP_Block->render()
#10 E:\xampp\htdocs\paczka\wp-includes\blocks.php(1522): render_block(Array)
#11 E:\xampp\htdocs\paczka\wp-includes\class-wp-hook.php(324): do_blocks('<!-- wp:paragra...')
#12 E:\xampp\htdocs\paczka\wp-includes\plugin.php(205): WP_Hook->apply_filters('<!-- wp:paragra...', Array)
#13 E:\xampp\htdocs\paczka\wp-includes\post-template.php(256): apply_filters('the_content', '<!-- wp:paragra...')
#14 E:\xampp\htdocs\paczka\wp-content\themes\burge\content.php(97): the_content('Continue readin...')
#15 E:\xampp\htdocs\paczka\wp-includes\template.php(792): require('E:\\xampp\\htdocs...')
#16 E:\xampp\htdocs\paczka\wp-includes\template.php(725): load_template('E:\\xampp\\htdocs...', false, Array)
#17 E:\xampp\htdocs\paczka\wp-includes\general-template.php(206): locate_template(Array, true, false, Array)
#18 E:\xampp\htdocs\paczka\wp-content\themes\burge\single.php(24): get_template_part('content', '')
#19 E:\xampp\htdocs\paczka\wp-includes\template-loader.php(106): include('E:\\xampp\\htdocs...')
#20 E:\xampp\htdocs\paczka\wp-blog-header.php(19): require_once('E:\\xampp\\htdocs...')
#21 E:\xampp\htdocs\paczka\index.php(17): require('E:\\xampp\\htdocs...')
#22 {main}
  thrown in E:\xampp\htdocs\paczka\wp-content\themes\burge\codezeel\codezeel-functions.php on line 1501

