2024-03-24T18:16:08+00:00 CRITICAL Uncaught Error: Call to a member function get_id() on null in E:\xampp\htdocs\paczka\wp-content\themes\burge\codezeel\codezeel-functions.php:1490
Stack trace:
#0 E:\xampp\htdocs\paczka\wp-includes\class-wp-hook.php(326): your_get_rating_html('<div class="sta...', '5.00')
#1 E:\xampp\htdocs\paczka\wp-includes\plugin.php(205): WP_Hook->apply_filters('<div class="sta...', Array)
#2 E:\xampp\htdocs\paczka\wp-content\plugins\woocommerce\includes\wc-template-functions.php(3625): apply_filters('woocommerce_pro...', '<div class="sta...', '5.00', 1)
#3 E:\xampp\htdocs\paczka\wp-content\plugins\woocommerce\packages\woocommerce-blocks\src\BlockTypes\AbstractProductGrid.php(584): wc_get_rating_html('5.00', 1)
#4 E:\xampp\htdocs\paczka\wp-content\plugins\woocommerce\packages\woocommerce-blocks\src\BlockTypes\AbstractProductGrid.php(496): Automattic\WooCommerce\Blocks\BlockTypes\AbstractProductGrid->get_rating_html(Object(WC_Product_Simple))
#5 [internal function]: Automattic\WooCommerce\Blocks\BlockTypes\AbstractProductGrid->render_product(Object(WC_Product_Simple))
#6 E:\xampp\htdocs\paczka\wp-content\plugins\woocommerce\packages\woocommerce-blocks\src\BlockTypes\AbstractProductGrid.php(131): array_map(Array, Array)
#7 E:\xampp\htdocs\paczka\wp-content\plugins\woocommerce\packages\woocommerce-blocks\src\BlockTypes\AbstractBlock.php(88): Automattic\WooCommerce\Blocks\BlockTypes\AbstractProductGrid->render(Array, '', Object(WP_Block))
#8 E:\xampp\htdocs\paczka\wp-includes\class-wp-block.php(258): Automattic\WooCommerce\Blocks\BlockTypes\AbstractBlock->render_callback(Array, '', Object(WP_Block))
#9 E:\xampp\htdocs\paczka\wp-includes\blocks.php(1484): WP_Block->render()
#10 E:\xampp\htdocs\paczka\wp-includes\blocks.php(1522): render_block(Array)
#11 E:\xampp\htdocs\paczka\wp-includes\class-wp-hook.php(324): do_blocks('<!-- wp:paragra...')
#12 E:\xampp\htdocs\paczka\wp-includes\plugin.php(205): WP_Hook->apply_filters('<!-- wp:paragra...', Array)
#13 E:\xampp\htdocs\paczka\wp-includes\rest-api\endpoints\class-wp-rest-posts-controller.php(1863): apply_filters('the_content', '<!-- wp:paragra...')
#14 E:\xampp\htdocs\paczka\wp-includes\rest-api\endpoints\class-wp-rest-posts-controller.php(385): WP_REST_Posts_Controller->prepare_item_for_response(Object(WP_Post), Object(WP_REST_Request))
#15 E:\xampp\htdocs\paczka\wp-includes\rest-api\class-wp-rest-server.php(1193): WP_REST_Posts_Controller->get_items(Object(WP_REST_Request))
#16 E:\xampp\htdocs\paczka\wp-includes\rest-api\class-wp-rest-server.php(1041): WP_REST_Server->respond_to_request(Object(WP_REST_Request), '/wp/v2/posts', Array, NULL)
#17 E:\xampp\htdocs\paczka\wp-includes\rest-api\class-wp-rest-server.php(431): WP_REST_Server->dispatch(Object(WP_REST_Request))
#18 E:\xampp\htdocs\paczka\wp-includes\rest-api.php(424): WP_REST_Server->serve_request('/wp/v2/posts')
#19 E:\xampp\htdocs\paczka\wp-includes\class-wp-hook.php(324): rest_api_loaded(Object(WP))
#20 E:\xampp\htdocs\paczka\wp-includes\class-wp-hook.php(348): WP_Hook->apply_filters(NULL, Array)
#21 E:\xampp\htdocs\paczka\wp-includes\plugin.php(565): WP_Hook->do_action(Array)
#22 E:\xampp\htdocs\paczka\wp-includes\class-wp.php(418): do_action_ref_array('parse_request', Array)
#23 E:\xampp\htdocs\paczka\wp-includes\class-wp.php(813): WP->parse_request('')
#24 E:\xampp\htdocs\paczka\wp-includes\functions.php(1336): WP->main('')
#25 E:\xampp\htdocs\paczka\wp-blog-header.php(16): wp()
#26 E:\xampp\htdocs\paczka\index.php(17): require('E:\\xampp\\htdocs...')
#27 {main}
  thrown in E:\xampp\htdocs\paczka\wp-content\themes\burge\codezeel\codezeel-functions.php on line 1490

