2024-02-27T19:47:18+00:00 CRITICAL Uncaught TypeError: call_user_func_array(): Argument #1 ($callback) must be a valid callback, class My_woo does not have a method "modify_recommended_products_query" in E:\xampp\htdocs\paczka\wp-includes\class-wp-hook.php:326
Stack trace:
#0 E:\xampp\htdocs\paczka\wp-includes\plugin.php(205): WP_Hook->apply_filters(Array, Array)
#1 E:\xampp\htdocs\paczka\wp-content\plugins\woocommerce\includes\shortcodes\class-wc-shortcode-products.php(235): apply_filters('woocommerce_sho...', Array, Array, 'best_selling_pr...')
#2 E:\xampp\htdocs\paczka\wp-content\plugins\woocommerce\includes\shortcodes\class-wc-shortcode-products.php(60): WC_Shortcode_Products->parse_query_args()
#3 E:\xampp\htdocs\paczka\wp-content\plugins\woocommerce\includes\class-wc-shortcodes.php(442): WC_Shortcode_Products->__construct(Array, 'best_selling_pr...')
#4 E:\xampp\htdocs\paczka\wp-includes\shortcodes.php(433): WC_Shortcodes::best_selling_products(Array, '', 'best_selling_pr...')
#5 [internal function]: do_shortcode_tag(Array)
#6 E:\xampp\htdocs\paczka\wp-includes\shortcodes.php(273): preg_replace_callback('/\\[(\\[?)(best_s...', 'do_shortcode_ta...', '[best_selling_p...')
#7 E:\xampp\htdocs\paczka\wp-content\plugins\codezeel-shortcodes\shortcodes\codezeel-shortcodes.php(1094): do_shortcode('[best_selling_p...')
#8 E:\xampp\htdocs\paczka\wp-includes\shortcodes.php(433): shortcode_woo_products_container(Array, '[best_selling_p...', 'woo_products')
#9 [internal function]: do_shortcode_tag(Array)
#10 E:\xampp\htdocs\paczka\wp-includes\shortcodes.php(273): preg_replace_callback('/\\[(\\[?)(woo_pr...', 'do_shortcode_ta...', '[woo_products t...')
#11 E:\xampp\htdocs\paczka\wp-content\plugins\codezeel-shortcodes\shortcodes\codezeel-shortcodes.php(1144): do_shortcode('[woo_products t...')
#12 E:\xampp\htdocs\paczka\wp-includes\shortcodes.php(433): shortcode_product_tab('', '[woo_products t...', 'tmpmela_tab_hom...')
#13 [internal function]: do_shortcode_tag(Array)
#14 E:\xampp\htdocs\paczka\wp-includes\shortcodes.php(273): preg_replace_callback('/\\[(\\[?)(woo_pr...', 'do_shortcode_ta...', '[tmpmela_tab_ho...')
#15 E:\xampp\htdocs\paczka\wp-content\plugins\codezeel-shortcodes\shortcodes\codezeel-shortcodes.php(1134): do_shortcode('[tmpmela_tab_ho...')
#16 E:\xampp\htdocs\paczka\wp-includes\shortcodes.php(433): shortcode_product_tabs('', '[tmpmela_tab_ho...', 'tmpmela_product...')
#17 [internal function]: do_shortcode_tag(Array)
#18 E:\xampp\htdocs\paczka\wp-includes\shortcodes.php(273): preg_replace_callback('/\\[(\\[?)(woo_pr...', 'do_shortcode_ta...', '[title title="P...')
#19 E:\xampp\htdocs\paczka\wp-content\plugins\js_composer\include\helpers\helpers.php(247): do_shortcode('[title title="P...')
#20 E:\xampp\htdocs\paczka\wp-content\plugins\js_composer\include\templates\shortcodes\vc_column.php(94): wpb_js_remove_wpautop('[title title="P...')
#21 E:\xampp\htdocs\paczka\wp-content\plugins\js_composer\include\classes\shortcodes\core\class-wpbakeryshortcode.php(451): require('E:\\xampp\\htdocs...')
#22 E:\xampp\htdocs\paczka\wp-content\plugins\js_composer\include\classes\shortcodes\core\class-wpbakeryshortcode.php(424): WPBakeryShortCode->loadTemplate(Array, '[title title="P...')
#23 E:\xampp\htdocs\paczka\wp-content\plugins\js_composer\include\classes\shortcodes\core\class-wpbakeryshortcode.php(546): WPBakeryShortCode->content(Array, '[title title="P...')
#24 E:\xampp\htdocs\paczka\wp-content\plugins\js_composer\include\helpers\helpers.php(1324): WPBakeryShortCode->output('', '[title title="P...')
#25 E:\xampp\htdocs\paczka\wp-includes\shortcodes.php(433): vc_do_shortcode('', '[title title="P...', 'vc_column')
#26 [internal function]: do_shortcode_tag(Array)
#27 E:\xampp\htdocs\paczka\wp-includes\shortcodes.php(273): preg_replace_callback('/\\[(\\[?)(woo_pr...', 'do_shortcode_ta...', '[vc_column][tit...')
#28 E:\xampp\htdocs\paczka\wp-content\plugins\js_composer\include\helpers\helpers.php(247): do_shortcode('[vc_column][tit...')
#29 E:\xampp\htdocs\paczka\wp-content\plugins\js_composer\include\templates\shortcodes\vc_row.php(156): wpb_js_remove_wpautop('[vc_column][tit...')
#30 E:\xampp\htdocs\paczka\wp-content\plugins\js_composer\include\classes\shortcodes\core\class-wpbakeryshortcode.php(451): require('E:\\xampp\\htdocs...')
#31 E:\xampp\htdocs\paczka\wp-content\plugins\js_composer\include\classes\shortcodes\vc-row.php(40): WPBakeryShortCode->loadTemplate(Array, '[vc_column][tit...')
#32 E:\xampp\htdocs\paczka\wp-content\plugins\js_composer\include\classes\shortcodes\core\class-wpbakeryshortcode.php(546): WPBakeryShortCode_Vc_Row->content(Array, '[vc_column][tit...')
#33 E:\xampp\htdocs\paczka\wp-content\plugins\js_composer\include\helpers\helpers.php(1324): WPBakeryShortCode->output(Array, '[vc_column][tit...')
#34 E:\xampp\htdocs\paczka\wp-includes\shortcodes.php(433): vc_do_shortcode(Array, '[vc_column][tit...', 'vc_row')
#35 [internal function]: do_shortcode_tag(Array)
#36 E:\xampp\htdocs\paczka\wp-includes\shortcodes.php(273): preg_replace_callback('/\\[(\\[?)(recomm...', 'do_shortcode_ta...', '<p>[vc_row el_c...')
#37 E:\xampp\htdocs\paczka\wp-includes\class-wp-hook.php(324): do_shortcode('<p>[vc_row el_c...')
#38 E:\xampp\htdocs\paczka\wp-includes\plugin.php(205): WP_Hook->apply_filters('<p>[vc_row el_c...', Array)
#39 E:\xampp\htdocs\paczka\wp-includes\post-template.php(256): apply_filters('the_content', '[vc_row el_clas...')
#40 E:\xampp\htdocs\paczka\wp-content\themes\burge\content-page.php(16): the_content()
#41 E:\xampp\htdocs\paczka\wp-includes\template.php(792): require('E:\\xampp\\htdocs...')
#42 E:\xampp\htdocs\paczka\wp-includes\template.php(725): load_template('E:\\xampp\\htdocs...', false, Array)
#43 E:\xampp\htdocs\paczka\wp-includes\general-template.php(206): locate_template(Array, true, false, Array)
#44 E:\xampp\htdocs\paczka\wp-content\themes\burge\page-templates\home.php(46): get_template_part('content', 'page')
#45 E:\xampp\htdocs\paczka\wp-includes\template-loader.php(106): include('E:\\xampp\\htdocs...')
#46 E:\xampp\htdocs\paczka\wp-blog-header.php(19): require_once('E:\\xampp\\htdocs...')
#47 E:\xampp\htdocs\paczka\index.php(17): require('E:\\xampp\\htdocs...')
#48 {main}
  thrown in E:\xampp\htdocs\paczka\wp-includes\class-wp-hook.php on line 326

2024-02-27T21:05:25+00:00 CRITICAL Cannot redeclare modify_recommended_products_query() (previously declared in E:\xampp\htdocs\paczka\wp-content\plugins\page-management\woo\custom_field.php:114) in E:\xampp\htdocs\paczka\wp-content\plugins\page-management\woo\custom_field.php on line 114

2024-02-27T21:09:42+00:00 CRITICAL Cannot redeclare modify_recommended_products_query() (previously declared in E:\xampp\htdocs\paczka\wp-content\plugins\page-management\woo\custom_field.php:114) in E:\xampp\htdocs\paczka\wp-content\plugins\page-management\woo\custom_field.php on line 114

2024-02-27T21:10:49+00:00 CRITICAL Uncaught TypeError: call_user_func_array(): Argument #1 ($callback) must be a valid callback, function "modify_recommended_products_query" not found or invalid function name in E:\xampp\htdocs\paczka\wp-includes\class-wp-hook.php:326
Stack trace:
#0 E:\xampp\htdocs\paczka\wp-includes\plugin.php(205): WP_Hook->apply_filters(Array, Array)
#1 E:\xampp\htdocs\paczka\wp-content\plugins\woocommerce\includes\shortcodes\class-wc-shortcode-products.php(235): apply_filters('woocommerce_sho...', Array, Array, 'recommended_pro...')
#2 E:\xampp\htdocs\paczka\wp-content\plugins\woocommerce\includes\shortcodes\class-wc-shortcode-products.php(60): WC_Shortcode_Products->parse_query_args()
#3 E:\xampp\htdocs\paczka\wp-content\plugins\page-management\woo\custom_field.php(127): WC_Shortcode_Products->__construct(Array, 'recommended_pro...')
#4 E:\xampp\htdocs\paczka\wp-includes\shortcodes.php(433): My_woo->recommended_products_shortcode(Array, '', 'recommended_pro...')
#5 [internal function]: do_shortcode_tag(Array)
#6 E:\xampp\htdocs\paczka\wp-includes\shortcodes.php(273): preg_replace_callback('/\\[(\\[?)(recomm...', 'do_shortcode_ta...', '[recommended_pr...')
#7 E:\xampp\htdocs\paczka\wp-content\plugins\codezeel-shortcodes\shortcodes\codezeel-shortcodes.php(1094): do_shortcode('[recommended_pr...')
#8 E:\xampp\htdocs\paczka\wp-includes\shortcodes.php(433): shortcode_woo_products_container(Array, '[recommended_pr...', 'woo_products')
#9 [internal function]: do_shortcode_tag(Array)
#10 E:\xampp\htdocs\paczka\wp-includes\shortcodes.php(273): preg_replace_callback('/\\[(\\[?)(recomm...', 'do_shortcode_ta...', '[woo_products t...')
#11 E:\xampp\htdocs\paczka\wp-content\plugins\codezeel-shortcodes\shortcodes\codezeel-shortcodes.php(1144): do_shortcode('[woo_products t...')
#12 E:\xampp\htdocs\paczka\wp-includes\shortcodes.php(433): shortcode_product_tab('', '[woo_products t...', 'tmpmela_tab_hom...')
#13 [internal function]: do_shortcode_tag(Array)
#14 E:\xampp\htdocs\paczka\wp-includes\shortcodes.php(273): preg_replace_callback('/\\[(\\[?)(recomm...', 'do_shortcode_ta...', '[tmpmela_tab_ho...')
#15 E:\xampp\htdocs\paczka\wp-content\plugins\codezeel-shortcodes\shortcodes\codezeel-shortcodes.php(1134): do_shortcode('[tmpmela_tab_ho...')
#16 E:\xampp\htdocs\paczka\wp-includes\shortcodes.php(433): shortcode_product_tabs('', '[tmpmela_tab_ho...', 'tmpmela_product...')
#17 [internal function]: do_shortcode_tag(Array)
#18 E:\xampp\htdocs\paczka\wp-includes\shortcodes.php(273): preg_replace_callback('/\\[(\\[?)(recomm...', 'do_shortcode_ta...', '[title title="P...')
#19 E:\xampp\htdocs\paczka\wp-content\plugins\js_composer\include\helpers\helpers.php(247): do_shortcode('[title title="P...')
#20 E:\xampp\htdocs\paczka\wp-content\plugins\js_composer\include\templates\shortcodes\vc_column.php(94): wpb_js_remove_wpautop('[title title="P...')
#21 E:\xampp\htdocs\paczka\wp-content\plugins\js_composer\include\classes\shortcodes\core\class-wpbakeryshortcode.php(451): require('E:\\xampp\\htdocs...')
#22 E:\xampp\htdocs\paczka\wp-content\plugins\js_composer\include\classes\shortcodes\core\class-wpbakeryshortcode.php(424): WPBakeryShortCode->loadTemplate(Array, '[title title="P...')
#23 E:\xampp\htdocs\paczka\wp-content\plugins\js_composer\include\classes\shortcodes\core\class-wpbakeryshortcode.php(546): WPBakeryShortCode->content(Array, '[title title="P...')
#24 E:\xampp\htdocs\paczka\wp-content\plugins\js_composer\include\helpers\helpers.php(1324): WPBakeryShortCode->output('', '[title title="P...')
#25 E:\xampp\htdocs\paczka\wp-includes\shortcodes.php(433): vc_do_shortcode('', '[title title="P...', 'vc_column')
#26 [internal function]: do_shortcode_tag(Array)
#27 E:\xampp\htdocs\paczka\wp-includes\shortcodes.php(273): preg_replace_callback('/\\[(\\[?)(recomm...', 'do_shortcode_ta...', '[vc_column][tit...')
#28 E:\xampp\htdocs\paczka\wp-content\plugins\js_composer\include\helpers\helpers.php(247): do_shortcode('[vc_column][tit...')
#29 E:\xampp\htdocs\paczka\wp-content\plugins\js_composer\include\templates\shortcodes\vc_row.php(156): wpb_js_remove_wpautop('[vc_column][tit...')
#30 E:\xampp\htdocs\paczka\wp-content\plugins\js_composer\include\classes\shortcodes\core\class-wpbakeryshortcode.php(451): require('E:\\xampp\\htdocs...')
#31 E:\xampp\htdocs\paczka\wp-content\plugins\js_composer\include\classes\shortcodes\vc-row.php(40): WPBakeryShortCode->loadTemplate(Array, '[vc_column][tit...')
#32 E:\xampp\htdocs\paczka\wp-content\plugins\js_composer\include\classes\shortcodes\core\class-wpbakeryshortcode.php(546): WPBakeryShortCode_Vc_Row->content(Array, '[vc_column][tit...')
#33 E:\xampp\htdocs\paczka\wp-content\plugins\js_composer\include\helpers\helpers.php(1324): WPBakeryShortCode->output(Array, '[vc_column][tit...')
#34 E:\xampp\htdocs\paczka\wp-includes\shortcodes.php(433): vc_do_shortcode(Array, '[vc_column][tit...', 'vc_row')
#35 [internal function]: do_shortcode_tag(Array)
#36 E:\xampp\htdocs\paczka\wp-includes\shortcodes.php(273): preg_replace_callback('/\\[(\\[?)(recomm...', 'do_shortcode_ta...', '<p>[vc_row el_c...')
#37 E:\xampp\htdocs\paczka\wp-includes\class-wp-hook.php(324): do_shortcode('<p>[vc_row el_c...')
#38 E:\xampp\htdocs\paczka\wp-includes\plugin.php(205): WP_Hook->apply_filters('<p>[vc_row el_c...', Array)
#39 E:\xampp\htdocs\paczka\wp-content\plugins\wordpress-seo\src\builders\indexable-link-builder.php(117): apply_filters('the_content', '[vc_row el_clas...')
#40 E:\xampp\htdocs\paczka\wp-content\plugins\wordpress-seo\src\integrations\watchers\indexable-post-watcher.php(209): Yoast\WP\SEO\Builders\Indexable_Link_Builder->build(Object(Yoast\WP\SEO\Models\Indexable), '[vc_row el_clas...')
#41 E:\xampp\htdocs\paczka\wp-includes\class-wp-hook.php(326): Yoast\WP\SEO\Integrations\Watchers\Indexable_Post_Watcher->build_indexable(212)
#42 E:\xampp\htdocs\paczka\wp-includes\class-wp-hook.php(348): WP_Hook->apply_filters(NULL, Array)
#43 E:\xampp\htdocs\paczka\wp-includes\plugin.php(517): WP_Hook->do_action(Array)
#44 E:\xampp\htdocs\paczka\wp-includes\post.php(4771): do_action('wp_insert_post', 212, Object(WP_Post), true)
#45 E:\xampp\htdocs\paczka\wp-includes\post.php(4862): wp_insert_post(Array, false, true)
#46 E:\xampp\htdocs\paczka\wp-admin\includes\post.php(453): wp_update_post(Array)
#47 E:\xampp\htdocs\paczka\wp-admin\post.php(227): edit_post()
#48 {main}
  thrown in E:\xampp\htdocs\paczka\wp-includes\class-wp-hook.php on line 326

2024-02-27T21:13:44+00:00 CRITICAL Uncaught TypeError: call_user_func_array(): Argument #1 ($callback) must be a valid callback, function "modify_recommended_products_query" not found or invalid function name in E:\xampp\htdocs\paczka\wp-includes\class-wp-hook.php:326
Stack trace:
#0 E:\xampp\htdocs\paczka\wp-includes\plugin.php(205): WP_Hook->apply_filters(Array, Array)
#1 E:\xampp\htdocs\paczka\wp-content\plugins\woocommerce\includes\shortcodes\class-wc-shortcode-products.php(235): apply_filters('woocommerce_sho...', Array, Array, 'recommended_pro...')
#2 E:\xampp\htdocs\paczka\wp-content\plugins\woocommerce\includes\shortcodes\class-wc-shortcode-products.php(60): WC_Shortcode_Products->parse_query_args()
#3 E:\xampp\htdocs\paczka\wp-content\plugins\page-management\woo\custom_field.php(141): WC_Shortcode_Products->__construct(Array, 'recommended_pro...')
#4 E:\xampp\htdocs\paczka\wp-includes\shortcodes.php(433): My_woo->recommended_products_shortcode(Array, '', 'recommended_pro...')
#5 [internal function]: do_shortcode_tag(Array)
#6 E:\xampp\htdocs\paczka\wp-includes\shortcodes.php(273): preg_replace_callback('/\\[(\\[?)(recomm...', 'do_shortcode_ta...', '[recommended_pr...')
#7 E:\xampp\htdocs\paczka\wp-content\plugins\codezeel-shortcodes\shortcodes\codezeel-shortcodes.php(1094): do_shortcode('[recommended_pr...')
#8 E:\xampp\htdocs\paczka\wp-includes\shortcodes.php(433): shortcode_woo_products_container(Array, '[recommended_pr...', 'woo_products')
#9 [internal function]: do_shortcode_tag(Array)
#10 E:\xampp\htdocs\paczka\wp-includes\shortcodes.php(273): preg_replace_callback('/\\[(\\[?)(recomm...', 'do_shortcode_ta...', '[woo_products t...')
#11 E:\xampp\htdocs\paczka\wp-content\plugins\codezeel-shortcodes\shortcodes\codezeel-shortcodes.php(1144): do_shortcode('[woo_products t...')
#12 E:\xampp\htdocs\paczka\wp-includes\shortcodes.php(433): shortcode_product_tab('', '[woo_products t...', 'tmpmela_tab_hom...')
#13 [internal function]: do_shortcode_tag(Array)
#14 E:\xampp\htdocs\paczka\wp-includes\shortcodes.php(273): preg_replace_callback('/\\[(\\[?)(recomm...', 'do_shortcode_ta...', '[tmpmela_tab_ho...')
#15 E:\xampp\htdocs\paczka\wp-content\plugins\codezeel-shortcodes\shortcodes\codezeel-shortcodes.php(1134): do_shortcode('[tmpmela_tab_ho...')
#16 E:\xampp\htdocs\paczka\wp-includes\shortcodes.php(433): shortcode_product_tabs('', '[tmpmela_tab_ho...', 'tmpmela_product...')
#17 [internal function]: do_shortcode_tag(Array)
#18 E:\xampp\htdocs\paczka\wp-includes\shortcodes.php(273): preg_replace_callback('/\\[(\\[?)(recomm...', 'do_shortcode_ta...', '[title title="P...')
#19 E:\xampp\htdocs\paczka\wp-content\plugins\js_composer\include\helpers\helpers.php(247): do_shortcode('[title title="P...')
#20 E:\xampp\htdocs\paczka\wp-content\plugins\js_composer\include\templates\shortcodes\vc_column.php(94): wpb_js_remove_wpautop('[title title="P...')
#21 E:\xampp\htdocs\paczka\wp-content\plugins\js_composer\include\classes\shortcodes\core\class-wpbakeryshortcode.php(451): require('E:\\xampp\\htdocs...')
#22 E:\xampp\htdocs\paczka\wp-content\plugins\js_composer\include\classes\shortcodes\core\class-wpbakeryshortcode.php(424): WPBakeryShortCode->loadTemplate(Array, '[title title="P...')
#23 E:\xampp\htdocs\paczka\wp-content\plugins\js_composer\include\classes\shortcodes\core\class-wpbakeryshortcode.php(546): WPBakeryShortCode->content(Array, '[title title="P...')
#24 E:\xampp\htdocs\paczka\wp-content\plugins\js_composer\include\helpers\helpers.php(1324): WPBakeryShortCode->output('', '[title title="P...')
#25 E:\xampp\htdocs\paczka\wp-includes\shortcodes.php(433): vc_do_shortcode('', '[title title="P...', 'vc_column')
#26 [internal function]: do_shortcode_tag(Array)
#27 E:\xampp\htdocs\paczka\wp-includes\shortcodes.php(273): preg_replace_callback('/\\[(\\[?)(recomm...', 'do_shortcode_ta...', '[vc_column][tit...')
#28 E:\xampp\htdocs\paczka\wp-content\plugins\js_composer\include\helpers\helpers.php(247): do_shortcode('[vc_column][tit...')
#29 E:\xampp\htdocs\paczka\wp-content\plugins\js_composer\include\templates\shortcodes\vc_row.php(156): wpb_js_remove_wpautop('[vc_column][tit...')
#30 E:\xampp\htdocs\paczka\wp-content\plugins\js_composer\include\classes\shortcodes\core\class-wpbakeryshortcode.php(451): require('E:\\xampp\\htdocs...')
#31 E:\xampp\htdocs\paczka\wp-content\plugins\js_composer\include\classes\shortcodes\vc-row.php(40): WPBakeryShortCode->loadTemplate(Array, '[vc_column][tit...')
#32 E:\xampp\htdocs\paczka\wp-content\plugins\js_composer\include\classes\shortcodes\core\class-wpbakeryshortcode.php(546): WPBakeryShortCode_Vc_Row->content(Array, '[vc_column][tit...')
#33 E:\xampp\htdocs\paczka\wp-content\plugins\js_composer\include\helpers\helpers.php(1324): WPBakeryShortCode->output(Array, '[vc_column][tit...')
#34 E:\xampp\htdocs\paczka\wp-includes\shortcodes.php(433): vc_do_shortcode(Array, '[vc_column][tit...', 'vc_row')
#35 [internal function]: do_shortcode_tag(Array)
#36 E:\xampp\htdocs\paczka\wp-includes\shortcodes.php(273): preg_replace_callback('/\\[(\\[?)(recomm...', 'do_shortcode_ta...', '<p>[vc_row el_c...')
#37 E:\xampp\htdocs\paczka\wp-includes\class-wp-hook.php(324): do_shortcode('<p>[vc_row el_c...')
#38 E:\xampp\htdocs\paczka\wp-includes\plugin.php(205): WP_Hook->apply_filters('<p>[vc_row el_c...', Array)
#39 E:\xampp\htdocs\paczka\wp-content\plugins\wordpress-seo\src\builders\indexable-link-builder.php(117): apply_filters('the_content', '[vc_row el_clas...')
#40 E:\xampp\htdocs\paczka\wp-content\plugins\wordpress-seo\src\integrations\watchers\indexable-post-watcher.php(209): Yoast\WP\SEO\Builders\Indexable_Link_Builder->build(Object(Yoast\WP\SEO\Models\Indexable), '[vc_row el_clas...')
#41 E:\xampp\htdocs\paczka\wp-includes\class-wp-hook.php(326): Yoast\WP\SEO\Integrations\Watchers\Indexable_Post_Watcher->build_indexable(212)
#42 E:\xampp\htdocs\paczka\wp-includes\class-wp-hook.php(348): WP_Hook->apply_filters(NULL, Array)
#43 E:\xampp\htdocs\paczka\wp-includes\plugin.php(517): WP_Hook->do_action(Array)
#44 E:\xampp\htdocs\paczka\wp-includes\post.php(4771): do_action('wp_insert_post', 212, Object(WP_Post), true)
#45 E:\xampp\htdocs\paczka\wp-includes\post.php(4862): wp_insert_post(Array, false, true)
#46 E:\xampp\htdocs\paczka\wp-admin\includes\post.php(453): wp_update_post(Array)
#47 E:\xampp\htdocs\paczka\wp-admin\post.php(227): edit_post()
#48 {main}
  thrown in E:\xampp\htdocs\paczka\wp-includes\class-wp-hook.php on line 326

2024-02-27T21:14:22+00:00 CRITICAL Cannot redeclare modify_recommended_products_query() (previously declared in E:\xampp\htdocs\paczka\wp-content\plugins\page-management\woo\custom_field.php:114) in E:\xampp\htdocs\paczka\wp-content\plugins\page-management\woo\custom_field.php on line 114

2024-02-27T21:15:14+00:00 CRITICAL Cannot redeclare modify_recommended_products_query() (previously declared in E:\xampp\htdocs\paczka\wp-content\plugins\page-management\woo\custom_field.php:114) in E:\xampp\htdocs\paczka\wp-content\plugins\page-management\woo\custom_field.php on line 114

2024-02-27T21:15:34+00:00 CRITICAL Cannot redeclare modify_recommended_products_query() (previously declared in E:\xampp\htdocs\paczka\wp-content\plugins\page-management\woo\custom_field.php:114) in E:\xampp\htdocs\paczka\wp-content\plugins\page-management\woo\custom_field.php on line 114

2024-02-27T21:16:14+00:00 CRITICAL Cannot redeclare modify_recommended_products_query() (previously declared in E:\xampp\htdocs\paczka\wp-content\plugins\page-management\woo\custom_field.php:114) in E:\xampp\htdocs\paczka\wp-content\plugins\page-management\woo\custom_field.php on line 114

2024-02-27T21:17:11+00:00 CRITICAL Cannot redeclare modify_recommended_products_query() (previously declared in E:\xampp\htdocs\paczka\wp-content\plugins\page-management\woo\custom_field.php:113) in E:\xampp\htdocs\paczka\wp-content\plugins\page-management\woo\custom_field.php on line 113

2024-02-27T21:17:45+00:00 CRITICAL Cannot redeclare modify_recommended_products_query() (previously declared in E:\xampp\htdocs\paczka\wp-content\plugins\page-management\woo\custom_field.php:113) in E:\xampp\htdocs\paczka\wp-content\plugins\page-management\woo\custom_field.php on line 113

2024-02-27T21:18:26+00:00 CRITICAL Cannot redeclare modify_recommended_products_query() (previously declared in E:\xampp\htdocs\paczka\wp-content\plugins\page-management\woo\custom_field.php:121) in E:\xampp\htdocs\paczka\wp-content\plugins\page-management\woo\custom_field.php on line 121

2024-02-27T21:19:26+00:00 CRITICAL Cannot redeclare modify_recommended_products_query() (previously declared in E:\xampp\htdocs\paczka\wp-content\plugins\page-management\woo\custom_field.php:113) in E:\xampp\htdocs\paczka\wp-content\plugins\page-management\woo\custom_field.php on line 113

2024-02-27T21:19:38+00:00 CRITICAL Cannot redeclare modify_recommended_products_query() (previously declared in E:\xampp\htdocs\paczka\wp-content\plugins\page-management\woo\custom_field.php:113) in E:\xampp\htdocs\paczka\wp-content\plugins\page-management\woo\custom_field.php on line 113

2024-02-27T21:19:54+00:00 CRITICAL Cannot redeclare modify_recommended_products_query() (previously declared in E:\xampp\htdocs\paczka\wp-content\plugins\page-management\woo\custom_field.php:113) in E:\xampp\htdocs\paczka\wp-content\plugins\page-management\woo\custom_field.php on line 113

2024-02-27T21:20:55+00:00 CRITICAL Uncaught TypeError: call_user_func_array(): Argument #1 ($callback) must be a valid callback, function "modify_recommended_products_query" not found or invalid function name in E:\xampp\htdocs\paczka\wp-includes\class-wp-hook.php:326
Stack trace:
#0 E:\xampp\htdocs\paczka\wp-includes\plugin.php(205): WP_Hook->apply_filters(Array, Array)
#1 E:\xampp\htdocs\paczka\wp-content\plugins\woocommerce\includes\shortcodes\class-wc-shortcode-products.php(235): apply_filters('woocommerce_sho...', Array, Array, 'recommended_pro...')
#2 E:\xampp\htdocs\paczka\wp-content\plugins\woocommerce\includes\shortcodes\class-wc-shortcode-products.php(60): WC_Shortcode_Products->parse_query_args()
#3 E:\xampp\htdocs\paczka\wp-content\plugins\page-management\woo\custom_field.php(127): WC_Shortcode_Products->__construct(Array, 'recommended_pro...')
#4 E:\xampp\htdocs\paczka\wp-includes\shortcodes.php(433): My_woo->recommended_products_shortcode(Array, '', 'recommended_pro...')
#5 [internal function]: do_shortcode_tag(Array)
#6 E:\xampp\htdocs\paczka\wp-includes\shortcodes.php(273): preg_replace_callback('/\\[(\\[?)(recomm...', 'do_shortcode_ta...', '[recommended_pr...')
#7 E:\xampp\htdocs\paczka\wp-content\plugins\codezeel-shortcodes\shortcodes\codezeel-shortcodes.php(1094): do_shortcode('[recommended_pr...')
#8 E:\xampp\htdocs\paczka\wp-includes\shortcodes.php(433): shortcode_woo_products_container(Array, '[recommended_pr...', 'woo_products')
#9 [internal function]: do_shortcode_tag(Array)
#10 E:\xampp\htdocs\paczka\wp-includes\shortcodes.php(273): preg_replace_callback('/\\[(\\[?)(recomm...', 'do_shortcode_ta...', '[woo_products t...')
#11 E:\xampp\htdocs\paczka\wp-content\plugins\codezeel-shortcodes\shortcodes\codezeel-shortcodes.php(1144): do_shortcode('[woo_products t...')
#12 E:\xampp\htdocs\paczka\wp-includes\shortcodes.php(433): shortcode_product_tab('', '[woo_products t...', 'tmpmela_tab_hom...')
#13 [internal function]: do_shortcode_tag(Array)
#14 E:\xampp\htdocs\paczka\wp-includes\shortcodes.php(273): preg_replace_callback('/\\[(\\[?)(recomm...', 'do_shortcode_ta...', '[tmpmela_tab_ho...')
#15 E:\xampp\htdocs\paczka\wp-content\plugins\codezeel-shortcodes\shortcodes\codezeel-shortcodes.php(1134): do_shortcode('[tmpmela_tab_ho...')
#16 E:\xampp\htdocs\paczka\wp-includes\shortcodes.php(433): shortcode_product_tabs('', '[tmpmela_tab_ho...', 'tmpmela_product...')
#17 [internal function]: do_shortcode_tag(Array)
#18 E:\xampp\htdocs\paczka\wp-includes\shortcodes.php(273): preg_replace_callback('/\\[(\\[?)(recomm...', 'do_shortcode_ta...', '[title title="P...')
#19 E:\xampp\htdocs\paczka\wp-content\plugins\js_composer\include\helpers\helpers.php(247): do_shortcode('[title title="P...')
#20 E:\xampp\htdocs\paczka\wp-content\plugins\js_composer\include\templates\shortcodes\vc_column.php(94): wpb_js_remove_wpautop('[title title="P...')
#21 E:\xampp\htdocs\paczka\wp-content\plugins\js_composer\include\classes\shortcodes\core\class-wpbakeryshortcode.php(451): require('E:\\xampp\\htdocs...')
#22 E:\xampp\htdocs\paczka\wp-content\plugins\js_composer\include\classes\shortcodes\core\class-wpbakeryshortcode.php(424): WPBakeryShortCode->loadTemplate(Array, '[title title="P...')
#23 E:\xampp\htdocs\paczka\wp-content\plugins\js_composer\include\classes\shortcodes\core\class-wpbakeryshortcode.php(546): WPBakeryShortCode->content(Array, '[title title="P...')
#24 E:\xampp\htdocs\paczka\wp-content\plugins\js_composer\include\helpers\helpers.php(1324): WPBakeryShortCode->output('', '[title title="P...')
#25 E:\xampp\htdocs\paczka\wp-includes\shortcodes.php(433): vc_do_shortcode('', '[title title="P...', 'vc_column')
#26 [internal function]: do_shortcode_tag(Array)
#27 E:\xampp\htdocs\paczka\wp-includes\shortcodes.php(273): preg_replace_callback('/\\[(\\[?)(recomm...', 'do_shortcode_ta...', '[vc_column][tit...')
#28 E:\xampp\htdocs\paczka\wp-content\plugins\js_composer\include\helpers\helpers.php(247): do_shortcode('[vc_column][tit...')
#29 E:\xampp\htdocs\paczka\wp-content\plugins\js_composer\include\templates\shortcodes\vc_row.php(156): wpb_js_remove_wpautop('[vc_column][tit...')
#30 E:\xampp\htdocs\paczka\wp-content\plugins\js_composer\include\classes\shortcodes\core\class-wpbakeryshortcode.php(451): require('E:\\xampp\\htdocs...')
#31 E:\xampp\htdocs\paczka\wp-content\plugins\js_composer\include\classes\shortcodes\vc-row.php(40): WPBakeryShortCode->loadTemplate(Array, '[vc_column][tit...')
#32 E:\xampp\htdocs\paczka\wp-content\plugins\js_composer\include\classes\shortcodes\core\class-wpbakeryshortcode.php(546): WPBakeryShortCode_Vc_Row->content(Array, '[vc_column][tit...')
#33 E:\xampp\htdocs\paczka\wp-content\plugins\js_composer\include\helpers\helpers.php(1324): WPBakeryShortCode->output(Array, '[vc_column][tit...')
#34 E:\xampp\htdocs\paczka\wp-includes\shortcodes.php(433): vc_do_shortcode(Array, '[vc_column][tit...', 'vc_row')
#35 [internal function]: do_shortcode_tag(Array)
#36 E:\xampp\htdocs\paczka\wp-includes\shortcodes.php(273): preg_replace_callback('/\\[(\\[?)(recomm...', 'do_shortcode_ta...', '<p>[vc_row el_c...')
#37 E:\xampp\htdocs\paczka\wp-includes\class-wp-hook.php(324): do_shortcode('<p>[vc_row el_c...')
#38 E:\xampp\htdocs\paczka\wp-includes\plugin.php(205): WP_Hook->apply_filters('<p>[vc_row el_c...', Array)
#39 E:\xampp\htdocs\paczka\wp-includes\post-template.php(256): apply_filters('the_content', '[vc_row el_clas...')
#40 E:\xampp\htdocs\paczka\wp-content\themes\burge\content-page.php(16): the_content()
#41 E:\xampp\htdocs\paczka\wp-includes\template.php(792): require('E:\\xampp\\htdocs...')
#42 E:\xampp\htdocs\paczka\wp-includes\template.php(725): load_template('E:\\xampp\\htdocs...', false, Array)
#43 E:\xampp\htdocs\paczka\wp-includes\general-template.php(206): locate_template(Array, true, false, Array)
#44 E:\xampp\htdocs\paczka\wp-content\themes\burge\page-templates\home.php(46): get_template_part('content', 'page')
#45 E:\xampp\htdocs\paczka\wp-includes\template-loader.php(106): include('E:\\xampp\\htdocs...')
#46 E:\xampp\htdocs\paczka\wp-blog-header.php(19): require_once('E:\\xampp\\htdocs...')
#47 E:\xampp\htdocs\paczka\index.php(17): require('E:\\xampp\\htdocs...')
#48 {main}
  thrown in E:\xampp\htdocs\paczka\wp-includes\class-wp-hook.php on line 326

2024-02-27T23:57:37+00:00 CRITICAL syntax error, unexpected identifier "wp_dequeue_style" in E:\xampp\htdocs\paczka\wp-content\themes\burge\functions.php on line 405

