2024-03-02T10:03:37+00:00 CRITICAL Uncaught PDOException: SQLSTATE[HY000]: General error: 2006 MySQL server has gone away in E:\xampp\htdocs\paczka\wp-content\plugins\mailpoet\vendor-prefixed\doctrine\dbal\lib\Doctrine\DBAL\Driver\PDOStatement.php:59
Stack trace:
#0 E:\xampp\htdocs\paczka\wp-content\plugins\mailpoet\vendor-prefixed\doctrine\dbal\lib\Doctrine\DBAL\Driver\PDOStatement.php(59): PDOStatement->execute(NULL)
#1 E:\xampp\htdocs\paczka\wp-content\plugins\mailpoet\lib-3rd-party\Idiorm\idiorm.php(519): MailPoetVendor\Doctrine\DBAL\Driver\PDOStatement->execute()
#2 E:\xampp\htdocs\paczka\wp-content\plugins\mailpoet\lib-3rd-party\Idiorm\idiorm.php(1929): MailPoetVendor\Idiorm\ORM::_execute('SELECT `tasks`....', Array, 'default')
#3 E:\xampp\htdocs\paczka\wp-content\plugins\mailpoet\lib-3rd-party\Idiorm\idiorm.php(738): MailPoetVendor\Idiorm\ORM->_run()
#4 E:\xampp\htdocs\paczka\wp-content\plugins\mailpoet\lib-3rd-party\Idiorm\idiorm.php(727): MailPoetVendor\Idiorm\ORM->_find_many()
#5 E:\xampp\htdocs\paczka\wp-content\plugins\mailpoet\lib-3rd-party\Paris\paris.php(164): MailPoetVendor\Idiorm\ORM->find_many()
#6 [internal function]: MailPoetVendor\Paris\ORMWrapper->find_many()
#7 E:\xampp\htdocs\paczka\wp-content\plugins\mailpoet\lib-3rd-party\Idiorm\idiorm.php(2290): call_user_func_array(Array, Array)
#8 E:\xampp\htdocs\paczka\wp-content\plugins\mailpoet\lib\Tasks\Sending.php(316): MailPoetVendor\Idiorm\ORM->__call('findMany', Array)
#9 E:\xampp\htdocs\paczka\wp-content\plugins\mailpoet\lib\Cron\Workers\Scheduler.php(331): MailPoet\Tasks\Sending::getScheduledQueues(5)
#10 E:\xampp\htdocs\paczka\wp-content\plugins\mailpoet\lib\Cron\Triggers\WordPress.php(136): MailPoet\Cron\Workers\Scheduler::getScheduledQueues()
#11 E:\xampp\htdocs\paczka\wp-content\plugins\mailpoet\lib\Cron\ActionScheduler\Actions\DaemonRun.php(84): MailPoet\Cron\Triggers\WordPress->checkExecutionRequirements()
#12 E:\xampp\htdocs\paczka\wp-includes\class-wp-hook.php(324): MailPoet\Cron\ActionScheduler\Actions\DaemonRun->afterProcess('')
#13 E:\xampp\htdocs\paczka\wp-includes\class-wp-hook.php(348): WP_Hook->apply_filters('', Array)
#14 E:\xampp\htdocs\paczka\wp-includes\plugin.php(517): WP_Hook->do_action(Array)
#15 E:\xampp\htdocs\paczka\wp-content\plugins\woocommerce\packages\action-scheduler\classes\ActionScheduler_QueueRunner.php(141): do_action('action_schedule...')
#16 E:\xampp\htdocs\paczka\wp-content\plugins\mailpoet\lib\Cron\ActionScheduler\RemoteExecutorHandler.php(48): ActionScheduler_QueueRunner->run()
#17 E:\xampp\htdocs\paczka\wp-includes\class-wp-hook.php(324): MailPoet\Cron\ActionScheduler\RemoteExecutorHandler->runActionScheduler('')
#18 E:\xampp\htdocs\paczka\wp-includes\class-wp-hook.php(348): WP_Hook->apply_filters('', Array)
#19 E:\xampp\htdocs\paczka\wp-includes\plugin.php(517): WP_Hook->do_action(Array)
#20 E:\xampp\htdocs\paczka\wp-admin\admin-ajax.php(203): do_action('wp_ajax_nopriv_...')
#21 {main}

Next MailPoetVendor\Doctrine\DBAL\Driver\PDO\Exception: SQLSTATE[HY000]: General error: 2006 MySQL server has gone away in E:\xampp\htdocs\paczka\wp-content\plugins\mailpoet\vendor-prefixed\doctrine\dbal\lib\Doctrine\DBAL\Driver\PDO\Exception.php:10
Stack trace:
#0 E:\xampp\htdocs\paczka\wp-content\plugins\mailpoet\vendor-prefixed\doctrine\dbal\lib\Doctrine\DBAL\Driver\PDOStatement.php(61): MailPoetVendor\Doctrine\DBAL\Driver\PDO\Exception::new(Object(PDOException))
#1 E:\xampp\htdocs\paczka\wp-content\plugins\mailpoet\lib-3rd-party\Idiorm\idiorm.php(519): MailPoetVendor\Doctrine\DBAL\Driver\PDOStatement->execute()
#2 E:\xampp\htdocs\paczka\wp-content\plugins\mailpoet\lib-3rd-party\Idiorm\idiorm.php(1929): MailPoetVendor\Idiorm\ORM::_execute('SELECT `tasks`....', Array, 'default')
#3 E:\xampp\htdocs\paczka\wp-content\plugins\mailpoet\lib-3rd-party\Idiorm\idiorm.php(738): MailPoetVendor\Idiorm\ORM->_run()
#4 E:\xampp\htdocs\paczka\wp-content\plugins\mailpoet\lib-3rd-party\Idiorm\idiorm.php(727): MailPoetVendor\Idiorm\ORM->_find_many()
#5 E:\xampp\htdocs\paczka\wp-content\plugins\mailpoet\lib-3rd-party\Paris\paris.php(164): MailPoetVendor\Idiorm\ORM->find_many()
#6 [internal function]: MailPoetVendor\Paris\ORMWrapper->find_many()
#7 E:\xampp\htdocs\paczka\wp-content\plugins\mailpoet\lib-3rd-party\Idiorm\idiorm.php(2290): call_user_func_array(Array, Array)
#8 E:\xampp\htdocs\paczka\wp-content\plugins\mailpoet\lib\Tasks\Sending.php(316): MailPoetVendor\Idiorm\ORM->__call('findMany', Array)
#9 E:\xampp\htdocs\paczka\wp-content\plugins\mailpoet\lib\Cron\Workers\Scheduler.php(331): MailPoet\Tasks\Sending::getScheduledQueues(5)
#10 E:\xampp\htdocs\paczka\wp-content\plugins\mailpoet\lib\Cron\Triggers\WordPress.php(136): MailPoet\Cron\Workers\Scheduler::getScheduledQueues()
#11 E:\xampp\htdocs\paczka\wp-content\plugins\mailpoet\lib\Cron\ActionScheduler\Actions\DaemonRun.php(84): MailPoet\Cron\Triggers\WordPress->checkExecutionRequirements()
#12 E:\xampp\htdocs\paczka\wp-includes\class-wp-hook.php(324): MailPoet\Cron\ActionScheduler\Actions\DaemonRun->afterProcess('')
#13 E:\xampp\htdocs\paczka\wp-includes\class-wp-hook.php(348): WP_Hook->apply_filters('', Array)
#14 E:\xampp\htdocs\paczka\wp-includes\plugin.php(517): WP_Hook->do_action(Array)
#15 E:\xampp\htdocs\paczka\wp-content\plugins\woocommerce\packages\action-scheduler\classes\ActionScheduler_QueueRunner.php(141): do_action('action_schedule...')
#16 E:\xampp\htdocs\paczka\wp-content\plugins\mailpoet\lib\Cron\ActionScheduler\RemoteExecutorHandler.php(48): ActionScheduler_QueueRunner->run()
#17 E:\xampp\htdocs\paczka\wp-includes\class-wp-hook.php(324): MailPoet\Cron\ActionScheduler\RemoteExecutorHandler->runActionScheduler('')
#18 E:\xampp\htdocs\paczka\wp-includes\class-wp-hook.php(348): WP_Hook->apply_filters('', Array)
#19 E:\xampp\htdocs\paczka\wp-includes\plugin.php(517): WP_Hook->do_action(Array)
#20 E:\xampp\htdocs\paczka\wp-admin\admin-ajax.php(203): do_action('wp_ajax_nopriv_...')
#21 {main}
  thrown in E:\xampp\htdocs\paczka\wp-content\plugins\mailpoet\vendor-prefixed\doctrine\dbal\lib\Doctrine\DBAL\Driver\PDO\Exception.php on line 10

2024-03-02T21:35:44+00:00 CRITICAL Uncaught TypeError: explode(): Argument #2 ($string) must be of type string, array given in E:\xampp\htdocs\paczka\wp-content\plugins\woocommerce\includes\shortcodes\class-wc-shortcode-products.php:331
Stack trace:
#0 E:\xampp\htdocs\paczka\wp-content\plugins\woocommerce\includes\shortcodes\class-wc-shortcode-products.php(331): explode(',', Array)
#1 E:\xampp\htdocs\paczka\wp-content\plugins\woocommerce\includes\shortcodes\class-wc-shortcode-products.php(230): WC_Shortcode_Products->set_categories_query_args(Array)
#2 E:\xampp\htdocs\paczka\wp-content\plugins\woocommerce\includes\shortcodes\class-wc-shortcode-products.php(60): WC_Shortcode_Products->parse_query_args()
#3 E:\xampp\htdocs\paczka\wp-content\plugins\page-management\woo\custom_field.php(298): WC_Shortcode_Products->__construct(Array, 'selected_catego...')
#4 E:\xampp\htdocs\paczka\wp-includes\shortcodes.php(433): My_woo->selected_category_shortcode(Array, '', 'selected_catego...')
#5 [internal function]: do_shortcode_tag(Array)
#6 E:\xampp\htdocs\paczka\wp-includes\shortcodes.php(273): preg_replace_callback('/\\[(\\[?)(select...', 'do_shortcode_ta...', '[selected_categ...')
#7 E:\xampp\htdocs\paczka\wp-content\plugins\codezeel-shortcodes\shortcodes\codezeel-shortcodes.php(1094): do_shortcode('[selected_categ...')
#8 E:\xampp\htdocs\paczka\wp-includes\shortcodes.php(433): shortcode_woo_products_container(Array, '[selected_categ...', 'woo_products')
#9 [internal function]: do_shortcode_tag(Array)
#10 E:\xampp\htdocs\paczka\wp-includes\shortcodes.php(273): preg_replace_callback('/\\[(\\[?)(select...', 'do_shortcode_ta...', '[woo_products i...')
#11 E:\xampp\htdocs\paczka\wp-content\plugins\js_composer\include\helpers\helpers.php(247): do_shortcode('[woo_products i...')
#12 E:\xampp\htdocs\paczka\wp-content\plugins\js_composer\include\templates\shortcodes\vc_column.php(94): wpb_js_remove_wpautop('[woo_products i...')
#13 E:\xampp\htdocs\paczka\wp-content\plugins\js_composer\include\classes\shortcodes\core\class-wpbakeryshortcode.php(451): require('E:\\xampp\\htdocs...')
#14 E:\xampp\htdocs\paczka\wp-content\plugins\js_composer\include\classes\shortcodes\core\class-wpbakeryshortcode.php(424): WPBakeryShortCode->loadTemplate(Array, '[woo_products i...')
#15 E:\xampp\htdocs\paczka\wp-content\plugins\js_composer\include\classes\shortcodes\core\class-wpbakeryshortcode.php(546): WPBakeryShortCode->content(Array, '[woo_products i...')
#16 E:\xampp\htdocs\paczka\wp-content\plugins\js_composer\include\helpers\helpers.php(1324): WPBakeryShortCode->output('', '[woo_products i...')
#17 E:\xampp\htdocs\paczka\wp-includes\shortcodes.php(433): vc_do_shortcode('', '[woo_products i...', 'vc_column')
#18 [internal function]: do_shortcode_tag(Array)
#19 E:\xampp\htdocs\paczka\wp-includes\shortcodes.php(273): preg_replace_callback('/\\[(\\[?)(select...', 'do_shortcode_ta...', '[vc_column][woo...')
#20 E:\xampp\htdocs\paczka\wp-content\plugins\js_composer\include\helpers\helpers.php(247): do_shortcode('[vc_column][woo...')
#21 E:\xampp\htdocs\paczka\wp-content\plugins\js_composer\include\templates\shortcodes\vc_row.php(156): wpb_js_remove_wpautop('[vc_column][woo...')
#22 E:\xampp\htdocs\paczka\wp-content\plugins\js_composer\include\classes\shortcodes\core\class-wpbakeryshortcode.php(451): require('E:\\xampp\\htdocs...')
#23 E:\xampp\htdocs\paczka\wp-content\plugins\js_composer\include\classes\shortcodes\vc-row.php(40): WPBakeryShortCode->loadTemplate(Array, '[vc_column][woo...')
#24 E:\xampp\htdocs\paczka\wp-content\plugins\js_composer\include\classes\shortcodes\core\class-wpbakeryshortcode.php(546): WPBakeryShortCode_Vc_Row->content(Array, '[vc_column][woo...')
#25 E:\xampp\htdocs\paczka\wp-content\plugins\js_composer\include\helpers\helpers.php(1324): WPBakeryShortCode->output('', '[vc_column][woo...')
#26 E:\xampp\htdocs\paczka\wp-includes\shortcodes.php(433): vc_do_shortcode('', '[vc_column][woo...', 'vc_row')
#27 [internal function]: do_shortcode_tag(Array)
#28 E:\xampp\htdocs\paczka\wp-includes\shortcodes.php(273): preg_replace_callback('/\\[(\\[?)(recomm...', 'do_shortcode_ta...', '<p>[vc_row][vc_...')
#29 E:\xampp\htdocs\paczka\wp-includes\class-wp-hook.php(324): do_shortcode('<p>[vc_row][vc_...')
#30 E:\xampp\htdocs\paczka\wp-includes\plugin.php(205): WP_Hook->apply_filters('<p>[vc_row][vc_...', Array)
#31 E:\xampp\htdocs\paczka\wp-includes\post-template.php(256): apply_filters('the_content', '[vc_row][vc_col...')
#32 E:\xampp\htdocs\paczka\wp-content\themes\burge\content-page.php(16): the_content()
#33 E:\xampp\htdocs\paczka\wp-includes\template.php(792): require('E:\\xampp\\htdocs...')
#34 E:\xampp\htdocs\paczka\wp-includes\template.php(725): load_template('E:\\xampp\\htdocs...', false, Array)
#35 E:\xampp\htdocs\paczka\wp-includes\general-template.php(206): locate_template(Array, true, false, Array)
#36 E:\xampp\htdocs\paczka\wp-content\themes\burge\page-templates\home.php(47): get_template_part('content', 'page')
#37 E:\xampp\htdocs\paczka\wp-includes\template-loader.php(106): include('E:\\xampp\\htdocs...')
#38 E:\xampp\htdocs\paczka\wp-blog-header.php(19): require_once('E:\\xampp\\htdocs...')
#39 E:\xampp\htdocs\paczka\index.php(17): require('E:\\xampp\\htdocs...')
#40 {main}
  thrown in E:\xampp\htdocs\paczka\wp-content\plugins\woocommerce\includes\shortcodes\class-wc-shortcode-products.php on line 331

2024-03-02T23:36:17+00:00 CRITICAL Uncaught TypeError: call_user_func_array(): Argument #1 ($callback) must be a valid callback, class Template does not have a method "create_this-week" in E:\xampp\htdocs\paczka\wp-includes\class-wp-hook.php:324
Stack trace:
#0 E:\xampp\htdocs\paczka\wp-includes\class-wp-hook.php(348): WP_Hook->apply_filters(NULL, Array)
#1 E:\xampp\htdocs\paczka\wp-includes\plugin.php(517): WP_Hook->do_action(Array)
#2 E:\xampp\htdocs\paczka\wp-settings.php(643): do_action('init')
#3 E:\xampp\htdocs\paczka\wp-config.php(98): require_once('E:\\xampp\\htdocs...')
#4 E:\xampp\htdocs\paczka\wp-load.php(50): require_once('E:\\xampp\\htdocs...')
#5 E:\xampp\htdocs\paczka\wp-blog-header.php(13): require_once('E:\\xampp\\htdocs...')
#6 E:\xampp\htdocs\paczka\index.php(17): require('E:\\xampp\\htdocs...')
#7 {main}
  thrown in E:\xampp\htdocs\paczka\wp-includes\class-wp-hook.php on line 324

2024-03-02T23:36:59+00:00 CRITICAL Uncaught TypeError: call_user_func_array(): Argument #1 ($callback) must be a valid callback, class Template does not have a method "load_custom_template" in E:\xampp\htdocs\paczka\wp-includes\class-wp-hook.php:324
Stack trace:
#0 E:\xampp\htdocs\paczka\wp-includes\plugin.php(205): WP_Hook->apply_filters('E:\\xampp\\htdocs...', Array)
#1 E:\xampp\htdocs\paczka\wp-includes\template-loader.php(104): apply_filters('template_includ...', 'E:\\xampp\\htdocs...')
#2 E:\xampp\htdocs\paczka\wp-blog-header.php(19): require_once('E:\\xampp\\htdocs...')
#3 E:\xampp\htdocs\paczka\index.php(17): require('E:\\xampp\\htdocs...')
#4 {main}
  thrown in E:\xampp\htdocs\paczka\wp-includes\class-wp-hook.php on line 324

2024-03-02T23:57:33+00:00 CRITICAL Uncaught Error: Class "Template" not found in E:\xampp\htdocs\paczka\wp-content\plugins\page-management\woo\custom_field.php:123
Stack trace:
#0 E:\xampp\htdocs\paczka\wp-includes\shortcodes.php(433): My_woo->button_recommended_this_week_function('', '', 'button_recommen...')
#1 [internal function]: do_shortcode_tag(Array)
#2 E:\xampp\htdocs\paczka\wp-includes\shortcodes.php(273): preg_replace_callback('/\\[(\\[?)(button...', 'do_shortcode_ta...', '[button_recomme...')
#3 E:\xampp\htdocs\paczka\wp-content\plugins\js_composer\include\helpers\helpers.php(247): do_shortcode('[button_recomme...')
#4 E:\xampp\htdocs\paczka\wp-content\plugins\js_composer\include\templates\shortcodes\vc_column.php(94): wpb_js_remove_wpautop('[button_recomme...')
#5 E:\xampp\htdocs\paczka\wp-content\plugins\js_composer\include\classes\shortcodes\core\class-wpbakeryshortcode.php(451): require('E:\\xampp\\htdocs...')
#6 E:\xampp\htdocs\paczka\wp-content\plugins\js_composer\include\classes\shortcodes\core\class-wpbakeryshortcode.php(424): WPBakeryShortCode->loadTemplate(Array, '[button_recomme...')
#7 E:\xampp\htdocs\paczka\wp-content\plugins\js_composer\include\classes\shortcodes\core\class-wpbakeryshortcode.php(546): WPBakeryShortCode->content(Array, '[button_recomme...')
#8 E:\xampp\htdocs\paczka\wp-content\plugins\js_composer\include\helpers\helpers.php(1324): WPBakeryShortCode->output('', '[button_recomme...')
#9 E:\xampp\htdocs\paczka\wp-includes\shortcodes.php(433): vc_do_shortcode('', '[button_recomme...', 'vc_column')
#10 [internal function]: do_shortcode_tag(Array)
#11 E:\xampp\htdocs\paczka\wp-includes\shortcodes.php(273): preg_replace_callback('/\\[(\\[?)(button...', 'do_shortcode_ta...', '[vc_column][but...')
#12 E:\xampp\htdocs\paczka\wp-content\plugins\js_composer\include\helpers\helpers.php(247): do_shortcode('[vc_column][but...')
#13 E:\xampp\htdocs\paczka\wp-content\plugins\js_composer\include\templates\shortcodes\vc_row.php(156): wpb_js_remove_wpautop('[vc_column][but...')
#14 E:\xampp\htdocs\paczka\wp-content\plugins\js_composer\include\classes\shortcodes\core\class-wpbakeryshortcode.php(451): require('E:\\xampp\\htdocs...')
#15 E:\xampp\htdocs\paczka\wp-content\plugins\js_composer\include\classes\shortcodes\vc-row.php(40): WPBakeryShortCode->loadTemplate(Array, '[vc_column][but...')
#16 E:\xampp\htdocs\paczka\wp-content\plugins\js_composer\include\classes\shortcodes\core\class-wpbakeryshortcode.php(546): WPBakeryShortCode_Vc_Row->content(Array, '[vc_column][but...')
#17 E:\xampp\htdocs\paczka\wp-content\plugins\js_composer\include\helpers\helpers.php(1324): WPBakeryShortCode->output('', '[vc_column][but...')
#18 E:\xampp\htdocs\paczka\wp-includes\shortcodes.php(433): vc_do_shortcode('', '[vc_column][but...', 'vc_row')
#19 [internal function]: do_shortcode_tag(Array)
#20 E:\xampp\htdocs\paczka\wp-includes\shortcodes.php(273): preg_replace_callback('/\\[(\\[?)(recomm...', 'do_shortcode_ta...', '<p>[vc_row][vc_...')
#21 E:\xampp\htdocs\paczka\wp-includes\class-wp-hook.php(324): do_shortcode('<p>[vc_row][vc_...')
#22 E:\xampp\htdocs\paczka\wp-includes\plugin.php(205): WP_Hook->apply_filters('<p>[vc_row][vc_...', Array)
#23 E:\xampp\htdocs\paczka\wp-includes\post-template.php(256): apply_filters('the_content', '[vc_row][vc_col...')
#24 E:\xampp\htdocs\paczka\wp-content\themes\burge\content-page.php(16): the_content()
#25 E:\xampp\htdocs\paczka\wp-includes\template.php(792): require('E:\\xampp\\htdocs...')
#26 E:\xampp\htdocs\paczka\wp-includes\template.php(725): load_template('E:\\xampp\\htdocs...', false, Array)
#27 E:\xampp\htdocs\paczka\wp-includes\general-template.php(206): locate_template(Array, true, false, Array)
#28 E:\xampp\htdocs\paczka\wp-content\themes\burge\page-templates\home.php(47): get_template_part('content', 'page')
#29 E:\xampp\htdocs\paczka\wp-includes\template-loader.php(106): include('E:\\xampp\\htdocs...')
#30 E:\xampp\htdocs\paczka\wp-blog-header.php(19): require_once('E:\\xampp\\htdocs...')
#31 E:\xampp\htdocs\paczka\index.php(17): require('E:\\xampp\\htdocs...')
#32 {main}
  thrown in E:\xampp\htdocs\paczka\wp-content\plugins\page-management\woo\custom_field.php on line 123

