2024-03-08T16:14:30+00:00 CRITICAL Uncaught TypeError: call_user_func_array(): Argument #1 ($callback) must be a valid callback, class My_woo does not have a method "custom_remove_woocommerce_pagination" in E:\xampp\htdocs\paczka\wp-includes\class-wp-hook.php:324
Stack trace:
#0 E:\xampp\htdocs\paczka\wp-includes\class-wp-hook.php(348): WP_Hook->apply_filters(NULL, Array)
#1 E:\xampp\htdocs\paczka\wp-includes\plugin.php(517): WP_Hook->do_action(Array)
#2 E:\xampp\htdocs\paczka\wp-includes\template-loader.php(13): do_action('template_redire...')
#3 E:\xampp\htdocs\paczka\wp-blog-header.php(19): require_once('E:\\xampp\\htdocs...')
#4 E:\xampp\htdocs\paczka\index.php(17): require('E:\\xampp\\htdocs...')
#5 {main}
  thrown in E:\xampp\htdocs\paczka\wp-includes\class-wp-hook.php on line 324

2024-03-08T23:46:56+00:00 CRITICAL Uncaught Error: Call to a member function get() on null in E:\xampp\htdocs\paczka\wp-content\themes\burge\woocommerce\loop\result-count.php:29
Stack trace:
#0 E:\xampp\htdocs\paczka\wp-content\plugins\woocommerce\includes\wc-core-functions.php(345): include()
#1 E:\xampp\htdocs\paczka\wp-content\plugins\woocommerce\includes\wc-template-functions.php(1468): wc_get_template('loop/result-cou...', Array)
#2 E:\xampp\htdocs\paczka\wp-includes\class-wp-hook.php(324): woocommerce_result_count('')
#3 E:\xampp\htdocs\paczka\wp-includes\class-wp-hook.php(348): WP_Hook->apply_filters(NULL, Array)
#4 E:\xampp\htdocs\paczka\wp-includes\plugin.php(517): WP_Hook->do_action(Array)
#5 E:\xampp\htdocs\paczka\wp-content\themes\burge\woocommerce\archive-product.php(49): do_action('woocommerce_bef...')
#6 E:\xampp\htdocs\paczka\wp-content\plugins\woocommerce\includes\wc-core-functions.php(345): include('E:\\xampp\\htdocs...')
#7 E:\xampp\htdocs\paczka\wp-content\plugins\woocommerce\templates\taxonomy-product-cat.php(22): wc_get_template('archive-product...')
#8 E:\xampp\htdocs\paczka\wp-includes\template-loader.php(106): include('E:\\xampp\\htdocs...')
#9 E:\xampp\htdocs\paczka\wp-blog-header.php(19): require_once('E:\\xampp\\htdocs...')
#10 E:\xampp\htdocs\paczka\index.php(17): require('E:\\xampp\\htdocs...')
#11 {main}
  thrown in E:\xampp\htdocs\paczka\wp-content\themes\burge\woocommerce\loop\result-count.php on line 29

2024-03-08T23:50:22+00:00 CRITICAL Uncaught Error: Call to a member function get() on null in E:\xampp\htdocs\paczka\wp-content\plugins\page-management\woo\custom_field.php:178
Stack trace:
#0 E:\xampp\htdocs\paczka\wp-content\themes\burge\woocommerce\loop\result-count.php(28): My_woo->output_result_count(NULL)
#1 E:\xampp\htdocs\paczka\wp-content\plugins\woocommerce\includes\wc-core-functions.php(345): include('E:\\xampp\\htdocs...')
#2 E:\xampp\htdocs\paczka\wp-content\plugins\woocommerce\includes\wc-template-functions.php(1468): wc_get_template('loop/result-cou...', Array)
#3 E:\xampp\htdocs\paczka\wp-includes\class-wp-hook.php(324): woocommerce_result_count('')
#4 E:\xampp\htdocs\paczka\wp-includes\class-wp-hook.php(348): WP_Hook->apply_filters(NULL, Array)
#5 E:\xampp\htdocs\paczka\wp-includes\plugin.php(517): WP_Hook->do_action(Array)
#6 E:\xampp\htdocs\paczka\wp-content\themes\burge\woocommerce\archive-product.php(49): do_action('woocommerce_bef...')
#7 E:\xampp\htdocs\paczka\wp-content\plugins\woocommerce\includes\wc-core-functions.php(345): include('E:\\xampp\\htdocs...')
#8 E:\xampp\htdocs\paczka\wp-content\plugins\woocommerce\templates\taxonomy-product-cat.php(22): wc_get_template('archive-product...')
#9 E:\xampp\htdocs\paczka\wp-includes\template-loader.php(106): include('E:\\xampp\\htdocs...')
#10 E:\xampp\htdocs\paczka\wp-blog-header.php(19): require_once('E:\\xampp\\htdocs...')
#11 E:\xampp\htdocs\paczka\index.php(17): require('E:\\xampp\\htdocs...')
#12 {main}
  thrown in E:\xampp\htdocs\paczka\wp-content\plugins\page-management\woo\custom_field.php on line 178

2024-03-08T23:50:47+00:00 CRITICAL Uncaught Error: Call to a member function get() on string in E:\xampp\htdocs\paczka\wp-content\plugins\page-management\woo\custom_field.php:178
Stack trace:
#0 E:\xampp\htdocs\paczka\wp-content\themes\burge\woocommerce\loop\result-count.php(28): My_woo->output_result_count('')
#1 E:\xampp\htdocs\paczka\wp-content\plugins\woocommerce\includes\wc-core-functions.php(345): include('E:\\xampp\\htdocs...')
#2 E:\xampp\htdocs\paczka\wp-content\plugins\woocommerce\includes\wc-template-functions.php(1468): wc_get_template('loop/result-cou...', Array)
#3 E:\xampp\htdocs\paczka\wp-includes\class-wp-hook.php(324): woocommerce_result_count('')
#4 E:\xampp\htdocs\paczka\wp-includes\class-wp-hook.php(348): WP_Hook->apply_filters(NULL, Array)
#5 E:\xampp\htdocs\paczka\wp-includes\plugin.php(517): WP_Hook->do_action(Array)
#6 E:\xampp\htdocs\paczka\wp-content\themes\burge\woocommerce\archive-product.php(49): do_action('woocommerce_bef...')
#7 E:\xampp\htdocs\paczka\wp-content\plugins\woocommerce\includes\wc-core-functions.php(345): include('E:\\xampp\\htdocs...')
#8 E:\xampp\htdocs\paczka\wp-content\plugins\woocommerce\templates\taxonomy-product-cat.php(22): wc_get_template('archive-product...')
#9 E:\xampp\htdocs\paczka\wp-includes\template-loader.php(106): include('E:\\xampp\\htdocs...')
#10 E:\xampp\htdocs\paczka\wp-blog-header.php(19): require_once('E:\\xampp\\htdocs...')
#11 E:\xampp\htdocs\paczka\index.php(17): require('E:\\xampp\\htdocs...')
#12 {main}
  thrown in E:\xampp\htdocs\paczka\wp-content\plugins\page-management\woo\custom_field.php on line 178

