2024-03-06T14:13:21+00:00 CRITICAL Uncaught TypeError: call_user_func_array(): Argument #1 ($callback) must be a valid callback, cannot access private method My_woo::add_to_cart_button_to_products_template() in E:\xampp\htdocs\paczka\wp-includes\class-wp-hook.php:324
Stack trace:
#0 E:\xampp\htdocs\paczka\wp-includes\class-wp-hook.php(348): WP_Hook->apply_filters(NULL, Array)
#1 E:\xampp\htdocs\paczka\wp-includes\plugin.php(517): WP_Hook->do_action(Array)
#2 E:\xampp\htdocs\paczka\wp-content\themes\burge\woocommerce\content-product.php(62): do_action('woocommerce_aft...')
#3 E:\xampp\htdocs\paczka\wp-includes\template.php(792): require('E:\\xampp\\htdocs...')
#4 E:\xampp\htdocs\paczka\wp-content\plugins\woocommerce\includes\wc-core-functions.php(284): load_template('E:\\xampp\\htdocs...', false)
#5 E:\xampp\htdocs\paczka\wp-content\plugins\woocommerce\includes\shortcodes\class-wc-shortcode-products.php(660): wc_get_template_part('content', 'product')
#6 E:\xampp\htdocs\paczka\wp-content\plugins\woocommerce\includes\shortcodes\class-wc-shortcode-products.php(100): WC_Shortcode_Products->product_loop()
#7 E:\xampp\htdocs\paczka\wp-content\plugins\page-management\woo\custom_field.php(442): WC_Shortcode_Products->get_content()
#8 E:\xampp\htdocs\paczka\wp-includes\shortcodes.php(433): My_woo->recommended_products_shortcode(Array, '', 'recommended_pro...')
#9 [internal function]: do_shortcode_tag(Array)
#10 E:\xampp\htdocs\paczka\wp-includes\shortcodes.php(273): preg_replace_callback('/\\[(\\[?)(recomm...', 'do_shortcode_ta...', '[recommended_pr...')
#11 E:\xampp\htdocs\paczka\wp-content\plugins\codezeel-shortcodes\shortcodes\codezeel-shortcodes.php(1094): do_shortcode('[recommended_pr...')
#12 E:\xampp\htdocs\paczka\wp-includes\shortcodes.php(433): shortcode_woo_products_container(Array, '[recommended_pr...', 'woo_products')
#13 [internal function]: do_shortcode_tag(Array)
#14 E:\xampp\htdocs\paczka\wp-includes\shortcodes.php(273): preg_replace_callback('/\\[(\\[?)(recomm...', 'do_shortcode_ta...', '[woo_products i...')
#15 E:\xampp\htdocs\paczka\wp-content\plugins\js_composer\include\helpers\helpers.php(247): do_shortcode('[woo_products i...')
#16 E:\xampp\htdocs\paczka\wp-content\plugins\js_composer\include\templates\shortcodes\vc_column.php(94): wpb_js_remove_wpautop('[woo_products i...')
#17 E:\xampp\htdocs\paczka\wp-content\plugins\js_composer\include\classes\shortcodes\core\class-wpbakeryshortcode.php(451): require('E:\\xampp\\htdocs...')
#18 E:\xampp\htdocs\paczka\wp-content\plugins\js_composer\include\classes\shortcodes\core\class-wpbakeryshortcode.php(424): WPBakeryShortCode->loadTemplate(Array, '[woo_products i...')
#19 E:\xampp\htdocs\paczka\wp-content\plugins\js_composer\include\classes\shortcodes\core\class-wpbakeryshortcode.php(546): WPBakeryShortCode->content(Array, '[woo_products i...')
#20 E:\xampp\htdocs\paczka\wp-content\plugins\js_composer\include\helpers\helpers.php(1324): WPBakeryShortCode->output('', '[woo_products i...')
#21 E:\xampp\htdocs\paczka\wp-includes\shortcodes.php(433): vc_do_shortcode('', '[woo_products i...', 'vc_column')
#22 [internal function]: do_shortcode_tag(Array)
#23 E:\xampp\htdocs\paczka\wp-includes\shortcodes.php(273): preg_replace_callback('/\\[(\\[?)(recomm...', 'do_shortcode_ta...', '[vc_column][woo...')
#24 E:\xampp\htdocs\paczka\wp-content\plugins\js_composer\include\helpers\helpers.php(247): do_shortcode('[vc_column][woo...')
#25 E:\xampp\htdocs\paczka\wp-content\plugins\js_composer\include\templates\shortcodes\vc_row.php(156): wpb_js_remove_wpautop('[vc_column][woo...')
#26 E:\xampp\htdocs\paczka\wp-content\plugins\js_composer\include\classes\shortcodes\core\class-wpbakeryshortcode.php(451): require('E:\\xampp\\htdocs...')
#27 E:\xampp\htdocs\paczka\wp-content\plugins\js_composer\include\classes\shortcodes\vc-row.php(40): WPBakeryShortCode->loadTemplate(Array, '[vc_column][woo...')
#28 E:\xampp\htdocs\paczka\wp-content\plugins\js_composer\include\classes\shortcodes\core\class-wpbakeryshortcode.php(546): WPBakeryShortCode_Vc_Row->content(Array, '[vc_column][woo...')
#29 E:\xampp\htdocs\paczka\wp-content\plugins\js_composer\include\helpers\helpers.php(1324): WPBakeryShortCode->output('', '[vc_column][woo...')
#30 E:\xampp\htdocs\paczka\wp-includes\shortcodes.php(433): vc_do_shortcode('', '[vc_column][woo...', 'vc_row')
#31 [internal function]: do_shortcode_tag(Array)
#32 E:\xampp\htdocs\paczka\wp-includes\shortcodes.php(273): preg_replace_callback('/\\[(\\[?)(button...', 'do_shortcode_ta...', '<p>[vc_row][vc_...')
#33 E:\xampp\htdocs\paczka\wp-includes\class-wp-hook.php(324): do_shortcode('<p>[vc_row][vc_...')
#34 E:\xampp\htdocs\paczka\wp-includes\plugin.php(205): WP_Hook->apply_filters('<p>[vc_row][vc_...', Array)
#35 E:\xampp\htdocs\paczka\wp-includes\post-template.php(256): apply_filters('the_content', '[vc_row][vc_col...')
#36 E:\xampp\htdocs\paczka\wp-content\themes\burge\content-page.php(16): the_content()
#37 E:\xampp\htdocs\paczka\wp-includes\template.php(792): require('E:\\xampp\\htdocs...')
#38 E:\xampp\htdocs\paczka\wp-includes\template.php(725): load_template('E:\\xampp\\htdocs...', false, Array)
#39 E:\xampp\htdocs\paczka\wp-includes\general-template.php(206): locate_template(Array, true, false, Array)
#40 E:\xampp\htdocs\paczka\wp-content\themes\burge\page-templates\home.php(47): get_template_part('content', 'page')
#41 E:\xampp\htdocs\paczka\wp-includes\template-loader.php(106): include('E:\\xampp\\htdocs...')
#42 E:\xampp\htdocs\paczka\wp-blog-header.php(19): require_once('E:\\xampp\\htdocs...')
#43 E:\xampp\htdocs\paczka\index.php(17): require('E:\\xampp\\htdocs...')
#44 {main}
  thrown in E:\xampp\htdocs\paczka\wp-includes\class-wp-hook.php on line 324

2024-03-06T14:13:24+00:00 CRITICAL Uncaught TypeError: call_user_func_array(): Argument #1 ($callback) must be a valid callback, cannot access private method My_woo::add_to_cart_button_to_products_template() in E:\xampp\htdocs\paczka\wp-includes\class-wp-hook.php:324
Stack trace:
#0 E:\xampp\htdocs\paczka\wp-includes\class-wp-hook.php(348): WP_Hook->apply_filters(NULL, Array)
#1 E:\xampp\htdocs\paczka\wp-includes\plugin.php(517): WP_Hook->do_action(Array)
#2 E:\xampp\htdocs\paczka\wp-content\themes\burge\woocommerce\content-product.php(62): do_action('woocommerce_aft...')
#3 E:\xampp\htdocs\paczka\wp-includes\template.php(792): require('E:\\xampp\\htdocs...')
#4 E:\xampp\htdocs\paczka\wp-content\plugins\woocommerce\includes\wc-core-functions.php(284): load_template('E:\\xampp\\htdocs...', false)
#5 E:\xampp\htdocs\paczka\wp-content\themes\burge\woocommerce\archive-product.php(52): wc_get_template_part('content', 'product')
#6 E:\xampp\htdocs\paczka\wp-content\plugins\woocommerce\includes\wc-core-functions.php(345): include('E:\\xampp\\htdocs...')
#7 E:\xampp\htdocs\paczka\wp-content\plugins\woocommerce\templates\taxonomy-product-cat.php(22): wc_get_template('archive-product...')
#8 E:\xampp\htdocs\paczka\wp-includes\template-loader.php(106): include('E:\\xampp\\htdocs...')
#9 E:\xampp\htdocs\paczka\wp-blog-header.php(19): require_once('E:\\xampp\\htdocs...')
#10 E:\xampp\htdocs\paczka\index.php(17): require('E:\\xampp\\htdocs...')
#11 {main}
  thrown in E:\xampp\htdocs\paczka\wp-includes\class-wp-hook.php on line 324

2024-03-06T14:14:38+00:00 CRITICAL Uncaught TypeError: call_user_func_array(): Argument #1 ($callback) must be a valid callback, cannot access private method My_woo::add_to_cart_button_to_products_template() in E:\xampp\htdocs\paczka\wp-includes\class-wp-hook.php:324
Stack trace:
#0 E:\xampp\htdocs\paczka\wp-includes\class-wp-hook.php(348): WP_Hook->apply_filters(NULL, Array)
#1 E:\xampp\htdocs\paczka\wp-includes\plugin.php(517): WP_Hook->do_action(Array)
#2 E:\xampp\htdocs\paczka\wp-content\themes\burge\woocommerce\content-product.php(62): do_action('woocommerce_aft...')
#3 E:\xampp\htdocs\paczka\wp-includes\template.php(792): require('E:\\xampp\\htdocs...')
#4 E:\xampp\htdocs\paczka\wp-content\plugins\woocommerce\includes\wc-core-functions.php(284): load_template('E:\\xampp\\htdocs...', false)
#5 E:\xampp\htdocs\paczka\wp-content\themes\burge\woocommerce\archive-product.php(52): wc_get_template_part('content', 'product')
#6 E:\xampp\htdocs\paczka\wp-content\plugins\woocommerce\includes\wc-core-functions.php(345): include('E:\\xampp\\htdocs...')
#7 E:\xampp\htdocs\paczka\wp-content\plugins\woocommerce\templates\taxonomy-product-cat.php(22): wc_get_template('archive-product...')
#8 E:\xampp\htdocs\paczka\wp-includes\template-loader.php(106): include('E:\\xampp\\htdocs...')
#9 E:\xampp\htdocs\paczka\wp-blog-header.php(19): require_once('E:\\xampp\\htdocs...')
#10 E:\xampp\htdocs\paczka\index.php(17): require('E:\\xampp\\htdocs...')
#11 {main}
  thrown in E:\xampp\htdocs\paczka\wp-includes\class-wp-hook.php on line 324

2024-03-06T14:14:51+00:00 CRITICAL Uncaught ValueError: DOMDocument::loadHTML(): Argument #1 ($source) must not be empty in E:\xampp\htdocs\paczka\wp-content\plugins\page-management\woo\custom_field.php:298
Stack trace:
#0 E:\xampp\htdocs\paczka\wp-content\plugins\page-management\woo\custom_field.php(298): DOMDocument->loadHTML('', 8196)
#1 E:\xampp\htdocs\paczka\wp-includes\class-wp-hook.php(324): My_woo->add_to_cart_button_to_products_template('')
#2 E:\xampp\htdocs\paczka\wp-includes\class-wp-hook.php(348): WP_Hook->apply_filters(NULL, Array)
#3 E:\xampp\htdocs\paczka\wp-includes\plugin.php(517): WP_Hook->do_action(Array)
#4 E:\xampp\htdocs\paczka\wp-content\themes\burge\woocommerce\content-product.php(62): do_action('woocommerce_aft...')
#5 E:\xampp\htdocs\paczka\wp-includes\template.php(792): require('E:\\xampp\\htdocs...')
#6 E:\xampp\htdocs\paczka\wp-content\plugins\woocommerce\includes\wc-core-functions.php(284): load_template('E:\\xampp\\htdocs...', false)
#7 E:\xampp\htdocs\paczka\wp-content\themes\burge\woocommerce\archive-product.php(52): wc_get_template_part('content', 'product')
#8 E:\xampp\htdocs\paczka\wp-content\plugins\woocommerce\includes\wc-core-functions.php(345): include('E:\\xampp\\htdocs...')
#9 E:\xampp\htdocs\paczka\wp-content\plugins\woocommerce\templates\taxonomy-product-cat.php(22): wc_get_template('archive-product...')
#10 E:\xampp\htdocs\paczka\wp-includes\template-loader.php(106): include('E:\\xampp\\htdocs...')
#11 E:\xampp\htdocs\paczka\wp-blog-header.php(19): require_once('E:\\xampp\\htdocs...')
#12 E:\xampp\htdocs\paczka\index.php(17): require('E:\\xampp\\htdocs...')
#13 {main}
  thrown in E:\xampp\htdocs\paczka\wp-content\plugins\page-management\woo\custom_field.php on line 298

2024-03-06T15:07:19+00:00 CRITICAL Uncaught ValueError: DOMDocument::loadHTML(): Argument #1 ($source) must not be empty in E:\xampp\htdocs\paczka\wp-content\plugins\page-management\woo\custom_field.php:302
Stack trace:
#0 E:\xampp\htdocs\paczka\wp-content\plugins\page-management\woo\custom_field.php(302): DOMDocument->loadHTML('', 8196)
#1 E:\xampp\htdocs\paczka\wp-includes\class-wp-hook.php(324): My_woo->add_to_cart_button_to_products_template('')
#2 E:\xampp\htdocs\paczka\wp-includes\class-wp-hook.php(348): WP_Hook->apply_filters('', Array)
#3 E:\xampp\htdocs\paczka\wp-includes\plugin.php(517): WP_Hook->do_action(Array)
#4 E:\xampp\htdocs\paczka\wp-content\themes\burge\woocommerce\content-product.php(31): do_action('woocommerce_bef...')
#5 E:\xampp\htdocs\paczka\wp-includes\template.php(792): require('E:\\xampp\\htdocs...')
#6 E:\xampp\htdocs\paczka\wp-content\plugins\woocommerce\includes\wc-core-functions.php(284): load_template('E:\\xampp\\htdocs...', false)
#7 E:\xampp\htdocs\paczka\wp-content\themes\burge\woocommerce\archive-product.php(52): wc_get_template_part('content', 'product')
#8 E:\xampp\htdocs\paczka\wp-content\plugins\woocommerce\includes\wc-core-functions.php(345): include('E:\\xampp\\htdocs...')
#9 E:\xampp\htdocs\paczka\wp-content\plugins\woocommerce\templates\taxonomy-product-cat.php(22): wc_get_template('archive-product...')
#10 E:\xampp\htdocs\paczka\wp-includes\template-loader.php(106): include('E:\\xampp\\htdocs...')
#11 E:\xampp\htdocs\paczka\wp-blog-header.php(19): require_once('E:\\xampp\\htdocs...')
#12 E:\xampp\htdocs\paczka\index.php(17): require('E:\\xampp\\htdocs...')
#13 {main}
  thrown in E:\xampp\htdocs\paczka\wp-content\plugins\page-management\woo\custom_field.php on line 302

2024-03-06T15:21:19+00:00 CRITICAL Uncaught ValueError: DOMDocument::loadHTML(): Argument #1 ($source) must not be empty in E:\xampp\htdocs\paczka\wp-content\plugins\page-management\woo\custom_field.php:302
Stack trace:
#0 E:\xampp\htdocs\paczka\wp-content\plugins\page-management\woo\custom_field.php(302): DOMDocument->loadHTML('', 8196)
#1 E:\xampp\htdocs\paczka\wp-includes\class-wp-hook.php(324): My_woo->add_to_cart_button_to_products_template('', Object(WC_Product_Simple), Array)
#2 E:\xampp\htdocs\paczka\wp-includes\plugin.php(205): WP_Hook->apply_filters('', Array)
#3 E:\xampp\htdocs\paczka\wp-content\plugins\woocommerce\templates\loop\add-to-cart.php(35): apply_filters('woocommerce_loo...', '<a href="?add-t...', Object(WC_Product_Simple), Array)
#4 E:\xampp\htdocs\paczka\wp-content\plugins\woocommerce\includes\wc-core-functions.php(345): include('E:\\xampp\\htdocs...')
#5 E:\xampp\htdocs\paczka\wp-content\plugins\woocommerce\includes\wc-template-functions.php(1383): wc_get_template('loop/add-to-car...', Array)
#6 E:\xampp\htdocs\paczka\wp-includes\class-wp-hook.php(324): woocommerce_template_loop_add_to_cart(Array)
#7 E:\xampp\htdocs\paczka\wp-includes\class-wp-hook.php(348): WP_Hook->apply_filters(NULL, Array)
#8 E:\xampp\htdocs\paczka\wp-includes\plugin.php(517): WP_Hook->do_action(Array)
#9 E:\xampp\htdocs\paczka\wp-content\themes\burge\woocommerce\content-product.php(62): do_action('woocommerce_aft...')
#10 E:\xampp\htdocs\paczka\wp-includes\template.php(792): require('E:\\xampp\\htdocs...')
#11 E:\xampp\htdocs\paczka\wp-content\plugins\woocommerce\includes\wc-core-functions.php(284): load_template('E:\\xampp\\htdocs...', false)
#12 E:\xampp\htdocs\paczka\wp-content\themes\burge\woocommerce\archive-product.php(52): wc_get_template_part('content', 'product')
#13 E:\xampp\htdocs\paczka\wp-content\plugins\woocommerce\includes\wc-core-functions.php(345): include('E:\\xampp\\htdocs...')
#14 E:\xampp\htdocs\paczka\wp-content\plugins\woocommerce\templates\taxonomy-product-cat.php(22): wc_get_template('archive-product...')
#15 E:\xampp\htdocs\paczka\wp-includes\template-loader.php(106): include('E:\\xampp\\htdocs...')
#16 E:\xampp\htdocs\paczka\wp-blog-header.php(19): require_once('E:\\xampp\\htdocs...')
#17 E:\xampp\htdocs\paczka\index.php(17): require('E:\\xampp\\htdocs...')
#18 {main}
  thrown in E:\xampp\htdocs\paczka\wp-content\plugins\page-management\woo\custom_field.php on line 302

