2024-03-25T13:32:20+00:00 CRITICAL Uncaught TypeError: ltrim(): Argument #1 ($string) must be of type string, WP_Error given in E:\xampp\htdocs\paczka\wp-includes\formatting.php:4494
Stack trace:
#0 E:\xampp\htdocs\paczka\wp-includes\formatting.php(4494): ltrim(Object(WP_Error))
#1 E:\xampp\htdocs\paczka\wp-content\plugins\page-management\search\search_init.php(92): esc_url(Object(WP_Error))
#2 E:\xampp\htdocs\paczka\wp-includes\class-wp-hook.php(324): Search->product_search('')
#3 E:\xampp\htdocs\paczka\wp-includes\class-wp-hook.php(348): WP_Hook->apply_filters('', Array)
#4 E:\xampp\htdocs\paczka\wp-includes\plugin.php(517): WP_Hook->do_action(Array)
#5 E:\xampp\htdocs\paczka\wp-admin\admin-ajax.php(203): do_action('wp_ajax_nopriv_...')
#6 {main}
  thrown in E:\xampp\htdocs\paczka\wp-includes\formatting.php on line 4494

2024-03-25T13:34:12+00:00 CRITICAL Uncaught TypeError: ltrim(): Argument #1 ($string) must be of type string, WP_Error given in E:\xampp\htdocs\paczka\wp-includes\formatting.php:4494
Stack trace:
#0 E:\xampp\htdocs\paczka\wp-includes\formatting.php(4494): ltrim(Object(WP_Error))
#1 E:\xampp\htdocs\paczka\wp-content\plugins\page-management\search\search_init.php(92): esc_url(Object(WP_Error))
#2 E:\xampp\htdocs\paczka\wp-includes\class-wp-hook.php(324): Search->product_search('')
#3 E:\xampp\htdocs\paczka\wp-includes\class-wp-hook.php(348): WP_Hook->apply_filters('', Array)
#4 E:\xampp\htdocs\paczka\wp-includes\plugin.php(517): WP_Hook->do_action(Array)
#5 E:\xampp\htdocs\paczka\wp-admin\admin-ajax.php(203): do_action('wp_ajax_nopriv_...')
#6 {main}
  thrown in E:\xampp\htdocs\paczka\wp-includes\formatting.php on line 4494

2024-03-25T13:35:33+00:00 CRITICAL Uncaught TypeError: ltrim(): Argument #1 ($string) must be of type string, WP_Error given in E:\xampp\htdocs\paczka\wp-includes\formatting.php:4494
Stack trace:
#0 E:\xampp\htdocs\paczka\wp-includes\formatting.php(4494): ltrim(Object(WP_Error))
#1 E:\xampp\htdocs\paczka\wp-content\plugins\page-management\search\search_init.php(92): esc_url(Object(WP_Error))
#2 E:\xampp\htdocs\paczka\wp-includes\class-wp-hook.php(324): Search->product_search('')
#3 E:\xampp\htdocs\paczka\wp-includes\class-wp-hook.php(348): WP_Hook->apply_filters('', Array)
#4 E:\xampp\htdocs\paczka\wp-includes\plugin.php(517): WP_Hook->do_action(Array)
#5 E:\xampp\htdocs\paczka\wp-admin\admin-ajax.php(203): do_action('wp_ajax_nopriv_...')
#6 {main}
  thrown in E:\xampp\htdocs\paczka\wp-includes\formatting.php on line 4494

2024-03-25T13:41:40+00:00 CRITICAL Uncaught TypeError: ltrim(): Argument #1 ($string) must be of type string, WP_Error given in E:\xampp\htdocs\paczka\wp-includes\formatting.php:4494
Stack trace:
#0 E:\xampp\htdocs\paczka\wp-includes\formatting.php(4494): ltrim(Object(WP_Error))
#1 E:\xampp\htdocs\paczka\wp-content\plugins\page-management\search\search_init.php(92): esc_url(Object(WP_Error))
#2 E:\xampp\htdocs\paczka\wp-includes\class-wp-hook.php(324): Search->product_search('')
#3 E:\xampp\htdocs\paczka\wp-includes\class-wp-hook.php(348): WP_Hook->apply_filters('', Array)
#4 E:\xampp\htdocs\paczka\wp-includes\plugin.php(517): WP_Hook->do_action(Array)
#5 E:\xampp\htdocs\paczka\wp-admin\admin-ajax.php(203): do_action('wp_ajax_nopriv_...')
#6 {main}
  thrown in E:\xampp\htdocs\paczka\wp-includes\formatting.php on line 4494

2024-03-25T13:46:36+00:00 CRITICAL Uncaught TypeError: ltrim(): Argument #1 ($string) must be of type string, WP_Error given in E:\xampp\htdocs\paczka\wp-includes\formatting.php:4494
Stack trace:
#0 E:\xampp\htdocs\paczka\wp-includes\formatting.php(4494): ltrim(Object(WP_Error))
#1 E:\xampp\htdocs\paczka\wp-content\plugins\page-management\search\search_init.php(92): esc_url(Object(WP_Error))
#2 E:\xampp\htdocs\paczka\wp-includes\class-wp-hook.php(324): Search->product_search('')
#3 E:\xampp\htdocs\paczka\wp-includes\class-wp-hook.php(348): WP_Hook->apply_filters('', Array)
#4 E:\xampp\htdocs\paczka\wp-includes\plugin.php(517): WP_Hook->do_action(Array)
#5 E:\xampp\htdocs\paczka\wp-admin\admin-ajax.php(203): do_action('wp_ajax_nopriv_...')
#6 {main}
  thrown in E:\xampp\htdocs\paczka\wp-includes\formatting.php on line 4494

2024-03-25T13:50:32+00:00 CRITICAL Uncaught TypeError: ltrim(): Argument #1 ($string) must be of type string, WP_Error given in E:\xampp\htdocs\paczka\wp-includes\formatting.php:4494
Stack trace:
#0 E:\xampp\htdocs\paczka\wp-includes\formatting.php(4494): ltrim(Object(WP_Error))
#1 E:\xampp\htdocs\paczka\wp-content\plugins\page-management\search\search_init.php(92): esc_url(Object(WP_Error))
#2 E:\xampp\htdocs\paczka\wp-includes\class-wp-hook.php(324): Search->product_search('')
#3 E:\xampp\htdocs\paczka\wp-includes\class-wp-hook.php(348): WP_Hook->apply_filters('', Array)
#4 E:\xampp\htdocs\paczka\wp-includes\plugin.php(517): WP_Hook->do_action(Array)
#5 E:\xampp\htdocs\paczka\wp-admin\admin-ajax.php(203): do_action('wp_ajax_nopriv_...')
#6 {main}
  thrown in E:\xampp\htdocs\paczka\wp-includes\formatting.php on line 4494

2024-03-25T13:53:30+00:00 CRITICAL Uncaught TypeError: ltrim(): Argument #1 ($string) must be of type string, WP_Error given in E:\xampp\htdocs\paczka\wp-includes\formatting.php:4494
Stack trace:
#0 E:\xampp\htdocs\paczka\wp-includes\formatting.php(4494): ltrim(Object(WP_Error))
#1 E:\xampp\htdocs\paczka\wp-content\plugins\page-management\search\search_init.php(91): esc_url(Object(WP_Error))
#2 E:\xampp\htdocs\paczka\wp-includes\class-wp-hook.php(324): Search->product_search('')
#3 E:\xampp\htdocs\paczka\wp-includes\class-wp-hook.php(348): WP_Hook->apply_filters('', Array)
#4 E:\xampp\htdocs\paczka\wp-includes\plugin.php(517): WP_Hook->do_action(Array)
#5 E:\xampp\htdocs\paczka\wp-admin\admin-ajax.php(203): do_action('wp_ajax_nopriv_...')
#6 {main}
  thrown in E:\xampp\htdocs\paczka\wp-includes\formatting.php on line 4494

2024-03-25T13:53:56+00:00 CRITICAL Uncaught TypeError: ltrim(): Argument #1 ($string) must be of type string, WP_Error given in E:\xampp\htdocs\paczka\wp-includes\formatting.php:4494
Stack trace:
#0 E:\xampp\htdocs\paczka\wp-includes\formatting.php(4494): ltrim(Object(WP_Error))
#1 E:\xampp\htdocs\paczka\wp-content\plugins\page-management\search\search_init.php(91): esc_url(Object(WP_Error))
#2 E:\xampp\htdocs\paczka\wp-includes\class-wp-hook.php(324): Search->product_search('')
#3 E:\xampp\htdocs\paczka\wp-includes\class-wp-hook.php(348): WP_Hook->apply_filters('', Array)
#4 E:\xampp\htdocs\paczka\wp-includes\plugin.php(517): WP_Hook->do_action(Array)
#5 E:\xampp\htdocs\paczka\wp-admin\admin-ajax.php(203): do_action('wp_ajax_nopriv_...')
#6 {main}
  thrown in E:\xampp\htdocs\paczka\wp-includes\formatting.php on line 4494

2024-03-25T13:54:06+00:00 CRITICAL Uncaught TypeError: ltrim(): Argument #1 ($string) must be of type string, WP_Error given in E:\xampp\htdocs\paczka\wp-includes\formatting.php:4494
Stack trace:
#0 E:\xampp\htdocs\paczka\wp-includes\formatting.php(4494): ltrim(Object(WP_Error))
#1 E:\xampp\htdocs\paczka\wp-content\plugins\page-management\search\search_init.php(91): esc_url(Object(WP_Error))
#2 E:\xampp\htdocs\paczka\wp-includes\class-wp-hook.php(324): Search->product_search('')
#3 E:\xampp\htdocs\paczka\wp-includes\class-wp-hook.php(348): WP_Hook->apply_filters('', Array)
#4 E:\xampp\htdocs\paczka\wp-includes\plugin.php(517): WP_Hook->do_action(Array)
#5 E:\xampp\htdocs\paczka\wp-admin\admin-ajax.php(203): do_action('wp_ajax_nopriv_...')
#6 {main}
  thrown in E:\xampp\htdocs\paczka\wp-includes\formatting.php on line 4494

2024-03-25T13:55:59+00:00 CRITICAL Uncaught TypeError: ltrim(): Argument #1 ($string) must be of type string, WP_Error given in E:\xampp\htdocs\paczka\wp-includes\formatting.php:4494
Stack trace:
#0 E:\xampp\htdocs\paczka\wp-includes\formatting.php(4494): ltrim(Object(WP_Error))
#1 E:\xampp\htdocs\paczka\wp-content\plugins\page-management\search\search_init.php(91): esc_url(Object(WP_Error))
#2 E:\xampp\htdocs\paczka\wp-includes\class-wp-hook.php(324): Search->product_search('')
#3 E:\xampp\htdocs\paczka\wp-includes\class-wp-hook.php(348): WP_Hook->apply_filters('', Array)
#4 E:\xampp\htdocs\paczka\wp-includes\plugin.php(517): WP_Hook->do_action(Array)
#5 E:\xampp\htdocs\paczka\wp-admin\admin-ajax.php(203): do_action('wp_ajax_nopriv_...')
#6 {main}
  thrown in E:\xampp\htdocs\paczka\wp-includes\formatting.php on line 4494

2024-03-25T13:56:22+00:00 CRITICAL Uncaught TypeError: ltrim(): Argument #1 ($string) must be of type string, WP_Error given in E:\xampp\htdocs\paczka\wp-includes\formatting.php:4494
Stack trace:
#0 E:\xampp\htdocs\paczka\wp-includes\formatting.php(4494): ltrim(Object(WP_Error))
#1 E:\xampp\htdocs\paczka\wp-content\plugins\page-management\search\search_init.php(91): esc_url(Object(WP_Error))
#2 E:\xampp\htdocs\paczka\wp-includes\class-wp-hook.php(324): Search->product_search('')
#3 E:\xampp\htdocs\paczka\wp-includes\class-wp-hook.php(348): WP_Hook->apply_filters('', Array)
#4 E:\xampp\htdocs\paczka\wp-includes\plugin.php(517): WP_Hook->do_action(Array)
#5 E:\xampp\htdocs\paczka\wp-admin\admin-ajax.php(203): do_action('wp_ajax_nopriv_...')
#6 {main}
  thrown in E:\xampp\htdocs\paczka\wp-includes\formatting.php on line 4494

2024-03-25T13:58:47+00:00 CRITICAL Uncaught TypeError: ltrim(): Argument #1 ($string) must be of type string, WP_Error given in E:\xampp\htdocs\paczka\wp-includes\formatting.php:4494
Stack trace:
#0 E:\xampp\htdocs\paczka\wp-includes\formatting.php(4494): ltrim(Object(WP_Error))
#1 E:\xampp\htdocs\paczka\wp-content\plugins\page-management\search\search_init.php(91): esc_url(Object(WP_Error))
#2 E:\xampp\htdocs\paczka\wp-includes\class-wp-hook.php(324): Search->product_search('')
#3 E:\xampp\htdocs\paczka\wp-includes\class-wp-hook.php(348): WP_Hook->apply_filters('', Array)
#4 E:\xampp\htdocs\paczka\wp-includes\plugin.php(517): WP_Hook->do_action(Array)
#5 E:\xampp\htdocs\paczka\wp-admin\admin-ajax.php(203): do_action('wp_ajax_nopriv_...')
#6 {main}
  thrown in E:\xampp\htdocs\paczka\wp-includes\formatting.php on line 4494

2024-03-25T14:00:23+00:00 CRITICAL Uncaught TypeError: ltrim(): Argument #1 ($string) must be of type string, WP_Error given in E:\xampp\htdocs\paczka\wp-includes\formatting.php:4494
Stack trace:
#0 E:\xampp\htdocs\paczka\wp-includes\formatting.php(4494): ltrim(Object(WP_Error))
#1 E:\xampp\htdocs\paczka\wp-content\plugins\page-management\search\search_init.php(91): esc_url(Object(WP_Error))
#2 E:\xampp\htdocs\paczka\wp-includes\class-wp-hook.php(324): Search->product_search('')
#3 E:\xampp\htdocs\paczka\wp-includes\class-wp-hook.php(348): WP_Hook->apply_filters('', Array)
#4 E:\xampp\htdocs\paczka\wp-includes\plugin.php(517): WP_Hook->do_action(Array)
#5 E:\xampp\htdocs\paczka\wp-admin\admin-ajax.php(203): do_action('wp_ajax_nopriv_...')
#6 {main}
  thrown in E:\xampp\htdocs\paczka\wp-includes\formatting.php on line 4494

2024-03-25T14:07:13+00:00 CRITICAL Uncaught TypeError: ltrim(): Argument #1 ($string) must be of type string, WP_Error given in E:\xampp\htdocs\paczka\wp-includes\formatting.php:4494
Stack trace:
#0 E:\xampp\htdocs\paczka\wp-includes\formatting.php(4494): ltrim(Object(WP_Error))
#1 E:\xampp\htdocs\paczka\wp-content\plugins\page-management\search\search_init.php(91): esc_url(Object(WP_Error))
#2 E:\xampp\htdocs\paczka\wp-includes\class-wp-hook.php(324): Search->product_search('')
#3 E:\xampp\htdocs\paczka\wp-includes\class-wp-hook.php(348): WP_Hook->apply_filters('', Array)
#4 E:\xampp\htdocs\paczka\wp-includes\plugin.php(517): WP_Hook->do_action(Array)
#5 E:\xampp\htdocs\paczka\wp-admin\admin-ajax.php(203): do_action('wp_ajax_nopriv_...')
#6 {main}
  thrown in E:\xampp\htdocs\paczka\wp-includes\formatting.php on line 4494

2024-03-25T14:17:46+00:00 CRITICAL Uncaught TypeError: ltrim(): Argument #1 ($string) must be of type string, WP_Error given in E:\xampp\htdocs\paczka\wp-includes\formatting.php:4494
Stack trace:
#0 E:\xampp\htdocs\paczka\wp-includes\formatting.php(4494): ltrim(Object(WP_Error))
#1 E:\xampp\htdocs\paczka\wp-content\plugins\page-management\search\search_init.php(103): esc_url(Object(WP_Error))
#2 E:\xampp\htdocs\paczka\wp-includes\class-wp-hook.php(324): Search->product_search('')
#3 E:\xampp\htdocs\paczka\wp-includes\class-wp-hook.php(348): WP_Hook->apply_filters('', Array)
#4 E:\xampp\htdocs\paczka\wp-includes\plugin.php(517): WP_Hook->do_action(Array)
#5 E:\xampp\htdocs\paczka\wp-admin\admin-ajax.php(203): do_action('wp_ajax_nopriv_...')
#6 {main}
  thrown in E:\xampp\htdocs\paczka\wp-includes\formatting.php on line 4494

2024-03-25T14:20:58+00:00 CRITICAL Uncaught TypeError: ltrim(): Argument #1 ($string) must be of type string, WP_Error given in E:\xampp\htdocs\paczka\wp-includes\formatting.php:4494
Stack trace:
#0 E:\xampp\htdocs\paczka\wp-includes\formatting.php(4494): ltrim(Object(WP_Error))
#1 E:\xampp\htdocs\paczka\wp-content\plugins\page-management\search\search_init.php(103): esc_url(Object(WP_Error))
#2 E:\xampp\htdocs\paczka\wp-includes\class-wp-hook.php(324): Search->product_search('')
#3 E:\xampp\htdocs\paczka\wp-includes\class-wp-hook.php(348): WP_Hook->apply_filters('', Array)
#4 E:\xampp\htdocs\paczka\wp-includes\plugin.php(517): WP_Hook->do_action(Array)
#5 E:\xampp\htdocs\paczka\wp-admin\admin-ajax.php(203): do_action('wp_ajax_nopriv_...')
#6 {main}
  thrown in E:\xampp\htdocs\paczka\wp-includes\formatting.php on line 4494

2024-03-25T14:23:42+00:00 CRITICAL Uncaught TypeError: ltrim(): Argument #1 ($string) must be of type string, WP_Error given in E:\xampp\htdocs\paczka\wp-includes\formatting.php:4494
Stack trace:
#0 E:\xampp\htdocs\paczka\wp-includes\formatting.php(4494): ltrim(Object(WP_Error))
#1 E:\xampp\htdocs\paczka\wp-content\plugins\page-management\search\search_init.php(103): esc_url(Object(WP_Error))
#2 E:\xampp\htdocs\paczka\wp-includes\class-wp-hook.php(324): Search->product_search('')
#3 E:\xampp\htdocs\paczka\wp-includes\class-wp-hook.php(348): WP_Hook->apply_filters('', Array)
#4 E:\xampp\htdocs\paczka\wp-includes\plugin.php(517): WP_Hook->do_action(Array)
#5 E:\xampp\htdocs\paczka\wp-admin\admin-ajax.php(203): do_action('wp_ajax_nopriv_...')
#6 {main}
  thrown in E:\xampp\htdocs\paczka\wp-includes\formatting.php on line 4494

2024-03-25T14:27:51+00:00 CRITICAL Uncaught TypeError: ltrim(): Argument #1 ($string) must be of type string, WP_Error given in E:\xampp\htdocs\paczka\wp-includes\formatting.php:4494
Stack trace:
#0 E:\xampp\htdocs\paczka\wp-includes\formatting.php(4494): ltrim(Object(WP_Error))
#1 E:\xampp\htdocs\paczka\wp-content\plugins\page-management\search\search_init.php(104): esc_url(Object(WP_Error))
#2 E:\xampp\htdocs\paczka\wp-includes\class-wp-hook.php(324): Search->product_search('')
#3 E:\xampp\htdocs\paczka\wp-includes\class-wp-hook.php(348): WP_Hook->apply_filters('', Array)
#4 E:\xampp\htdocs\paczka\wp-includes\plugin.php(517): WP_Hook->do_action(Array)
#5 E:\xampp\htdocs\paczka\wp-admin\admin-ajax.php(203): do_action('wp_ajax_nopriv_...')
#6 {main}
  thrown in E:\xampp\htdocs\paczka\wp-includes\formatting.php on line 4494

2024-03-25T14:29:53+00:00 CRITICAL Uncaught TypeError: ltrim(): Argument #1 ($string) must be of type string, WP_Error given in E:\xampp\htdocs\paczka\wp-includes\formatting.php:4494
Stack trace:
#0 E:\xampp\htdocs\paczka\wp-includes\formatting.php(4494): ltrim(Object(WP_Error))
#1 E:\xampp\htdocs\paczka\wp-content\plugins\page-management\search\search_init.php(104): esc_url(Object(WP_Error))
#2 E:\xampp\htdocs\paczka\wp-includes\class-wp-hook.php(324): Search->product_search('')
#3 E:\xampp\htdocs\paczka\wp-includes\class-wp-hook.php(348): WP_Hook->apply_filters('', Array)
#4 E:\xampp\htdocs\paczka\wp-includes\plugin.php(517): WP_Hook->do_action(Array)
#5 E:\xampp\htdocs\paczka\wp-admin\admin-ajax.php(203): do_action('wp_ajax_nopriv_...')
#6 {main}
  thrown in E:\xampp\htdocs\paczka\wp-includes\formatting.php on line 4494

2024-03-25T14:31:41+00:00 CRITICAL Uncaught TypeError: ltrim(): Argument #1 ($string) must be of type string, WP_Error given in E:\xampp\htdocs\paczka\wp-includes\formatting.php:4494
Stack trace:
#0 E:\xampp\htdocs\paczka\wp-includes\formatting.php(4494): ltrim(Object(WP_Error))
#1 E:\xampp\htdocs\paczka\wp-content\plugins\page-management\search\search_init.php(105): esc_url(Object(WP_Error))
#2 E:\xampp\htdocs\paczka\wp-includes\class-wp-hook.php(324): Search->product_search('')
#3 E:\xampp\htdocs\paczka\wp-includes\class-wp-hook.php(348): WP_Hook->apply_filters('', Array)
#4 E:\xampp\htdocs\paczka\wp-includes\plugin.php(517): WP_Hook->do_action(Array)
#5 E:\xampp\htdocs\paczka\wp-admin\admin-ajax.php(203): do_action('wp_ajax_nopriv_...')
#6 {main}
  thrown in E:\xampp\htdocs\paczka\wp-includes\formatting.php on line 4494

2024-03-25T14:37:56+00:00 CRITICAL Uncaught TypeError: ltrim(): Argument #1 ($string) must be of type string, WP_Error given in E:\xampp\htdocs\paczka\wp-includes\formatting.php:4494
Stack trace:
#0 E:\xampp\htdocs\paczka\wp-includes\formatting.php(4494): ltrim(Object(WP_Error))
#1 E:\xampp\htdocs\paczka\wp-content\plugins\page-management\search\search_init.php(105): esc_url(Object(WP_Error))
#2 E:\xampp\htdocs\paczka\wp-includes\class-wp-hook.php(324): Search->product_search('')
#3 E:\xampp\htdocs\paczka\wp-includes\class-wp-hook.php(348): WP_Hook->apply_filters('', Array)
#4 E:\xampp\htdocs\paczka\wp-includes\plugin.php(517): WP_Hook->do_action(Array)
#5 E:\xampp\htdocs\paczka\wp-admin\admin-ajax.php(203): do_action('wp_ajax_nopriv_...')
#6 {main}
  thrown in E:\xampp\htdocs\paczka\wp-includes\formatting.php on line 4494

2024-03-25T14:38:51+00:00 CRITICAL Uncaught TypeError: ltrim(): Argument #1 ($string) must be of type string, WP_Error given in E:\xampp\htdocs\paczka\wp-includes\formatting.php:4494
Stack trace:
#0 E:\xampp\htdocs\paczka\wp-includes\formatting.php(4494): ltrim(Object(WP_Error))
#1 E:\xampp\htdocs\paczka\wp-content\plugins\page-management\search\search_init.php(105): esc_url(Object(WP_Error))
#2 E:\xampp\htdocs\paczka\wp-includes\class-wp-hook.php(324): Search->product_search('')
#3 E:\xampp\htdocs\paczka\wp-includes\class-wp-hook.php(348): WP_Hook->apply_filters('', Array)
#4 E:\xampp\htdocs\paczka\wp-includes\plugin.php(517): WP_Hook->do_action(Array)
#5 E:\xampp\htdocs\paczka\wp-admin\admin-ajax.php(203): do_action('wp_ajax_nopriv_...')
#6 {main}
  thrown in E:\xampp\htdocs\paczka\wp-includes\formatting.php on line 4494

2024-03-25T14:39:22+00:00 CRITICAL Uncaught TypeError: ltrim(): Argument #1 ($string) must be of type string, WP_Error given in E:\xampp\htdocs\paczka\wp-includes\formatting.php:4494
Stack trace:
#0 E:\xampp\htdocs\paczka\wp-includes\formatting.php(4494): ltrim(Object(WP_Error))
#1 E:\xampp\htdocs\paczka\wp-content\plugins\page-management\search\search_init.php(105): esc_url(Object(WP_Error))
#2 E:\xampp\htdocs\paczka\wp-includes\class-wp-hook.php(324): Search->product_search('')
#3 E:\xampp\htdocs\paczka\wp-includes\class-wp-hook.php(348): WP_Hook->apply_filters('', Array)
#4 E:\xampp\htdocs\paczka\wp-includes\plugin.php(517): WP_Hook->do_action(Array)
#5 E:\xampp\htdocs\paczka\wp-admin\admin-ajax.php(203): do_action('wp_ajax_nopriv_...')
#6 {main}
  thrown in E:\xampp\htdocs\paczka\wp-includes\formatting.php on line 4494

2024-03-25T14:51:02+00:00 CRITICAL Uncaught TypeError: ltrim(): Argument #1 ($string) must be of type string, WP_Error given in E:\xampp\htdocs\paczka\wp-includes\formatting.php:4494
Stack trace:
#0 E:\xampp\htdocs\paczka\wp-includes\formatting.php(4494): ltrim(Object(WP_Error))
#1 E:\xampp\htdocs\paczka\wp-content\plugins\page-management\search\search_init.php(105): esc_url(Object(WP_Error))
#2 E:\xampp\htdocs\paczka\wp-includes\class-wp-hook.php(324): Search->product_search('')
#3 E:\xampp\htdocs\paczka\wp-includes\class-wp-hook.php(348): WP_Hook->apply_filters('', Array)
#4 E:\xampp\htdocs\paczka\wp-includes\plugin.php(517): WP_Hook->do_action(Array)
#5 E:\xampp\htdocs\paczka\wp-admin\admin-ajax.php(203): do_action('wp_ajax_nopriv_...')
#6 {main}
  thrown in E:\xampp\htdocs\paczka\wp-includes\formatting.php on line 4494

2024-03-25T14:51:11+00:00 CRITICAL Uncaught TypeError: ltrim(): Argument #1 ($string) must be of type string, WP_Error given in E:\xampp\htdocs\paczka\wp-includes\formatting.php:4494
Stack trace:
#0 E:\xampp\htdocs\paczka\wp-includes\formatting.php(4494): ltrim(Object(WP_Error))
#1 E:\xampp\htdocs\paczka\wp-content\plugins\page-management\search\search_init.php(105): esc_url(Object(WP_Error))
#2 E:\xampp\htdocs\paczka\wp-includes\class-wp-hook.php(324): Search->product_search('')
#3 E:\xampp\htdocs\paczka\wp-includes\class-wp-hook.php(348): WP_Hook->apply_filters('', Array)
#4 E:\xampp\htdocs\paczka\wp-includes\plugin.php(517): WP_Hook->do_action(Array)
#5 E:\xampp\htdocs\paczka\wp-admin\admin-ajax.php(203): do_action('wp_ajax_nopriv_...')
#6 {main}
  thrown in E:\xampp\htdocs\paczka\wp-includes\formatting.php on line 4494

