2024-03-07T12:46:10+00:00 CRITICAL Uncaught TypeError: str_replace(): Argument #3 ($subject) must be of type array|string, WC_Breadcrumb given in E:\xampp\htdocs\paczka\wp-content\plugins\page-management\woo\custom_field.php:52
Stack trace:
#0 E:\xampp\htdocs\paczka\wp-content\plugins\page-management\woo\custom_field.php(52): str_replace('Page', 'Strona', Object(WC_Breadcrumb))
#1 E:\xampp\htdocs\paczka\wp-includes\class-wp-hook.php(326): My_woo->custom_change_breadcrumb_text(Object(WC_Breadcrumb))
#2 E:\xampp\htdocs\paczka\wp-includes\class-wp-hook.php(348): WP_Hook->apply_filters('', Array)
#3 E:\xampp\htdocs\paczka\wp-includes\plugin.php(517): WP_Hook->do_action(Array)
#4 E:\xampp\htdocs\paczka\wp-content\plugins\woocommerce\includes\wc-template-functions.php(2351): do_action('woocommerce_bre...', Object(WC_Breadcrumb), Array)
#5 E:\xampp\htdocs\paczka\wp-includes\class-wp-hook.php(322): woocommerce_breadcrumb()
#6 E:\xampp\htdocs\paczka\wp-includes\class-wp-hook.php(348): WP_Hook->apply_filters(NULL, Array)
#7 E:\xampp\htdocs\paczka\wp-includes\plugin.php(517): WP_Hook->do_action(Array)
#8 E:\xampp\htdocs\paczka\wp-content\themes\burge\woocommerce\archive-product.php(41): do_action('woocommerce_bef...')
#9 E:\xampp\htdocs\paczka\wp-content\plugins\woocommerce\includes\wc-core-functions.php(345): include('E:\\xampp\\htdocs...')
#10 E:\xampp\htdocs\paczka\wp-content\plugins\woocommerce\templates\taxonomy-product-cat.php(22): wc_get_template('archive-product...')
#11 E:\xampp\htdocs\paczka\wp-includes\template-loader.php(106): include('E:\\xampp\\htdocs...')
#12 E:\xampp\htdocs\paczka\wp-blog-header.php(19): require_once('E:\\xampp\\htdocs...')
#13 E:\xampp\htdocs\paczka\index.php(17): require('E:\\xampp\\htdocs...')
#14 {main}
  thrown in E:\xampp\htdocs\paczka\wp-content\plugins\page-management\woo\custom_field.php on line 52

2024-03-07T12:46:44+00:00 CRITICAL Uncaught TypeError: str_replace(): Argument #3 ($subject) must be of type array|string, WC_Breadcrumb given in E:\xampp\htdocs\paczka\wp-content\plugins\page-management\woo\custom_field.php:52
Stack trace:
#0 E:\xampp\htdocs\paczka\wp-content\plugins\page-management\woo\custom_field.php(52): str_replace('Page', 'Your Custom Tex...', Object(WC_Breadcrumb))
#1 E:\xampp\htdocs\paczka\wp-includes\class-wp-hook.php(326): My_woo->custom_change_breadcrumb_text(Object(WC_Breadcrumb))
#2 E:\xampp\htdocs\paczka\wp-includes\class-wp-hook.php(348): WP_Hook->apply_filters('', Array)
#3 E:\xampp\htdocs\paczka\wp-includes\plugin.php(517): WP_Hook->do_action(Array)
#4 E:\xampp\htdocs\paczka\wp-content\plugins\woocommerce\includes\wc-template-functions.php(2351): do_action('woocommerce_bre...', Object(WC_Breadcrumb), Array)
#5 E:\xampp\htdocs\paczka\wp-includes\class-wp-hook.php(322): woocommerce_breadcrumb()
#6 E:\xampp\htdocs\paczka\wp-includes\class-wp-hook.php(348): WP_Hook->apply_filters(NULL, Array)
#7 E:\xampp\htdocs\paczka\wp-includes\plugin.php(517): WP_Hook->do_action(Array)
#8 E:\xampp\htdocs\paczka\wp-content\themes\burge\woocommerce\archive-product.php(41): do_action('woocommerce_bef...')
#9 E:\xampp\htdocs\paczka\wp-content\plugins\woocommerce\includes\wc-core-functions.php(345): include('E:\\xampp\\htdocs...')
#10 E:\xampp\htdocs\paczka\wp-content\plugins\woocommerce\templates\taxonomy-product-cat.php(22): wc_get_template('archive-product...')
#11 E:\xampp\htdocs\paczka\wp-includes\template-loader.php(106): include('E:\\xampp\\htdocs...')
#12 E:\xampp\htdocs\paczka\wp-blog-header.php(19): require_once('E:\\xampp\\htdocs...')
#13 E:\xampp\htdocs\paczka\index.php(17): require('E:\\xampp\\htdocs...')
#14 {main}
  thrown in E:\xampp\htdocs\paczka\wp-content\plugins\page-management\woo\custom_field.php on line 52

2024-03-07T12:47:32+00:00 CRITICAL Uncaught ArgumentCountError: Too few arguments to function My_woo::custom_change_breadcrumb_text(), 1 passed in E:\xampp\htdocs\paczka\wp-includes\class-wp-hook.php on line 326 and exactly 3 expected in E:\xampp\htdocs\paczka\wp-content\plugins\page-management\woo\custom_field.php:51
Stack trace:
#0 E:\xampp\htdocs\paczka\wp-includes\class-wp-hook.php(326): My_woo->custom_change_breadcrumb_text(Object(WC_Breadcrumb))
#1 E:\xampp\htdocs\paczka\wp-includes\class-wp-hook.php(348): WP_Hook->apply_filters('', Array)
#2 E:\xampp\htdocs\paczka\wp-includes\plugin.php(517): WP_Hook->do_action(Array)
#3 E:\xampp\htdocs\paczka\wp-content\plugins\woocommerce\includes\wc-template-functions.php(2351): do_action('woocommerce_bre...', Object(WC_Breadcrumb), Array)
#4 E:\xampp\htdocs\paczka\wp-includes\class-wp-hook.php(322): woocommerce_breadcrumb()
#5 E:\xampp\htdocs\paczka\wp-includes\class-wp-hook.php(348): WP_Hook->apply_filters(NULL, Array)
#6 E:\xampp\htdocs\paczka\wp-includes\plugin.php(517): WP_Hook->do_action(Array)
#7 E:\xampp\htdocs\paczka\wp-content\themes\burge\woocommerce\archive-product.php(41): do_action('woocommerce_bef...')
#8 E:\xampp\htdocs\paczka\wp-content\plugins\woocommerce\includes\wc-core-functions.php(345): include('E:\\xampp\\htdocs...')
#9 E:\xampp\htdocs\paczka\wp-content\plugins\woocommerce\templates\taxonomy-product-cat.php(22): wc_get_template('archive-product...')
#10 E:\xampp\htdocs\paczka\wp-includes\template-loader.php(106): include('E:\\xampp\\htdocs...')
#11 E:\xampp\htdocs\paczka\wp-blog-header.php(19): require_once('E:\\xampp\\htdocs...')
#12 E:\xampp\htdocs\paczka\index.php(17): require('E:\\xampp\\htdocs...')
#13 {main}
  thrown in E:\xampp\htdocs\paczka\wp-content\plugins\page-management\woo\custom_field.php on line 51

2024-03-07T12:52:18+00:00 CRITICAL Uncaught ArgumentCountError: Too few arguments to function My_woo::custom_change_breadcrumb_text(), 1 passed in E:\xampp\htdocs\paczka\wp-includes\class-wp-hook.php on line 326 and exactly 3 expected in E:\xampp\htdocs\paczka\wp-content\plugins\page-management\woo\custom_field.php:51
Stack trace:
#0 E:\xampp\htdocs\paczka\wp-includes\class-wp-hook.php(326): My_woo->custom_change_breadcrumb_text(Object(WC_Breadcrumb))
#1 E:\xampp\htdocs\paczka\wp-includes\class-wp-hook.php(348): WP_Hook->apply_filters('', Array)
#2 E:\xampp\htdocs\paczka\wp-includes\plugin.php(517): WP_Hook->do_action(Array)
#3 E:\xampp\htdocs\paczka\wp-content\plugins\woocommerce\includes\wc-template-functions.php(2351): do_action('woocommerce_bre...', Object(WC_Breadcrumb), Array)
#4 E:\xampp\htdocs\paczka\wp-includes\class-wp-hook.php(322): woocommerce_breadcrumb()
#5 E:\xampp\htdocs\paczka\wp-includes\class-wp-hook.php(348): WP_Hook->apply_filters(NULL, Array)
#6 E:\xampp\htdocs\paczka\wp-includes\plugin.php(517): WP_Hook->do_action(Array)
#7 E:\xampp\htdocs\paczka\wp-content\themes\burge\woocommerce\archive-product.php(41): do_action('woocommerce_bef...')
#8 E:\xampp\htdocs\paczka\wp-content\plugins\woocommerce\includes\wc-core-functions.php(345): include('E:\\xampp\\htdocs...')
#9 E:\xampp\htdocs\paczka\wp-content\plugins\woocommerce\templates\taxonomy-product-cat.php(22): wc_get_template('archive-product...')
#10 E:\xampp\htdocs\paczka\wp-includes\template-loader.php(106): include('E:\\xampp\\htdocs...')
#11 E:\xampp\htdocs\paczka\wp-blog-header.php(19): require_once('E:\\xampp\\htdocs...')
#12 E:\xampp\htdocs\paczka\index.php(17): require('E:\\xampp\\htdocs...')
#13 {main}
  thrown in E:\xampp\htdocs\paczka\wp-content\plugins\page-management\woo\custom_field.php on line 51

2024-03-07T12:52:47+00:00 CRITICAL Uncaught TypeError: str_replace(): Argument #3 ($subject) must be of type array|string, WC_Breadcrumb given in E:\xampp\htdocs\paczka\wp-content\plugins\page-management\woo\custom_field.php:52
Stack trace:
#0 E:\xampp\htdocs\paczka\wp-content\plugins\page-management\woo\custom_field.php(52): str_replace('Page', 'Your Custom Tex...', Object(WC_Breadcrumb))
#1 E:\xampp\htdocs\paczka\wp-includes\class-wp-hook.php(326): My_woo->custom_change_breadcrumb_text(Object(WC_Breadcrumb))
#2 E:\xampp\htdocs\paczka\wp-includes\class-wp-hook.php(348): WP_Hook->apply_filters('', Array)
#3 E:\xampp\htdocs\paczka\wp-includes\plugin.php(517): WP_Hook->do_action(Array)
#4 E:\xampp\htdocs\paczka\wp-content\plugins\woocommerce\includes\wc-template-functions.php(2351): do_action('woocommerce_bre...', Object(WC_Breadcrumb), Array)
#5 E:\xampp\htdocs\paczka\wp-includes\class-wp-hook.php(322): woocommerce_breadcrumb()
#6 E:\xampp\htdocs\paczka\wp-includes\class-wp-hook.php(348): WP_Hook->apply_filters(NULL, Array)
#7 E:\xampp\htdocs\paczka\wp-includes\plugin.php(517): WP_Hook->do_action(Array)
#8 E:\xampp\htdocs\paczka\wp-content\themes\burge\woocommerce\archive-product.php(41): do_action('woocommerce_bef...')
#9 E:\xampp\htdocs\paczka\wp-content\plugins\woocommerce\includes\wc-core-functions.php(345): include('E:\\xampp\\htdocs...')
#10 E:\xampp\htdocs\paczka\wp-content\plugins\woocommerce\templates\taxonomy-product-cat.php(22): wc_get_template('archive-product...')
#11 E:\xampp\htdocs\paczka\wp-includes\template-loader.php(106): include('E:\\xampp\\htdocs...')
#12 E:\xampp\htdocs\paczka\wp-blog-header.php(19): require_once('E:\\xampp\\htdocs...')
#13 E:\xampp\htdocs\paczka\index.php(17): require('E:\\xampp\\htdocs...')
#14 {main}
  thrown in E:\xampp\htdocs\paczka\wp-content\plugins\page-management\woo\custom_field.php on line 52

2024-03-07T12:54:49+00:00 CRITICAL Uncaught ArgumentCountError: Too few arguments to function My_woo::custom_change_breadcrumb_text(), 1 passed in E:\xampp\htdocs\paczka\wp-includes\class-wp-hook.php on line 326 and exactly 2 expected in E:\xampp\htdocs\paczka\wp-content\plugins\page-management\woo\custom_field.php:51
Stack trace:
#0 E:\xampp\htdocs\paczka\wp-includes\class-wp-hook.php(326): My_woo->custom_change_breadcrumb_text(Object(WC_Breadcrumb))
#1 E:\xampp\htdocs\paczka\wp-includes\class-wp-hook.php(348): WP_Hook->apply_filters('', Array)
#2 E:\xampp\htdocs\paczka\wp-includes\plugin.php(517): WP_Hook->do_action(Array)
#3 E:\xampp\htdocs\paczka\wp-content\plugins\woocommerce\includes\wc-template-functions.php(2351): do_action('woocommerce_bre...', Object(WC_Breadcrumb), Array)
#4 E:\xampp\htdocs\paczka\wp-includes\class-wp-hook.php(322): woocommerce_breadcrumb()
#5 E:\xampp\htdocs\paczka\wp-includes\class-wp-hook.php(348): WP_Hook->apply_filters(NULL, Array)
#6 E:\xampp\htdocs\paczka\wp-includes\plugin.php(517): WP_Hook->do_action(Array)
#7 E:\xampp\htdocs\paczka\wp-content\themes\burge\woocommerce\archive-product.php(41): do_action('woocommerce_bef...')
#8 E:\xampp\htdocs\paczka\wp-content\plugins\woocommerce\includes\wc-core-functions.php(345): include('E:\\xampp\\htdocs...')
#9 E:\xampp\htdocs\paczka\wp-content\plugins\woocommerce\templates\taxonomy-product-cat.php(22): wc_get_template('archive-product...')
#10 E:\xampp\htdocs\paczka\wp-includes\template-loader.php(106): include('E:\\xampp\\htdocs...')
#11 E:\xampp\htdocs\paczka\wp-blog-header.php(19): require_once('E:\\xampp\\htdocs...')
#12 E:\xampp\htdocs\paczka\index.php(17): require('E:\\xampp\\htdocs...')
#13 {main}
  thrown in E:\xampp\htdocs\paczka\wp-content\plugins\page-management\woo\custom_field.php on line 51

2024-03-07T13:05:09+00:00 CRITICAL Uncaught ArgumentCountError: Too few arguments to function My_woo::custom_get_breadcrumb(), 1 passed in E:\xampp\htdocs\paczka\wp-includes\class-wp-hook.php on line 326 and exactly 2 expected in E:\xampp\htdocs\paczka\wp-content\plugins\page-management\woo\custom_field.php:52
Stack trace:
#0 E:\xampp\htdocs\paczka\wp-includes\class-wp-hook.php(326): My_woo->custom_get_breadcrumb(Array)
#1 E:\xampp\htdocs\paczka\wp-includes\plugin.php(205): WP_Hook->apply_filters(Array, Array)
#2 E:\xampp\htdocs\paczka\wp-content\plugins\woocommerce\includes\class-wc-breadcrumb.php(49): apply_filters('woocommerce_get...', Array, Object(WC_Breadcrumb))
#3 E:\xampp\htdocs\paczka\wp-content\plugins\woocommerce\includes\class-wc-breadcrumb.php(86): WC_Breadcrumb->get_breadcrumb()
#4 E:\xampp\htdocs\paczka\wp-content\plugins\woocommerce\includes\wc-template-functions.php(2344): WC_Breadcrumb->generate()
#5 E:\xampp\htdocs\paczka\wp-includes\class-wp-hook.php(322): woocommerce_breadcrumb()
#6 E:\xampp\htdocs\paczka\wp-includes\class-wp-hook.php(348): WP_Hook->apply_filters(NULL, Array)
#7 E:\xampp\htdocs\paczka\wp-includes\plugin.php(517): WP_Hook->do_action(Array)
#8 E:\xampp\htdocs\paczka\wp-content\themes\burge\woocommerce\archive-product.php(41): do_action('woocommerce_bef...')
#9 E:\xampp\htdocs\paczka\wp-content\plugins\woocommerce\includes\wc-core-functions.php(345): include('E:\\xampp\\htdocs...')
#10 E:\xampp\htdocs\paczka\wp-content\plugins\woocommerce\templates\taxonomy-product-cat.php(22): wc_get_template('archive-product...')
#11 E:\xampp\htdocs\paczka\wp-includes\template-loader.php(106): include('E:\\xampp\\htdocs...')
#12 E:\xampp\htdocs\paczka\wp-blog-header.php(19): require_once('E:\\xampp\\htdocs...')
#13 E:\xampp\htdocs\paczka\index.php(17): require('E:\\xampp\\htdocs...')
#14 {main}
  thrown in E:\xampp\htdocs\paczka\wp-content\plugins\page-management\woo\custom_field.php on line 52

2024-03-07T13:07:08+00:00 CRITICAL Uncaught ArgumentCountError: Too few arguments to function My_woo::custom_get_breadcrumb(), 1 passed in E:\xampp\htdocs\paczka\wp-includes\class-wp-hook.php on line 326 and exactly 2 expected in E:\xampp\htdocs\paczka\wp-content\plugins\page-management\woo\custom_field.php:52
Stack trace:
#0 E:\xampp\htdocs\paczka\wp-includes\class-wp-hook.php(326): My_woo->custom_get_breadcrumb(Array)
#1 E:\xampp\htdocs\paczka\wp-includes\plugin.php(205): WP_Hook->apply_filters(Array, Array)
#2 E:\xampp\htdocs\paczka\wp-content\plugins\woocommerce\includes\class-wc-breadcrumb.php(49): apply_filters('woocommerce_get...', Array, Object(WC_Breadcrumb))
#3 E:\xampp\htdocs\paczka\wp-content\plugins\woocommerce\includes\class-wc-breadcrumb.php(86): WC_Breadcrumb->get_breadcrumb()
#4 E:\xampp\htdocs\paczka\wp-content\plugins\woocommerce\includes\wc-template-functions.php(2344): WC_Breadcrumb->generate()
#5 E:\xampp\htdocs\paczka\wp-includes\class-wp-hook.php(322): woocommerce_breadcrumb()
#6 E:\xampp\htdocs\paczka\wp-includes\class-wp-hook.php(348): WP_Hook->apply_filters(NULL, Array)
#7 E:\xampp\htdocs\paczka\wp-includes\plugin.php(517): WP_Hook->do_action(Array)
#8 E:\xampp\htdocs\paczka\wp-content\themes\burge\woocommerce\archive-product.php(41): do_action('woocommerce_bef...')
#9 E:\xampp\htdocs\paczka\wp-content\plugins\woocommerce\includes\wc-core-functions.php(345): include('E:\\xampp\\htdocs...')
#10 E:\xampp\htdocs\paczka\wp-content\plugins\woocommerce\templates\taxonomy-product-cat.php(22): wc_get_template('archive-product...')
#11 E:\xampp\htdocs\paczka\wp-includes\template-loader.php(106): include('E:\\xampp\\htdocs...')
#12 E:\xampp\htdocs\paczka\wp-blog-header.php(19): require_once('E:\\xampp\\htdocs...')
#13 E:\xampp\htdocs\paczka\index.php(17): require('E:\\xampp\\htdocs...')
#14 {main}
  thrown in E:\xampp\htdocs\paczka\wp-content\plugins\page-management\woo\custom_field.php on line 52

2024-03-07T13:08:16+00:00 CRITICAL Uncaught ArgumentCountError: Too few arguments to function My_woo::custom_get_breadcrumb(), 1 passed in E:\xampp\htdocs\paczka\wp-includes\class-wp-hook.php on line 326 and exactly 2 expected in E:\xampp\htdocs\paczka\wp-content\plugins\page-management\woo\custom_field.php:51
Stack trace:
#0 E:\xampp\htdocs\paczka\wp-includes\class-wp-hook.php(326): My_woo->custom_get_breadcrumb(Array)
#1 E:\xampp\htdocs\paczka\wp-includes\plugin.php(205): WP_Hook->apply_filters(Array, Array)
#2 E:\xampp\htdocs\paczka\wp-content\plugins\woocommerce\includes\class-wc-breadcrumb.php(49): apply_filters('woocommerce_get...', Array, Object(WC_Breadcrumb))
#3 E:\xampp\htdocs\paczka\wp-content\plugins\woocommerce\includes\class-wc-breadcrumb.php(86): WC_Breadcrumb->get_breadcrumb()
#4 E:\xampp\htdocs\paczka\wp-content\plugins\woocommerce\includes\wc-template-functions.php(2344): WC_Breadcrumb->generate()
#5 E:\xampp\htdocs\paczka\wp-includes\class-wp-hook.php(322): woocommerce_breadcrumb()
#6 E:\xampp\htdocs\paczka\wp-includes\class-wp-hook.php(348): WP_Hook->apply_filters(NULL, Array)
#7 E:\xampp\htdocs\paczka\wp-includes\plugin.php(517): WP_Hook->do_action(Array)
#8 E:\xampp\htdocs\paczka\wp-content\themes\burge\woocommerce\archive-product.php(41): do_action('woocommerce_bef...')
#9 E:\xampp\htdocs\paczka\wp-content\plugins\woocommerce\includes\wc-core-functions.php(345): include('E:\\xampp\\htdocs...')
#10 E:\xampp\htdocs\paczka\wp-content\plugins\woocommerce\templates\taxonomy-product-cat.php(22): wc_get_template('archive-product...')
#11 E:\xampp\htdocs\paczka\wp-includes\template-loader.php(106): include('E:\\xampp\\htdocs...')
#12 E:\xampp\htdocs\paczka\wp-blog-header.php(19): require_once('E:\\xampp\\htdocs...')
#13 E:\xampp\htdocs\paczka\index.php(17): require('E:\\xampp\\htdocs...')
#14 {main}
  thrown in E:\xampp\htdocs\paczka\wp-content\plugins\page-management\woo\custom_field.php on line 51

2024-03-07T13:09:20+00:00 CRITICAL Uncaught ArgumentCountError: Too few arguments to function My_woo::custom_get_breadcrumb(), 1 passed in E:\xampp\htdocs\paczka\wp-includes\class-wp-hook.php on line 326 and exactly 2 expected in E:\xampp\htdocs\paczka\wp-content\plugins\page-management\woo\custom_field.php:51
Stack trace:
#0 E:\xampp\htdocs\paczka\wp-includes\class-wp-hook.php(326): My_woo::custom_get_breadcrumb(Array)
#1 E:\xampp\htdocs\paczka\wp-includes\plugin.php(205): WP_Hook->apply_filters(Array, Array)
#2 E:\xampp\htdocs\paczka\wp-content\plugins\woocommerce\includes\class-wc-breadcrumb.php(49): apply_filters('woocommerce_get...', Array, Object(WC_Breadcrumb))
#3 E:\xampp\htdocs\paczka\wp-content\plugins\woocommerce\includes\class-wc-breadcrumb.php(86): WC_Breadcrumb->get_breadcrumb()
#4 E:\xampp\htdocs\paczka\wp-content\plugins\woocommerce\includes\wc-template-functions.php(2344): WC_Breadcrumb->generate()
#5 E:\xampp\htdocs\paczka\wp-includes\class-wp-hook.php(322): woocommerce_breadcrumb()
#6 E:\xampp\htdocs\paczka\wp-includes\class-wp-hook.php(348): WP_Hook->apply_filters(NULL, Array)
#7 E:\xampp\htdocs\paczka\wp-includes\plugin.php(517): WP_Hook->do_action(Array)
#8 E:\xampp\htdocs\paczka\wp-content\themes\burge\woocommerce\archive-product.php(41): do_action('woocommerce_bef...')
#9 E:\xampp\htdocs\paczka\wp-content\plugins\woocommerce\includes\wc-core-functions.php(345): include('E:\\xampp\\htdocs...')
#10 E:\xampp\htdocs\paczka\wp-content\plugins\woocommerce\templates\taxonomy-product-cat.php(22): wc_get_template('archive-product...')
#11 E:\xampp\htdocs\paczka\wp-includes\template-loader.php(106): include('E:\\xampp\\htdocs...')
#12 E:\xampp\htdocs\paczka\wp-blog-header.php(19): require_once('E:\\xampp\\htdocs...')
#13 E:\xampp\htdocs\paczka\index.php(17): require('E:\\xampp\\htdocs...')
#14 {main}
  thrown in E:\xampp\htdocs\paczka\wp-content\plugins\page-management\woo\custom_field.php on line 51

2024-03-07T13:09:57+00:00 CRITICAL Uncaught ArgumentCountError: Too few arguments to function My_woo::custom_get_breadcrumb(), 1 passed in E:\xampp\htdocs\paczka\wp-includes\class-wp-hook.php on line 326 and exactly 2 expected in E:\xampp\htdocs\paczka\wp-content\plugins\page-management\woo\custom_field.php:51
Stack trace:
#0 E:\xampp\htdocs\paczka\wp-includes\class-wp-hook.php(326): My_woo->custom_get_breadcrumb(Array)
#1 E:\xampp\htdocs\paczka\wp-includes\plugin.php(205): WP_Hook->apply_filters(Array, Array)
#2 E:\xampp\htdocs\paczka\wp-content\plugins\woocommerce\includes\class-wc-breadcrumb.php(49): apply_filters('woocommerce_get...', Array, Object(WC_Breadcrumb))
#3 E:\xampp\htdocs\paczka\wp-content\plugins\woocommerce\includes\class-wc-breadcrumb.php(86): WC_Breadcrumb->get_breadcrumb()
#4 E:\xampp\htdocs\paczka\wp-content\plugins\woocommerce\includes\wc-template-functions.php(2344): WC_Breadcrumb->generate()
#5 E:\xampp\htdocs\paczka\wp-includes\class-wp-hook.php(322): woocommerce_breadcrumb()
#6 E:\xampp\htdocs\paczka\wp-includes\class-wp-hook.php(348): WP_Hook->apply_filters(NULL, Array)
#7 E:\xampp\htdocs\paczka\wp-includes\plugin.php(517): WP_Hook->do_action(Array)
#8 E:\xampp\htdocs\paczka\wp-content\themes\burge\woocommerce\archive-product.php(41): do_action('woocommerce_bef...')
#9 E:\xampp\htdocs\paczka\wp-content\plugins\woocommerce\includes\wc-core-functions.php(345): include('E:\\xampp\\htdocs...')
#10 E:\xampp\htdocs\paczka\wp-content\plugins\woocommerce\templates\taxonomy-product-cat.php(22): wc_get_template('archive-product...')
#11 E:\xampp\htdocs\paczka\wp-includes\template-loader.php(106): include('E:\\xampp\\htdocs...')
#12 E:\xampp\htdocs\paczka\wp-blog-header.php(19): require_once('E:\\xampp\\htdocs...')
#13 E:\xampp\htdocs\paczka\index.php(17): require('E:\\xampp\\htdocs...')
#14 {main}
  thrown in E:\xampp\htdocs\paczka\wp-content\plugins\page-management\woo\custom_field.php on line 51

