2024-02-15T10:57:08+00:00 CRITICAL Uncaught ArgumentCountError: Too few arguments to function Menu::customize_menu_item_classes(), 3 passed in E:\xampp\htdocs\paczka\wp-includes\class-wp-hook.php on line 324 and exactly 4 expected in E:\xampp\htdocs\paczka\wp-content\plugins\page-management\nav\custom-menu.php:78
Stack trace:
#0 E:\xampp\htdocs\paczka\wp-includes\class-wp-hook.php(324): Menu->customize_menu_item_classes(Array, Object(WP_Post), Object(stdClass))
#1 E:\xampp\htdocs\paczka\wp-includes\plugin.php(205): WP_Hook->apply_filters(Array, Array)
#2 E:\xampp\htdocs\paczka\wp-content\plugins\page-management\nav\walker\extend-menu.php(8): apply_filters('nav_menu_css_cl...', Array, Object(WP_Post), Object(stdClass))
#3 E:\xampp\htdocs\paczka\wp-includes\class-wp-walker.php(147): Custom_Menu_Walker->start_el('', Object(WP_Post), 0, Object(stdClass))
#4 E:\xampp\htdocs\paczka\wp-includes\class-wp-walker.php(247): Walker->display_element(Object(WP_Post), Array, 0, 0, Array, '')
#5 E:\xampp\htdocs\paczka\wp-includes\nav-menu-template.php(616): Walker->walk(Array, 0, Object(stdClass))
#6 E:\xampp\htdocs\paczka\wp-includes\nav-menu-template.php(236): walk_nav_menu_tree(Array, 0, Object(stdClass))
#7 E:\xampp\htdocs\paczka\wp-content\themes\burge\header.php(61): wp_nav_menu(Object(stdClass))
#8 E:\xampp\htdocs\paczka\wp-includes\template.php(790): require_once('E:\\xampp\\htdocs...')
#9 E:\xampp\htdocs\paczka\wp-includes\template.php(725): load_template('E:\\xampp\\htdocs...', true, Array)
#10 E:\xampp\htdocs\paczka\wp-includes\general-template.php(48): locate_template(Array, true, true, Array)
#11 E:\xampp\htdocs\paczka\wp-content\themes\burge\page-templates\home.php(5): get_header()
#12 E:\xampp\htdocs\paczka\wp-includes\template-loader.php(106): include('E:\\xampp\\htdocs...')
#13 E:\xampp\htdocs\paczka\wp-blog-header.php(19): require_once('E:\\xampp\\htdocs...')
#14 E:\xampp\htdocs\paczka\index.php(17): require('E:\\xampp\\htdocs...')
#15 {main}
  thrown in E:\xampp\htdocs\paczka\wp-content\plugins\page-management\nav\custom-menu.php on line 78

2024-02-15T14:03:02+00:00 CRITICAL Uncaught TypeError: error_log(): Argument #2 ($message_type) must be of type int, string given in E:\xampp\htdocs\paczka\wp-content\plugins\page-management\nav\custom-menu.php:24
Stack trace:
#0 E:\xampp\htdocs\paczka\wp-content\plugins\page-management\nav\custom-menu.php(24): error_log('$current_locati...', '$current_locati...')
#1 E:\xampp\htdocs\paczka\wp-includes\class-wp-hook.php(326): Menu->add_menu_item_custom_fields('9121', Object(WP_Post), 0, Object(stdClass))
#2 E:\xampp\htdocs\paczka\wp-includes\class-wp-hook.php(348): WP_Hook->apply_filters('', Array)
#3 E:\xampp\htdocs\paczka\wp-includes\plugin.php(517): WP_Hook->do_action(Array)
#4 E:\xampp\htdocs\paczka\wp-admin\includes\class-walker-nav-menu-edit.php(253): do_action('wp_nav_menu_ite...', '9121', Object(WP_Post), 0, Object(stdClass), 0)
#5 E:\xampp\htdocs\paczka\wp-includes\class-wp-walker.php(147): Walker_Nav_Menu_Edit->start_el('', Object(WP_Post), 0, Object(stdClass))
#6 E:\xampp\htdocs\paczka\wp-includes\class-wp-walker.php(247): Walker->display_element(Object(WP_Post), Array, 0, 0, Array, '')
#7 E:\xampp\htdocs\paczka\wp-includes\nav-menu-template.php(616): Walker->walk(Array, 0, Object(stdClass))
#8 E:\xampp\htdocs\paczka\wp-admin\includes\nav-menu.php(1315): walk_nav_menu_tree(Array, 0, Object(stdClass))
#9 E:\xampp\htdocs\paczka\wp-admin\nav-menus.php(667): wp_get_nav_menu_to_edit(81)
#10 {main}
  thrown in E:\xampp\htdocs\paczka\wp-content\plugins\page-management\nav\custom-menu.php on line 24

2024-02-15T16:09:58+00:00 CRITICAL Uncaught Error: Call to undefined function tmpmela_header() in E:\xampp\htdocs\paczka\wp-content\themes\burge\header.php:18
Stack trace:
#0 E:\xampp\htdocs\paczka\wp-includes\template.php(790): require_once()
#1 E:\xampp\htdocs\paczka\wp-includes\template.php(725): load_template('E:\\xampp\\htdocs...', true, Array)
#2 E:\xampp\htdocs\paczka\wp-includes\general-template.php(48): locate_template(Array, true, true, Array)
#3 E:\xampp\htdocs\paczka\wp-content\themes\burge\page-templates\home.php(5): get_header()
#4 E:\xampp\htdocs\paczka\wp-includes\template-loader.php(106): include('E:\\xampp\\htdocs...')
#5 E:\xampp\htdocs\paczka\wp-blog-header.php(19): require_once('E:\\xampp\\htdocs...')
#6 E:\xampp\htdocs\paczka\index.php(17): require('E:\\xampp\\htdocs...')
#7 {main}
  thrown in E:\xampp\htdocs\paczka\wp-content\themes\burge\header.php on line 18

2024-02-15T16:10:24+00:00 CRITICAL Uncaught Error: Call to undefined function tmpmela_page_layout() in E:\xampp\htdocs\paczka\wp-content\themes\burge\header.php:34
Stack trace:
#0 E:\xampp\htdocs\paczka\wp-includes\template.php(790): require_once()
#1 E:\xampp\htdocs\paczka\wp-includes\template.php(725): load_template('E:\\xampp\\htdocs...', true, Array)
#2 E:\xampp\htdocs\paczka\wp-includes\general-template.php(48): locate_template(Array, true, true, Array)
#3 E:\xampp\htdocs\paczka\wp-content\themes\burge\page-templates\home.php(5): get_header()
#4 E:\xampp\htdocs\paczka\wp-includes\template-loader.php(106): include('E:\\xampp\\htdocs...')
#5 E:\xampp\htdocs\paczka\wp-blog-header.php(19): require_once('E:\\xampp\\htdocs...')
#6 E:\xampp\htdocs\paczka\index.php(17): require('E:\\xampp\\htdocs...')
#7 {main}
  thrown in E:\xampp\htdocs\paczka\wp-content\themes\burge\header.php on line 34

2024-02-15T16:10:37+00:00 CRITICAL Uncaught Error: Call to undefined function tmpmela_page_layout() in E:\xampp\htdocs\paczka\wp-content\themes\burge\header.php:34
Stack trace:
#0 E:\xampp\htdocs\paczka\wp-includes\template.php(790): require_once()
#1 E:\xampp\htdocs\paczka\wp-includes\template.php(725): load_template('E:\\xampp\\htdocs...', true, Array)
#2 E:\xampp\htdocs\paczka\wp-includes\general-template.php(48): locate_template(Array, true, true, Array)
#3 E:\xampp\htdocs\paczka\wp-content\themes\burge\page-templates\home.php(5): get_header()
#4 E:\xampp\htdocs\paczka\wp-includes\template-loader.php(106): include('E:\\xampp\\htdocs...')
#5 E:\xampp\htdocs\paczka\wp-blog-header.php(19): require_once('E:\\xampp\\htdocs...')
#6 E:\xampp\htdocs\paczka\index.php(17): require('E:\\xampp\\htdocs...')
#7 {main}
  thrown in E:\xampp\htdocs\paczka\wp-content\themes\burge\header.php on line 34

2024-02-15T16:11:29+00:00 CRITICAL Uncaught Error: Call to undefined function tmpmela_sidebar_position() in E:\xampp\htdocs\paczka\wp-content\themes\burge\header.php:37
Stack trace:
#0 E:\xampp\htdocs\paczka\wp-includes\template.php(790): require_once()
#1 E:\xampp\htdocs\paczka\wp-includes\template.php(725): load_template('E:\\xampp\\htdocs...', true, Array)
#2 E:\xampp\htdocs\paczka\wp-includes\general-template.php(48): locate_template(Array, true, true, Array)
#3 E:\xampp\htdocs\paczka\wp-content\themes\burge\page-templates\home.php(5): get_header()
#4 E:\xampp\htdocs\paczka\wp-includes\template-loader.php(106): include('E:\\xampp\\htdocs...')
#5 E:\xampp\htdocs\paczka\wp-blog-header.php(19): require_once('E:\\xampp\\htdocs...')
#6 E:\xampp\htdocs\paczka\index.php(17): require('E:\\xampp\\htdocs...')
#7 {main}
  thrown in E:\xampp\htdocs\paczka\wp-content\themes\burge\header.php on line 37

2024-02-15T16:12:18+00:00 CRITICAL Uncaught Error: Call to undefined function tmpmela_get_logo() in E:\xampp\htdocs\paczka\wp-content\themes\burge\header.php:85
Stack trace:
#0 E:\xampp\htdocs\paczka\wp-includes\template.php(790): require_once()
#1 E:\xampp\htdocs\paczka\wp-includes\template.php(725): load_template('E:\\xampp\\htdocs...', true, Array)
#2 E:\xampp\htdocs\paczka\wp-includes\general-template.php(48): locate_template(Array, true, true, Array)
#3 E:\xampp\htdocs\paczka\wp-content\themes\burge\page-templates\home.php(5): get_header()
#4 E:\xampp\htdocs\paczka\wp-includes\template-loader.php(106): include('E:\\xampp\\htdocs...')
#5 E:\xampp\htdocs\paczka\wp-blog-header.php(19): require_once('E:\\xampp\\htdocs...')
#6 E:\xampp\htdocs\paczka\index.php(17): require('E:\\xampp\\htdocs...')
#7 {main}
  thrown in E:\xampp\htdocs\paczka\wp-content\themes\burge\header.php on line 85

2024-02-15T16:13:01+00:00 CRITICAL Uncaught Error: Call to undefined function tmpmela_header_inside() in E:\xampp\htdocs\paczka\wp-content\themes\burge\header.php:110
Stack trace:
#0 E:\xampp\htdocs\paczka\wp-includes\template.php(790): require_once()
#1 E:\xampp\htdocs\paczka\wp-includes\template.php(725): load_template('E:\\xampp\\htdocs...', true, Array)
#2 E:\xampp\htdocs\paczka\wp-includes\general-template.php(48): locate_template(Array, true, true, Array)
#3 E:\xampp\htdocs\paczka\wp-content\themes\burge\page-templates\home.php(5): get_header()
#4 E:\xampp\htdocs\paczka\wp-includes\template-loader.php(106): include('E:\\xampp\\htdocs...')
#5 E:\xampp\htdocs\paczka\wp-blog-header.php(19): require_once('E:\\xampp\\htdocs...')
#6 E:\xampp\htdocs\paczka\index.php(17): require('E:\\xampp\\htdocs...')
#7 {main}
  thrown in E:\xampp\htdocs\paczka\wp-content\themes\burge\header.php on line 110

2024-02-15T16:13:18+00:00 CRITICAL Uncaught Error: Call to undefined function tmpmela_get_widget() in E:\xampp\htdocs\paczka\wp-content\themes\burge\header.php:143
Stack trace:
#0 E:\xampp\htdocs\paczka\wp-includes\template.php(790): require_once()
#1 E:\xampp\htdocs\paczka\wp-includes\template.php(725): load_template('E:\\xampp\\htdocs...', true, Array)
#2 E:\xampp\htdocs\paczka\wp-includes\general-template.php(48): locate_template(Array, true, true, Array)
#3 E:\xampp\htdocs\paczka\wp-content\themes\burge\page-templates\home.php(5): get_header()
#4 E:\xampp\htdocs\paczka\wp-includes\template-loader.php(106): include('E:\\xampp\\htdocs...')
#5 E:\xampp\htdocs\paczka\wp-blog-header.php(19): require_once('E:\\xampp\\htdocs...')
#6 E:\xampp\htdocs\paczka\index.php(17): require('E:\\xampp\\htdocs...')
#7 {main}
  thrown in E:\xampp\htdocs\paczka\wp-content\themes\burge\header.php on line 143

2024-02-15T16:13:36+00:00 CRITICAL Uncaught Error: Call to undefined function tmpmela_get_widget() in E:\xampp\htdocs\paczka\wp-content\themes\burge\header.php:212
Stack trace:
#0 E:\xampp\htdocs\paczka\wp-includes\template.php(790): require_once()
#1 E:\xampp\htdocs\paczka\wp-includes\template.php(725): load_template('E:\\xampp\\htdocs...', true, Array)
#2 E:\xampp\htdocs\paczka\wp-includes\general-template.php(48): locate_template(Array, true, true, Array)
#3 E:\xampp\htdocs\paczka\wp-content\themes\burge\page-templates\home.php(5): get_header()
#4 E:\xampp\htdocs\paczka\wp-includes\template-loader.php(106): include('E:\\xampp\\htdocs...')
#5 E:\xampp\htdocs\paczka\wp-blog-header.php(19): require_once('E:\\xampp\\htdocs...')
#6 E:\xampp\htdocs\paczka\index.php(17): require('E:\\xampp\\htdocs...')
#7 {main}
  thrown in E:\xampp\htdocs\paczka\wp-content\themes\burge\header.php on line 212

2024-02-15T16:13:54+00:00 CRITICAL Uncaught Error: Call to undefined function tmpmela_header_after() in E:\xampp\htdocs\paczka\wp-content\themes\burge\header.php:225
Stack trace:
#0 E:\xampp\htdocs\paczka\wp-includes\template.php(790): require_once()
#1 E:\xampp\htdocs\paczka\wp-includes\template.php(725): load_template('E:\\xampp\\htdocs...', true, Array)
#2 E:\xampp\htdocs\paczka\wp-includes\general-template.php(48): locate_template(Array, true, true, Array)
#3 E:\xampp\htdocs\paczka\wp-content\themes\burge\page-templates\home.php(5): get_header()
#4 E:\xampp\htdocs\paczka\wp-includes\template-loader.php(106): include('E:\\xampp\\htdocs...')
#5 E:\xampp\htdocs\paczka\wp-blog-header.php(19): require_once('E:\\xampp\\htdocs...')
#6 E:\xampp\htdocs\paczka\index.php(17): require('E:\\xampp\\htdocs...')
#7 {main}
  thrown in E:\xampp\htdocs\paczka\wp-content\themes\burge\header.php on line 225

2024-02-15T16:14:20+00:00 CRITICAL Uncaught Error: Call to undefined function tmpmela_page_layout() in E:\xampp\htdocs\paczka\wp-content\themes\burge\header.php:228
Stack trace:
#0 E:\xampp\htdocs\paczka\wp-includes\template.php(790): require_once()
#1 E:\xampp\htdocs\paczka\wp-includes\template.php(725): load_template('E:\\xampp\\htdocs...', true, Array)
#2 E:\xampp\htdocs\paczka\wp-includes\general-template.php(48): locate_template(Array, true, true, Array)
#3 E:\xampp\htdocs\paczka\wp-content\themes\burge\page-templates\home.php(5): get_header()
#4 E:\xampp\htdocs\paczka\wp-includes\template-loader.php(106): include('E:\\xampp\\htdocs...')
#5 E:\xampp\htdocs\paczka\wp-blog-header.php(19): require_once('E:\\xampp\\htdocs...')
#6 E:\xampp\htdocs\paczka\index.php(17): require('E:\\xampp\\htdocs...')
#7 {main}
  thrown in E:\xampp\htdocs\paczka\wp-content\themes\burge\header.php on line 228

2024-02-15T16:14:35+00:00 CRITICAL Uncaught Error: Call to undefined function tmpmela_sidebar_position() in E:\xampp\htdocs\paczka\wp-content\themes\burge\header.php:290
Stack trace:
#0 E:\xampp\htdocs\paczka\wp-includes\template.php(790): require_once()
#1 E:\xampp\htdocs\paczka\wp-includes\template.php(725): load_template('E:\\xampp\\htdocs...', true, Array)
#2 E:\xampp\htdocs\paczka\wp-includes\general-template.php(48): locate_template(Array, true, true, Array)
#3 E:\xampp\htdocs\paczka\wp-content\themes\burge\page-templates\home.php(5): get_header()
#4 E:\xampp\htdocs\paczka\wp-includes\template-loader.php(106): include('E:\\xampp\\htdocs...')
#5 E:\xampp\htdocs\paczka\wp-blog-header.php(19): require_once('E:\\xampp\\htdocs...')
#6 E:\xampp\htdocs\paczka\index.php(17): require('E:\\xampp\\htdocs...')
#7 {main}
  thrown in E:\xampp\htdocs\paczka\wp-content\themes\burge\header.php on line 290

2024-02-15T16:19:24+00:00 CRITICAL Uncaught Error: Call to undefined function tmpmela_sidebar_position() in E:\xampp\htdocs\paczka\wp-content\themes\burge\header.php:290
Stack trace:
#0 E:\xampp\htdocs\paczka\wp-includes\template.php(790): require_once()
#1 E:\xampp\htdocs\paczka\wp-includes\template.php(725): load_template('E:\\xampp\\htdocs...', true, Array)
#2 E:\xampp\htdocs\paczka\wp-includes\general-template.php(48): locate_template(Array, true, true, Array)
#3 E:\xampp\htdocs\paczka\wp-content\themes\burge\page-templates\home.php(5): get_header()
#4 E:\xampp\htdocs\paczka\wp-includes\template-loader.php(106): include('E:\\xampp\\htdocs...')
#5 E:\xampp\htdocs\paczka\wp-blog-header.php(19): require_once('E:\\xampp\\htdocs...')
#6 E:\xampp\htdocs\paczka\index.php(17): require('E:\\xampp\\htdocs...')
#7 {main}
  thrown in E:\xampp\htdocs\paczka\wp-content\themes\burge\header.php on line 290

2024-02-15T16:19:40+00:00 CRITICAL Uncaught Error: Call to undefined function tmpmela_content_before() in E:\xampp\htdocs\paczka\wp-content\themes\burge\header.php:293
Stack trace:
#0 E:\xampp\htdocs\paczka\wp-includes\template.php(790): require_once()
#1 E:\xampp\htdocs\paczka\wp-includes\template.php(725): load_template('E:\\xampp\\htdocs...', true, Array)
#2 E:\xampp\htdocs\paczka\wp-includes\general-template.php(48): locate_template(Array, true, true, Array)
#3 E:\xampp\htdocs\paczka\wp-content\themes\burge\page-templates\home.php(5): get_header()
#4 E:\xampp\htdocs\paczka\wp-includes\template-loader.php(106): include('E:\\xampp\\htdocs...')
#5 E:\xampp\htdocs\paczka\wp-blog-header.php(19): require_once('E:\\xampp\\htdocs...')
#6 E:\xampp\htdocs\paczka\index.php(17): require('E:\\xampp\\htdocs...')
#7 {main}
  thrown in E:\xampp\htdocs\paczka\wp-content\themes\burge\header.php on line 293

2024-02-15T16:19:51+00:00 CRITICAL Uncaught Error: Call to undefined function tmpmela_sidebar_position() in E:\xampp\htdocs\paczka\wp-content\themes\burge\page-templates\home.php:7
Stack trace:
#0 E:\xampp\htdocs\paczka\wp-includes\template-loader.php(106): include()
#1 E:\xampp\htdocs\paczka\wp-blog-header.php(19): require_once('E:\\xampp\\htdocs...')
#2 E:\xampp\htdocs\paczka\index.php(17): require('E:\\xampp\\htdocs...')
#3 {main}
  thrown in E:\xampp\htdocs\paczka\wp-content\themes\burge\page-templates\home.php on line 7

2024-02-15T16:20:15+00:00 CRITICAL Uncaught Error: Call to undefined function tmpmela_sidebar_position() in E:\xampp\htdocs\paczka\wp-content\themes\burge\page-templates\home.php:7
Stack trace:
#0 E:\xampp\htdocs\paczka\wp-includes\template-loader.php(106): include()
#1 E:\xampp\htdocs\paczka\wp-blog-header.php(19): require_once('E:\\xampp\\htdocs...')
#2 E:\xampp\htdocs\paczka\index.php(17): require('E:\\xampp\\htdocs...')
#3 {main}
  thrown in E:\xampp\htdocs\paczka\wp-content\themes\burge\page-templates\home.php on line 7

2024-02-15T18:21:55+00:00 CRITICAL Uncaught Error: Failed opening required 'E:\xampp\htdocs\paczka\wp-content\plugins\page-management/search/templatewewe/search_input.php' (include_path='E:\xampp\php\PEAR') in E:\xampp\htdocs\paczka\wp-content\plugins\page-management\initializing.php:50
Stack trace:
#0 E:\xampp\htdocs\paczka\wp-includes\shortcodes.php(433): PM->woo_search('', '', 'search')
#1 [internal function]: do_shortcode_tag(Array)
#2 E:\xampp\htdocs\paczka\wp-includes\shortcodes.php(273): preg_replace_callback('/\\[(\\[?)(search...', 'do_shortcode_ta...', '[search]')
#3 E:\xampp\htdocs\paczka\wp-content\themes\burge\header.php(120): do_shortcode('[search]')
#4 E:\xampp\htdocs\paczka\wp-includes\template.php(790): require_once('E:\\xampp\\htdocs...')
#5 E:\xampp\htdocs\paczka\wp-includes\template.php(725): load_template('E:\\xampp\\htdocs...', true, Array)
#6 E:\xampp\htdocs\paczka\wp-includes\general-template.php(48): locate_template(Array, true, true, Array)
#7 E:\xampp\htdocs\paczka\wp-content\themes\burge\page-templates\home.php(5): get_header()
#8 E:\xampp\htdocs\paczka\wp-includes\template-loader.php(106): include('E:\\xampp\\htdocs...')
#9 E:\xampp\htdocs\paczka\wp-blog-header.php(19): require_once('E:\\xampp\\htdocs...')
#10 E:\xampp\htdocs\paczka\index.php(17): require('E:\\xampp\\htdocs...')
#11 {main}
  thrown in E:\xampp\htdocs\paczka\wp-content\plugins\page-management\initializing.php on line 50

