2024-02-13T12:45:26+00:00 CRITICAL Uncaught TypeError: call_user_func_array(): Argument #1 ($callback) must be a valid callback, function "edit_header_info" not found or invalid function name in E:\xampp\htdocs\paczka\wp-includes\class-wp-hook.php:324
Stack trace:
#0 E:\xampp\htdocs\paczka\wp-includes\plugin.php(205): WP_Hook->apply_filters('Walker_Nav_Menu...', Array)
#1 E:\xampp\htdocs\paczka\wp-admin\includes\nav-menu.php(1266): apply_filters('wp_edit_nav_men...', 'Walker_Nav_Menu...', 81)
#2 E:\xampp\htdocs\paczka\wp-admin\nav-menus.php(667): wp_get_nav_menu_to_edit(81)
#3 {main}
  thrown w E:\xampp\htdocs\paczka\wp-includes\class-wp-hook.php w linii 324

2024-02-13T12:48:38+00:00 CRITICAL Uncaught ArgumentCountError: Too few arguments to function PM::edit_header_info(), 2 passed in E:\xampp\htdocs\paczka\wp-includes\class-wp-hook.php on line 324 and exactly 3 expected in E:\xampp\htdocs\paczka\wp-content\plugins\page-management\initializing.php:225
Stack trace:
#0 E:\xampp\htdocs\paczka\wp-includes\class-wp-hook.php(324): PM->edit_header_info('Walker_Nav_Menu...', 81)
#1 E:\xampp\htdocs\paczka\wp-includes\plugin.php(205): WP_Hook->apply_filters('Walker_Nav_Menu...', Array)
#2 E:\xampp\htdocs\paczka\wp-admin\includes\nav-menu.php(1266): apply_filters('wp_edit_nav_men...', 'Walker_Nav_Menu...', 81)
#3 E:\xampp\htdocs\paczka\wp-admin\nav-menus.php(667): wp_get_nav_menu_to_edit(81)
#4 {main}
  thrown w E:\xampp\htdocs\paczka\wp-content\plugins\page-management\initializing.php w linii 225

2024-02-13T12:53:47+00:00 CRITICAL Uncaught ArgumentCountError: Too few arguments to function PM::edit_header_info(), 2 passed in E:\xampp\htdocs\paczka\wp-includes\class-wp-hook.php on line 324 and exactly 3 expected in E:\xampp\htdocs\paczka\wp-content\plugins\page-management\initializing.php:224
Stack trace:
#0 E:\xampp\htdocs\paczka\wp-includes\class-wp-hook.php(324): PM->edit_header_info('Walker_Nav_Menu...', 81)
#1 E:\xampp\htdocs\paczka\wp-includes\plugin.php(205): WP_Hook->apply_filters('Walker_Nav_Menu...', Array)
#2 E:\xampp\htdocs\paczka\wp-admin\includes\nav-menu.php(1266): apply_filters('wp_edit_nav_men...', 'Walker_Nav_Menu...', 81)
#3 E:\xampp\htdocs\paczka\wp-admin\nav-menus.php(667): wp_get_nav_menu_to_edit(81)
#4 {main}
  thrown w E:\xampp\htdocs\paczka\wp-content\plugins\page-management\initializing.php w linii 224

2024-02-13T12:59:19+00:00 CRITICAL Uncaught ArgumentCountError: Too few arguments to function PM::edit_header_info(), 2 passed in E:\xampp\htdocs\paczka\wp-includes\class-wp-hook.php on line 324 and exactly 3 expected in E:\xampp\htdocs\paczka\wp-content\plugins\page-management\initializing.php:224
Stack trace:
#0 E:\xampp\htdocs\paczka\wp-includes\class-wp-hook.php(324): PM->edit_header_info('Walker_Nav_Menu...', 81)
#1 E:\xampp\htdocs\paczka\wp-includes\plugin.php(205): WP_Hook->apply_filters('Walker_Nav_Menu...', Array)
#2 E:\xampp\htdocs\paczka\wp-admin\includes\nav-menu.php(1266): apply_filters('wp_edit_nav_men...', 'Walker_Nav_Menu...', 81)
#3 E:\xampp\htdocs\paczka\wp-admin\nav-menus.php(667): wp_get_nav_menu_to_edit(81)
#4 {main}
  thrown w E:\xampp\htdocs\paczka\wp-content\plugins\page-management\initializing.php w linii 224

2024-02-13T13:03:07+00:00 CRITICAL Uncaught ArgumentCountError: Too few arguments to function PM::pm_edit_header_info(), 2 passed in E:\xampp\htdocs\paczka\wp-includes\class-wp-hook.php on line 324 and exactly 3 expected in E:\xampp\htdocs\paczka\wp-content\plugins\page-management\initializing.php:224
Stack trace:
#0 E:\xampp\htdocs\paczka\wp-includes\class-wp-hook.php(324): PM->pm_edit_header_info('Walker_Nav_Menu...', 81)
#1 E:\xampp\htdocs\paczka\wp-includes\plugin.php(205): WP_Hook->apply_filters('Walker_Nav_Menu...', Array)
#2 E:\xampp\htdocs\paczka\wp-admin\includes\nav-menu.php(1266): apply_filters('wp_edit_nav_men...', 'Walker_Nav_Menu...', 81)
#3 E:\xampp\htdocs\paczka\wp-admin\nav-menus.php(667): wp_get_nav_menu_to_edit(81)
#4 {main}
  thrown w E:\xampp\htdocs\paczka\wp-content\plugins\page-management\initializing.php w linii 224

2024-02-13T13:08:25+00:00 CRITICAL Uncaught TypeError: class_exists(): Argument #1 ($class) must be of type string, Walker_Nav_Menu_Edit_Custom given in E:\xampp\htdocs\paczka\wp-admin\includes\ajax-actions.php:1584
Stack trace:
#0 E:\xampp\htdocs\paczka\wp-admin\includes\ajax-actions.php(1584): class_exists(Object(Walker_Nav_Menu_Edit_Custom))
#1 E:\xampp\htdocs\paczka\wp-includes\class-wp-hook.php(324): wp_ajax_add_menu_item('')
#2 E:\xampp\htdocs\paczka\wp-includes\class-wp-hook.php(348): WP_Hook->apply_filters('', Array)
#3 E:\xampp\htdocs\paczka\wp-includes\plugin.php(517): WP_Hook->do_action(Array)
#4 E:\xampp\htdocs\paczka\wp-admin\admin-ajax.php(188): do_action('wp_ajax_add-men...')
#5 {main}
  thrown w E:\xampp\htdocs\paczka\wp-admin\includes\ajax-actions.php w linii 1584

2024-02-13T13:11:30+00:00 CRITICAL Uncaught TypeError: class_exists(): Argument #1 ($class) must be of type string, Walker_Nav_Menu_Edit_Custom given in E:\xampp\htdocs\paczka\wp-admin\includes\ajax-actions.php:1584
Stack trace:
#0 E:\xampp\htdocs\paczka\wp-admin\includes\ajax-actions.php(1584): class_exists(Object(Walker_Nav_Menu_Edit_Custom))
#1 E:\xampp\htdocs\paczka\wp-includes\class-wp-hook.php(324): wp_ajax_add_menu_item('')
#2 E:\xampp\htdocs\paczka\wp-includes\class-wp-hook.php(348): WP_Hook->apply_filters('', Array)
#3 E:\xampp\htdocs\paczka\wp-includes\plugin.php(517): WP_Hook->do_action(Array)
#4 E:\xampp\htdocs\paczka\wp-admin\admin-ajax.php(188): do_action('wp_ajax_add-men...')
#5 {main}
  thrown w E:\xampp\htdocs\paczka\wp-admin\includes\ajax-actions.php w linii 1584

2024-02-13T13:38:14+00:00 CRITICAL Uncaught TypeError: class_exists(): Argument #1 ($class) must be of type string, Walker_Nav_Menu_Edit_Custom given in E:\xampp\htdocs\paczka\wp-admin\includes\ajax-actions.php:1584
Stack trace:
#0 E:\xampp\htdocs\paczka\wp-admin\includes\ajax-actions.php(1584): class_exists(Object(Walker_Nav_Menu_Edit_Custom))
#1 E:\xampp\htdocs\paczka\wp-includes\class-wp-hook.php(324): wp_ajax_add_menu_item('')
#2 E:\xampp\htdocs\paczka\wp-includes\class-wp-hook.php(348): WP_Hook->apply_filters('', Array)
#3 E:\xampp\htdocs\paczka\wp-includes\plugin.php(517): WP_Hook->do_action(Array)
#4 E:\xampp\htdocs\paczka\wp-admin\admin-ajax.php(188): do_action('wp_ajax_add-men...')
#5 {main}
  thrown w E:\xampp\htdocs\paczka\wp-admin\includes\ajax-actions.php w linii 1584

2024-02-13T13:41:53+00:00 CRITICAL Uncaught TypeError: class_exists(): Argument #1 ($class) must be of type string, Walker_Nav_Menu_Edit_Custom given in E:\xampp\htdocs\paczka\wp-admin\includes\ajax-actions.php:1584
Stack trace:
#0 E:\xampp\htdocs\paczka\wp-admin\includes\ajax-actions.php(1584): class_exists(Object(Walker_Nav_Menu_Edit_Custom))
#1 E:\xampp\htdocs\paczka\wp-includes\class-wp-hook.php(324): wp_ajax_add_menu_item('')
#2 E:\xampp\htdocs\paczka\wp-includes\class-wp-hook.php(348): WP_Hook->apply_filters('', Array)
#3 E:\xampp\htdocs\paczka\wp-includes\plugin.php(517): WP_Hook->do_action(Array)
#4 E:\xampp\htdocs\paczka\wp-admin\admin-ajax.php(188): do_action('wp_ajax_add-men...')
#5 {main}
  thrown w E:\xampp\htdocs\paczka\wp-admin\includes\ajax-actions.php w linii 1584

2024-02-13T14:00:50+00:00 CRITICAL Uncaught ArgumentCountError: Too few arguments to function PM::pm_edit_header_info(), 2 passed in E:\xampp\htdocs\paczka\wp-includes\class-wp-hook.php on line 324 and exactly 3 expected in E:\xampp\htdocs\paczka\wp-content\plugins\page-management\initializing.php:224
Stack trace:
#0 E:\xampp\htdocs\paczka\wp-includes\class-wp-hook.php(324): PM->pm_edit_header_info('Walker_Nav_Menu...', '81')
#1 E:\xampp\htdocs\paczka\wp-includes\plugin.php(205): WP_Hook->apply_filters('Walker_Nav_Menu...', Array)
#2 E:\xampp\htdocs\paczka\wp-admin\includes\ajax-actions.php(1582): apply_filters('wp_edit_nav_men...', 'Walker_Nav_Menu...', '81')
#3 E:\xampp\htdocs\paczka\wp-includes\class-wp-hook.php(324): wp_ajax_add_menu_item('')
#4 E:\xampp\htdocs\paczka\wp-includes\class-wp-hook.php(348): WP_Hook->apply_filters('', Array)
#5 E:\xampp\htdocs\paczka\wp-includes\plugin.php(517): WP_Hook->do_action(Array)
#6 E:\xampp\htdocs\paczka\wp-admin\admin-ajax.php(188): do_action('wp_ajax_add-men...')
#7 {main}
  thrown w E:\xampp\htdocs\paczka\wp-content\plugins\page-management\initializing.php w linii 224

2024-02-13T14:26:30+00:00 CRITICAL Uncaught TypeError: call_user_func_array(): Argument #1 ($callback) must be a valid callback, class PM does not have a method "register_custom_image_sizes" in E:\xampp\htdocs\paczka\wp-includes\class-wp-hook.php:324
Stack trace:
#0 E:\xampp\htdocs\paczka\wp-includes\class-wp-hook.php(348): WP_Hook->apply_filters(NULL, Array)
#1 E:\xampp\htdocs\paczka\wp-includes\plugin.php(517): WP_Hook->do_action(Array)
#2 E:\xampp\htdocs\paczka\wp-settings.php(621): do_action('after_setup_the...')
#3 E:\xampp\htdocs\paczka\wp-config.php(98): require_once('E:\\xampp\\htdocs...')
#4 E:\xampp\htdocs\paczka\wp-load.php(50): require_once('E:\\xampp\\htdocs...')
#5 E:\xampp\htdocs\paczka\wp-admin\admin-ajax.php(22): require_once('E:\\xampp\\htdocs...')
#6 {main}
  thrown w E:\xampp\htdocs\paczka\wp-includes\class-wp-hook.php w linii 324

2024-02-13T14:39:15+00:00 CRITICAL Uncaught TypeError: call_user_func_array(): Argument #1 ($callback) must be a valid callback, class Menu does not have a method "load_custom_single_template" in E:\xampp\htdocs\paczka\wp-includes\class-wp-hook.php:324
Stack trace:
#0 E:\xampp\htdocs\paczka\wp-includes\class-wp-hook.php(348): WP_Hook->apply_filters(NULL, Array)
#1 E:\xampp\htdocs\paczka\wp-includes\plugin.php(517): WP_Hook->do_action(Array)
#2 E:\xampp\htdocs\paczka\wp-settings.php(643): do_action('init')
#3 E:\xampp\htdocs\paczka\wp-config.php(98): require_once('E:\\xampp\\htdocs...')
#4 E:\xampp\htdocs\paczka\wp-load.php(50): require_once('E:\\xampp\\htdocs...')
#5 E:\xampp\htdocs\paczka\wp-admin\admin-ajax.php(22): require_once('E:\\xampp\\htdocs...')
#6 {main}
  thrown w E:\xampp\htdocs\paczka\wp-includes\class-wp-hook.php w linii 324

2024-02-13T14:39:16+00:00 CRITICAL Uncaught TypeError: call_user_func_array(): Argument #1 ($callback) must be a valid callback, class Menu does not have a method "load_custom_single_template" in E:\xampp\htdocs\paczka\wp-includes\class-wp-hook.php:324
Stack trace:
#0 E:\xampp\htdocs\paczka\wp-includes\class-wp-hook.php(348): WP_Hook->apply_filters(NULL, Array)
#1 E:\xampp\htdocs\paczka\wp-includes\plugin.php(517): WP_Hook->do_action(Array)
#2 E:\xampp\htdocs\paczka\wp-settings.php(643): do_action('init')
#3 E:\xampp\htdocs\paczka\wp-config.php(98): require_once('E:\\xampp\\htdocs...')
#4 E:\xampp\htdocs\paczka\wp-load.php(50): require_once('E:\\xampp\\htdocs...')
#5 E:\xampp\htdocs\paczka\wp-admin\admin-ajax.php(22): require_once('E:\\xampp\\htdocs...')
#6 {main}
  thrown w E:\xampp\htdocs\paczka\wp-includes\class-wp-hook.php w linii 324

2024-02-13T14:41:15+00:00 CRITICAL Uncaught TypeError: call_user_func_array(): Argument #1 ($callback) must be a valid callback, class Menu does not have a method "load_custom_single_template" in E:\xampp\htdocs\paczka\wp-includes\class-wp-hook.php:324
Stack trace:
#0 E:\xampp\htdocs\paczka\wp-includes\class-wp-hook.php(348): WP_Hook->apply_filters(NULL, Array)
#1 E:\xampp\htdocs\paczka\wp-includes\plugin.php(517): WP_Hook->do_action(Array)
#2 E:\xampp\htdocs\paczka\wp-settings.php(643): do_action('init')
#3 E:\xampp\htdocs\paczka\wp-config.php(98): require_once('E:\\xampp\\htdocs...')
#4 E:\xampp\htdocs\paczka\wp-load.php(50): require_once('E:\\xampp\\htdocs...')
#5 E:\xampp\htdocs\paczka\wp-admin\admin-ajax.php(22): require_once('E:\\xampp\\htdocs...')
#6 {main}
  thrown w E:\xampp\htdocs\paczka\wp-includes\class-wp-hook.php w linii 324

2024-02-13T14:41:15+00:00 CRITICAL Uncaught TypeError: call_user_func_array(): Argument #1 ($callback) must be a valid callback, class Menu does not have a method "load_custom_single_template" in E:\xampp\htdocs\paczka\wp-includes\class-wp-hook.php:324
Stack trace:
#0 E:\xampp\htdocs\paczka\wp-includes\class-wp-hook.php(348): WP_Hook->apply_filters(NULL, Array)
#1 E:\xampp\htdocs\paczka\wp-includes\plugin.php(517): WP_Hook->do_action(Array)
#2 E:\xampp\htdocs\paczka\wp-settings.php(643): do_action('init')
#3 E:\xampp\htdocs\paczka\wp-config.php(98): require_once('E:\\xampp\\htdocs...')
#4 E:\xampp\htdocs\paczka\wp-load.php(50): require_once('E:\\xampp\\htdocs...')
#5 E:\xampp\htdocs\paczka\wp-admin\admin-ajax.php(22): require_once('E:\\xampp\\htdocs...')
#6 {main}
  thrown w E:\xampp\htdocs\paczka\wp-includes\class-wp-hook.php w linii 324

2024-02-13T14:43:16+00:00 CRITICAL Uncaught TypeError: call_user_func_array(): Argument #1 ($callback) must be a valid callback, class Menu does not have a method "load_custom_single_template" in E:\xampp\htdocs\paczka\wp-includes\class-wp-hook.php:324
Stack trace:
#0 E:\xampp\htdocs\paczka\wp-includes\class-wp-hook.php(348): WP_Hook->apply_filters(NULL, Array)
#1 E:\xampp\htdocs\paczka\wp-includes\plugin.php(517): WP_Hook->do_action(Array)
#2 E:\xampp\htdocs\paczka\wp-settings.php(643): do_action('init')
#3 E:\xampp\htdocs\paczka\wp-config.php(98): require_once('E:\\xampp\\htdocs...')
#4 E:\xampp\htdocs\paczka\wp-load.php(50): require_once('E:\\xampp\\htdocs...')
#5 E:\xampp\htdocs\paczka\wp-admin\admin-ajax.php(22): require_once('E:\\xampp\\htdocs...')
#6 {main}
  thrown w E:\xampp\htdocs\paczka\wp-includes\class-wp-hook.php w linii 324

2024-02-13T14:43:17+00:00 CRITICAL Uncaught TypeError: call_user_func_array(): Argument #1 ($callback) must be a valid callback, class Menu does not have a method "load_custom_single_template" in E:\xampp\htdocs\paczka\wp-includes\class-wp-hook.php:324
Stack trace:
#0 E:\xampp\htdocs\paczka\wp-includes\class-wp-hook.php(348): WP_Hook->apply_filters(NULL, Array)
#1 E:\xampp\htdocs\paczka\wp-includes\plugin.php(517): WP_Hook->do_action(Array)
#2 E:\xampp\htdocs\paczka\wp-settings.php(643): do_action('init')
#3 E:\xampp\htdocs\paczka\wp-config.php(98): require_once('E:\\xampp\\htdocs...')
#4 E:\xampp\htdocs\paczka\wp-load.php(50): require_once('E:\\xampp\\htdocs...')
#5 E:\xampp\htdocs\paczka\wp-admin\admin-ajax.php(22): require_once('E:\\xampp\\htdocs...')
#6 {main}
  thrown w E:\xampp\htdocs\paczka\wp-includes\class-wp-hook.php w linii 324

2024-02-13T14:45:17+00:00 CRITICAL Uncaught TypeError: call_user_func_array(): Argument #1 ($callback) must be a valid callback, class Menu does not have a method "load_custom_single_template" in E:\xampp\htdocs\paczka\wp-includes\class-wp-hook.php:324
Stack trace:
#0 E:\xampp\htdocs\paczka\wp-includes\class-wp-hook.php(348): WP_Hook->apply_filters(NULL, Array)
#1 E:\xampp\htdocs\paczka\wp-includes\plugin.php(517): WP_Hook->do_action(Array)
#2 E:\xampp\htdocs\paczka\wp-settings.php(643): do_action('init')
#3 E:\xampp\htdocs\paczka\wp-config.php(98): require_once('E:\\xampp\\htdocs...')
#4 E:\xampp\htdocs\paczka\wp-load.php(50): require_once('E:\\xampp\\htdocs...')
#5 E:\xampp\htdocs\paczka\wp-admin\admin-ajax.php(22): require_once('E:\\xampp\\htdocs...')
#6 {main}
  thrown w E:\xampp\htdocs\paczka\wp-includes\class-wp-hook.php w linii 324

2024-02-13T14:45:17+00:00 CRITICAL Uncaught TypeError: call_user_func_array(): Argument #1 ($callback) must be a valid callback, class Menu does not have a method "load_custom_single_template" in E:\xampp\htdocs\paczka\wp-includes\class-wp-hook.php:324
Stack trace:
#0 E:\xampp\htdocs\paczka\wp-includes\class-wp-hook.php(348): WP_Hook->apply_filters(NULL, Array)
#1 E:\xampp\htdocs\paczka\wp-includes\plugin.php(517): WP_Hook->do_action(Array)
#2 E:\xampp\htdocs\paczka\wp-settings.php(643): do_action('init')
#3 E:\xampp\htdocs\paczka\wp-config.php(98): require_once('E:\\xampp\\htdocs...')
#4 E:\xampp\htdocs\paczka\wp-load.php(50): require_once('E:\\xampp\\htdocs...')
#5 E:\xampp\htdocs\paczka\wp-admin\admin-ajax.php(22): require_once('E:\\xampp\\htdocs...')
#6 {main}
  thrown w E:\xampp\htdocs\paczka\wp-includes\class-wp-hook.php w linii 324

2024-02-13T14:47:18+00:00 CRITICAL Uncaught TypeError: call_user_func_array(): Argument #1 ($callback) must be a valid callback, class Menu does not have a method "load_custom_single_template" in E:\xampp\htdocs\paczka\wp-includes\class-wp-hook.php:324
Stack trace:
#0 E:\xampp\htdocs\paczka\wp-includes\class-wp-hook.php(348): WP_Hook->apply_filters(NULL, Array)
#1 E:\xampp\htdocs\paczka\wp-includes\plugin.php(517): WP_Hook->do_action(Array)
#2 E:\xampp\htdocs\paczka\wp-settings.php(643): do_action('init')
#3 E:\xampp\htdocs\paczka\wp-config.php(98): require_once('E:\\xampp\\htdocs...')
#4 E:\xampp\htdocs\paczka\wp-load.php(50): require_once('E:\\xampp\\htdocs...')
#5 E:\xampp\htdocs\paczka\wp-admin\admin-ajax.php(22): require_once('E:\\xampp\\htdocs...')
#6 {main}
  thrown w E:\xampp\htdocs\paczka\wp-includes\class-wp-hook.php w linii 324

2024-02-13T14:47:19+00:00 CRITICAL Uncaught TypeError: call_user_func_array(): Argument #1 ($callback) must be a valid callback, class Menu does not have a method "load_custom_single_template" in E:\xampp\htdocs\paczka\wp-includes\class-wp-hook.php:324
Stack trace:
#0 E:\xampp\htdocs\paczka\wp-includes\class-wp-hook.php(348): WP_Hook->apply_filters(NULL, Array)
#1 E:\xampp\htdocs\paczka\wp-includes\plugin.php(517): WP_Hook->do_action(Array)
#2 E:\xampp\htdocs\paczka\wp-settings.php(643): do_action('init')
#3 E:\xampp\htdocs\paczka\wp-config.php(98): require_once('E:\\xampp\\htdocs...')
#4 E:\xampp\htdocs\paczka\wp-load.php(50): require_once('E:\\xampp\\htdocs...')
#5 E:\xampp\htdocs\paczka\wp-admin\admin-ajax.php(22): require_once('E:\\xampp\\htdocs...')
#6 {main}
  thrown w E:\xampp\htdocs\paczka\wp-includes\class-wp-hook.php w linii 324

2024-02-13T14:48:23+00:00 CRITICAL Uncaught TypeError: call_user_func_array(): Argument #1 ($callback) must be a valid callback, class Menu does not have a method "load_custom_single_template" in E:\xampp\htdocs\paczka\wp-includes\class-wp-hook.php:324
Stack trace:
#0 E:\xampp\htdocs\paczka\wp-includes\class-wp-hook.php(348): WP_Hook->apply_filters(NULL, Array)
#1 E:\xampp\htdocs\paczka\wp-includes\plugin.php(517): WP_Hook->do_action(Array)
#2 E:\xampp\htdocs\paczka\wp-settings.php(643): do_action('init')
#3 E:\xampp\htdocs\paczka\wp-config.php(98): require_once('E:\\xampp\\htdocs...')
#4 E:\xampp\htdocs\paczka\wp-load.php(50): require_once('E:\\xampp\\htdocs...')
#5 E:\xampp\htdocs\paczka\wp-blog-header.php(13): require_once('E:\\xampp\\htdocs...')
#6 E:\xampp\htdocs\paczka\index.php(17): require('E:\\xampp\\htdocs...')
#7 {main}
  thrown w E:\xampp\htdocs\paczka\wp-includes\class-wp-hook.php w linii 324

2024-02-13T14:49:19+00:00 CRITICAL Uncaught TypeError: call_user_func_array(): Argument #1 ($callback) must be a valid callback, class Menu does not have a method "load_custom_single_template" in E:\xampp\htdocs\paczka\wp-includes\class-wp-hook.php:324
Stack trace:
#0 E:\xampp\htdocs\paczka\wp-includes\class-wp-hook.php(348): WP_Hook->apply_filters(NULL, Array)
#1 E:\xampp\htdocs\paczka\wp-includes\plugin.php(517): WP_Hook->do_action(Array)
#2 E:\xampp\htdocs\paczka\wp-settings.php(643): do_action('init')
#3 E:\xampp\htdocs\paczka\wp-config.php(98): require_once('E:\\xampp\\htdocs...')
#4 E:\xampp\htdocs\paczka\wp-load.php(50): require_once('E:\\xampp\\htdocs...')
#5 E:\xampp\htdocs\paczka\wp-admin\admin-ajax.php(22): require_once('E:\\xampp\\htdocs...')
#6 {main}
  thrown w E:\xampp\htdocs\paczka\wp-includes\class-wp-hook.php w linii 324

2024-02-13T14:49:20+00:00 CRITICAL Uncaught TypeError: call_user_func_array(): Argument #1 ($callback) must be a valid callback, class Menu does not have a method "load_custom_single_template" in E:\xampp\htdocs\paczka\wp-includes\class-wp-hook.php:324
Stack trace:
#0 E:\xampp\htdocs\paczka\wp-includes\class-wp-hook.php(348): WP_Hook->apply_filters(NULL, Array)
#1 E:\xampp\htdocs\paczka\wp-includes\plugin.php(517): WP_Hook->do_action(Array)
#2 E:\xampp\htdocs\paczka\wp-settings.php(643): do_action('init')
#3 E:\xampp\htdocs\paczka\wp-config.php(98): require_once('E:\\xampp\\htdocs...')
#4 E:\xampp\htdocs\paczka\wp-load.php(50): require_once('E:\\xampp\\htdocs...')
#5 E:\xampp\htdocs\paczka\wp-admin\admin-ajax.php(22): require_once('E:\\xampp\\htdocs...')
#6 {main}
  thrown w E:\xampp\htdocs\paczka\wp-includes\class-wp-hook.php w linii 324

2024-02-13T15:51:04+00:00 CRITICAL Uncaught TypeError: Cannot access offset of type string on string in E:\xampp\htdocs\paczka\wp-content\plugins\page-management\nav\custom-menu.php:22
Stack trace:
#0 E:\xampp\htdocs\paczka\wp-includes\class-wp-hook.php(326): Menu->add_menu_item_custom_fields('13048', Object(WP_Post), 0, Object(stdClass))
#1 E:\xampp\htdocs\paczka\wp-includes\class-wp-hook.php(348): WP_Hook->apply_filters('', Array)
#2 E:\xampp\htdocs\paczka\wp-includes\plugin.php(517): WP_Hook->do_action(Array)
#3 E:\xampp\htdocs\paczka\wp-admin\includes\class-walker-nav-menu-edit.php(253): do_action('wp_nav_menu_ite...', '13048', Object(WP_Post), 0, Object(stdClass), 0)
#4 E:\xampp\htdocs\paczka\wp-includes\class-wp-walker.php(147): Walker_Nav_Menu_Edit->start_el('', Object(WP_Post), 0, Object(stdClass))
#5 E:\xampp\htdocs\paczka\wp-includes\class-wp-walker.php(247): Walker->display_element(Object(WP_Post), Array, 0, 0, Array, '')
#6 E:\xampp\htdocs\paczka\wp-includes\nav-menu-template.php(616): Walker->walk(Array, 0, Object(stdClass))
#7 E:\xampp\htdocs\paczka\wp-admin\includes\ajax-actions.php(1597): walk_nav_menu_tree(Array, 0, Object(stdClass))
#8 E:\xampp\htdocs\paczka\wp-includes\class-wp-hook.php(324): wp_ajax_add_menu_item('')
#9 E:\xampp\htdocs\paczka\wp-includes\class-wp-hook.php(348): WP_Hook->apply_filters('', Array)
#10 E:\xampp\htdocs\paczka\wp-includes\plugin.php(517): WP_Hook->do_action(Array)
#11 E:\xampp\htdocs\paczka\wp-admin\admin-ajax.php(188): do_action('wp_ajax_add-men...')
#12 {main}
  thrown in E:\xampp\htdocs\paczka\wp-content\plugins\page-management\nav\custom-menu.php on line 22

2024-02-13T15:54:13+00:00 CRITICAL Uncaught TypeError: Cannot access offset of type string on string in E:\xampp\htdocs\paczka\wp-content\plugins\page-management\nav\custom-menu.php:22
Stack trace:
#0 E:\xampp\htdocs\paczka\wp-includes\class-wp-hook.php(326): Menu->add_menu_item_custom_fields('13049', Object(WP_Post), 0, Object(stdClass))
#1 E:\xampp\htdocs\paczka\wp-includes\class-wp-hook.php(348): WP_Hook->apply_filters('', Array)
#2 E:\xampp\htdocs\paczka\wp-includes\plugin.php(517): WP_Hook->do_action(Array)
#3 E:\xampp\htdocs\paczka\wp-admin\includes\class-walker-nav-menu-edit.php(253): do_action('wp_nav_menu_ite...', '13049', Object(WP_Post), 0, Object(stdClass), 0)
#4 E:\xampp\htdocs\paczka\wp-includes\class-wp-walker.php(147): Walker_Nav_Menu_Edit->start_el('', Object(WP_Post), 0, Object(stdClass))
#5 E:\xampp\htdocs\paczka\wp-includes\class-wp-walker.php(247): Walker->display_element(Object(WP_Post), Array, 0, 0, Array, '')
#6 E:\xampp\htdocs\paczka\wp-includes\nav-menu-template.php(616): Walker->walk(Array, 0, Object(stdClass))
#7 E:\xampp\htdocs\paczka\wp-admin\includes\ajax-actions.php(1597): walk_nav_menu_tree(Array, 0, Object(stdClass))
#8 E:\xampp\htdocs\paczka\wp-includes\class-wp-hook.php(324): wp_ajax_add_menu_item('')
#9 E:\xampp\htdocs\paczka\wp-includes\class-wp-hook.php(348): WP_Hook->apply_filters('', Array)
#10 E:\xampp\htdocs\paczka\wp-includes\plugin.php(517): WP_Hook->do_action(Array)
#11 E:\xampp\htdocs\paczka\wp-admin\admin-ajax.php(188): do_action('wp_ajax_add-men...')
#12 {main}
  thrown in E:\xampp\htdocs\paczka\wp-content\plugins\page-management\nav\custom-menu.php on line 22

2024-02-13T15:56:02+00:00 CRITICAL Uncaught TypeError: Cannot access offset of type string on string in E:\xampp\htdocs\paczka\wp-content\plugins\page-management\nav\custom-menu.php:22
Stack trace:
#0 E:\xampp\htdocs\paczka\wp-includes\class-wp-hook.php(326): Menu->add_menu_item_custom_fields('13050', Object(WP_Post), 0, Object(stdClass))
#1 E:\xampp\htdocs\paczka\wp-includes\class-wp-hook.php(348): WP_Hook->apply_filters('', Array)
#2 E:\xampp\htdocs\paczka\wp-includes\plugin.php(517): WP_Hook->do_action(Array)
#3 E:\xampp\htdocs\paczka\wp-admin\includes\class-walker-nav-menu-edit.php(253): do_action('wp_nav_menu_ite...', '13050', Object(WP_Post), 0, Object(stdClass), 0)
#4 E:\xampp\htdocs\paczka\wp-includes\class-wp-walker.php(147): Walker_Nav_Menu_Edit->start_el('', Object(WP_Post), 0, Object(stdClass))
#5 E:\xampp\htdocs\paczka\wp-includes\class-wp-walker.php(247): Walker->display_element(Object(WP_Post), Array, 0, 0, Array, '')
#6 E:\xampp\htdocs\paczka\wp-includes\nav-menu-template.php(616): Walker->walk(Array, 0, Object(stdClass))
#7 E:\xampp\htdocs\paczka\wp-admin\includes\ajax-actions.php(1597): walk_nav_menu_tree(Array, 0, Object(stdClass))
#8 E:\xampp\htdocs\paczka\wp-includes\class-wp-hook.php(324): wp_ajax_add_menu_item('')
#9 E:\xampp\htdocs\paczka\wp-includes\class-wp-hook.php(348): WP_Hook->apply_filters('', Array)
#10 E:\xampp\htdocs\paczka\wp-includes\plugin.php(517): WP_Hook->do_action(Array)
#11 E:\xampp\htdocs\paczka\wp-admin\admin-ajax.php(188): do_action('wp_ajax_add-men...')
#12 {main}
  thrown in E:\xampp\htdocs\paczka\wp-content\plugins\page-management\nav\custom-menu.php on line 22

2024-02-13T16:01:50+00:00 CRITICAL Uncaught TypeError: Cannot access offset of type string on string in E:\xampp\htdocs\paczka\wp-content\plugins\page-management\nav\custom-menu.php:23
Stack trace:
#0 E:\xampp\htdocs\paczka\wp-includes\class-wp-hook.php(326): Menu->add_menu_item_custom_fields('13051', Object(WP_Post), 0, Object(stdClass))
#1 E:\xampp\htdocs\paczka\wp-includes\class-wp-hook.php(348): WP_Hook->apply_filters('', Array)
#2 E:\xampp\htdocs\paczka\wp-includes\plugin.php(517): WP_Hook->do_action(Array)
#3 E:\xampp\htdocs\paczka\wp-admin\includes\class-walker-nav-menu-edit.php(253): do_action('wp_nav_menu_ite...', '13051', Object(WP_Post), 0, Object(stdClass), 0)
#4 E:\xampp\htdocs\paczka\wp-includes\class-wp-walker.php(147): Walker_Nav_Menu_Edit->start_el('', Object(WP_Post), 0, Object(stdClass))
#5 E:\xampp\htdocs\paczka\wp-includes\class-wp-walker.php(247): Walker->display_element(Object(WP_Post), Array, 0, 0, Array, '')
#6 E:\xampp\htdocs\paczka\wp-includes\nav-menu-template.php(616): Walker->walk(Array, 0, Object(stdClass))
#7 E:\xampp\htdocs\paczka\wp-admin\includes\ajax-actions.php(1597): walk_nav_menu_tree(Array, 0, Object(stdClass))
#8 E:\xampp\htdocs\paczka\wp-includes\class-wp-hook.php(324): wp_ajax_add_menu_item('')
#9 E:\xampp\htdocs\paczka\wp-includes\class-wp-hook.php(348): WP_Hook->apply_filters('', Array)
#10 E:\xampp\htdocs\paczka\wp-includes\plugin.php(517): WP_Hook->do_action(Array)
#11 E:\xampp\htdocs\paczka\wp-admin\admin-ajax.php(188): do_action('wp_ajax_add-men...')
#12 {main}
  thrown in E:\xampp\htdocs\paczka\wp-content\plugins\page-management\nav\custom-menu.php on line 23

2024-02-13T16:07:56+00:00 CRITICAL Uncaught TypeError: Cannot access offset of type string on string in E:\xampp\htdocs\paczka\wp-content\plugins\page-management\nav\custom-menu.php:26
Stack trace:
#0 E:\xampp\htdocs\paczka\wp-includes\class-wp-hook.php(326): Menu->add_menu_item_custom_fields('13052', Object(WP_Post), 0, Object(stdClass))
#1 E:\xampp\htdocs\paczka\wp-includes\class-wp-hook.php(348): WP_Hook->apply_filters('', Array)
#2 E:\xampp\htdocs\paczka\wp-includes\plugin.php(517): WP_Hook->do_action(Array)
#3 E:\xampp\htdocs\paczka\wp-admin\includes\class-walker-nav-menu-edit.php(253): do_action('wp_nav_menu_ite...', '13052', Object(WP_Post), 0, Object(stdClass), 0)
#4 E:\xampp\htdocs\paczka\wp-includes\class-wp-walker.php(147): Walker_Nav_Menu_Edit->start_el('', Object(WP_Post), 0, Object(stdClass))
#5 E:\xampp\htdocs\paczka\wp-includes\class-wp-walker.php(247): Walker->display_element(Object(WP_Post), Array, 0, 0, Array, '')
#6 E:\xampp\htdocs\paczka\wp-includes\nav-menu-template.php(616): Walker->walk(Array, 0, Object(stdClass))
#7 E:\xampp\htdocs\paczka\wp-admin\includes\ajax-actions.php(1597): walk_nav_menu_tree(Array, 0, Object(stdClass))
#8 E:\xampp\htdocs\paczka\wp-includes\class-wp-hook.php(324): wp_ajax_add_menu_item('')
#9 E:\xampp\htdocs\paczka\wp-includes\class-wp-hook.php(348): WP_Hook->apply_filters('', Array)
#10 E:\xampp\htdocs\paczka\wp-includes\plugin.php(517): WP_Hook->do_action(Array)
#11 E:\xampp\htdocs\paczka\wp-admin\admin-ajax.php(188): do_action('wp_ajax_add-men...')
#12 {main}
  thrown in E:\xampp\htdocs\paczka\wp-content\plugins\page-management\nav\custom-menu.php on line 26

2024-02-13T16:10:19+00:00 CRITICAL Uncaught TypeError: Cannot access offset of type string on string in E:\xampp\htdocs\paczka\wp-content\plugins\page-management\nav\custom-menu.php:25
Stack trace:
#0 E:\xampp\htdocs\paczka\wp-includes\class-wp-hook.php(326): Menu->add_menu_item_custom_fields('13053', Object(WP_Post), 0, Object(stdClass))
#1 E:\xampp\htdocs\paczka\wp-includes\class-wp-hook.php(348): WP_Hook->apply_filters('', Array)
#2 E:\xampp\htdocs\paczka\wp-includes\plugin.php(517): WP_Hook->do_action(Array)
#3 E:\xampp\htdocs\paczka\wp-admin\includes\class-walker-nav-menu-edit.php(253): do_action('wp_nav_menu_ite...', '13053', Object(WP_Post), 0, Object(stdClass), 0)
#4 E:\xampp\htdocs\paczka\wp-includes\class-wp-walker.php(147): Walker_Nav_Menu_Edit->start_el('', Object(WP_Post), 0, Object(stdClass))
#5 E:\xampp\htdocs\paczka\wp-includes\class-wp-walker.php(247): Walker->display_element(Object(WP_Post), Array, 0, 0, Array, '')
#6 E:\xampp\htdocs\paczka\wp-includes\nav-menu-template.php(616): Walker->walk(Array, 0, Object(stdClass))
#7 E:\xampp\htdocs\paczka\wp-admin\includes\ajax-actions.php(1597): walk_nav_menu_tree(Array, 0, Object(stdClass))
#8 E:\xampp\htdocs\paczka\wp-includes\class-wp-hook.php(324): wp_ajax_add_menu_item('')
#9 E:\xampp\htdocs\paczka\wp-includes\class-wp-hook.php(348): WP_Hook->apply_filters('', Array)
#10 E:\xampp\htdocs\paczka\wp-includes\plugin.php(517): WP_Hook->do_action(Array)
#11 E:\xampp\htdocs\paczka\wp-admin\admin-ajax.php(188): do_action('wp_ajax_add-men...')
#12 {main}
  thrown in E:\xampp\htdocs\paczka\wp-content\plugins\page-management\nav\custom-menu.php on line 25

2024-02-13T16:11:25+00:00 CRITICAL Uncaught TypeError: Illegal offset type in E:\xampp\htdocs\paczka\wp-content\plugins\page-management\nav\custom-menu.php:28
Stack trace:
#0 E:\xampp\htdocs\paczka\wp-includes\class-wp-hook.php(326): Menu->add_menu_item_custom_fields('13054', Object(WP_Post), 0, Object(stdClass))
#1 E:\xampp\htdocs\paczka\wp-includes\class-wp-hook.php(348): WP_Hook->apply_filters('', Array)
#2 E:\xampp\htdocs\paczka\wp-includes\plugin.php(517): WP_Hook->do_action(Array)
#3 E:\xampp\htdocs\paczka\wp-admin\includes\class-walker-nav-menu-edit.php(253): do_action('wp_nav_menu_ite...', '13054', Object(WP_Post), 0, Object(stdClass), 0)
#4 E:\xampp\htdocs\paczka\wp-includes\class-wp-walker.php(147): Walker_Nav_Menu_Edit->start_el('', Object(WP_Post), 0, Object(stdClass))
#5 E:\xampp\htdocs\paczka\wp-includes\class-wp-walker.php(247): Walker->display_element(Object(WP_Post), Array, 0, 0, Array, '')
#6 E:\xampp\htdocs\paczka\wp-includes\nav-menu-template.php(616): Walker->walk(Array, 0, Object(stdClass))
#7 E:\xampp\htdocs\paczka\wp-admin\includes\ajax-actions.php(1597): walk_nav_menu_tree(Array, 0, Object(stdClass))
#8 E:\xampp\htdocs\paczka\wp-includes\class-wp-hook.php(324): wp_ajax_add_menu_item('')
#9 E:\xampp\htdocs\paczka\wp-includes\class-wp-hook.php(348): WP_Hook->apply_filters('', Array)
#10 E:\xampp\htdocs\paczka\wp-includes\plugin.php(517): WP_Hook->do_action(Array)
#11 E:\xampp\htdocs\paczka\wp-admin\admin-ajax.php(188): do_action('wp_ajax_add-men...')
#12 {main}
  thrown in E:\xampp\htdocs\paczka\wp-content\plugins\page-management\nav\custom-menu.php on line 28

2024-02-13T16:13:08+00:00 CRITICAL Uncaught TypeError: Illegal offset type in isset or empty in E:\xampp\htdocs\paczka\wp-content\plugins\page-management\nav\custom-menu.php:28
Stack trace:
#0 E:\xampp\htdocs\paczka\wp-includes\class-wp-hook.php(326): Menu->add_menu_item_custom_fields('13055', Object(WP_Post), 0, Object(stdClass))
#1 E:\xampp\htdocs\paczka\wp-includes\class-wp-hook.php(348): WP_Hook->apply_filters('', Array)
#2 E:\xampp\htdocs\paczka\wp-includes\plugin.php(517): WP_Hook->do_action(Array)
#3 E:\xampp\htdocs\paczka\wp-admin\includes\class-walker-nav-menu-edit.php(253): do_action('wp_nav_menu_ite...', '13055', Object(WP_Post), 0, Object(stdClass), 0)
#4 E:\xampp\htdocs\paczka\wp-includes\class-wp-walker.php(147): Walker_Nav_Menu_Edit->start_el('', Object(WP_Post), 0, Object(stdClass))
#5 E:\xampp\htdocs\paczka\wp-includes\class-wp-walker.php(247): Walker->display_element(Object(WP_Post), Array, 0, 0, Array, '')
#6 E:\xampp\htdocs\paczka\wp-includes\nav-menu-template.php(616): Walker->walk(Array, 0, Object(stdClass))
#7 E:\xampp\htdocs\paczka\wp-admin\includes\ajax-actions.php(1597): walk_nav_menu_tree(Array, 0, Object(stdClass))
#8 E:\xampp\htdocs\paczka\wp-includes\class-wp-hook.php(324): wp_ajax_add_menu_item('')
#9 E:\xampp\htdocs\paczka\wp-includes\class-wp-hook.php(348): WP_Hook->apply_filters('', Array)
#10 E:\xampp\htdocs\paczka\wp-includes\plugin.php(517): WP_Hook->do_action(Array)
#11 E:\xampp\htdocs\paczka\wp-admin\admin-ajax.php(188): do_action('wp_ajax_add-men...')
#12 {main}
  thrown in E:\xampp\htdocs\paczka\wp-content\plugins\page-management\nav\custom-menu.php on line 28

2024-02-13T16:16:36+00:00 CRITICAL Uncaught TypeError: Illegal offset type in E:\xampp\htdocs\paczka\wp-content\plugins\page-management\nav\custom-menu.php:29
Stack trace:
#0 E:\xampp\htdocs\paczka\wp-includes\class-wp-hook.php(326): Menu->add_menu_item_custom_fields('13056', Object(WP_Post), 0, Object(stdClass))
#1 E:\xampp\htdocs\paczka\wp-includes\class-wp-hook.php(348): WP_Hook->apply_filters('', Array)
#2 E:\xampp\htdocs\paczka\wp-includes\plugin.php(517): WP_Hook->do_action(Array)
#3 E:\xampp\htdocs\paczka\wp-admin\includes\class-walker-nav-menu-edit.php(253): do_action('wp_nav_menu_ite...', '13056', Object(WP_Post), 0, Object(stdClass), 0)
#4 E:\xampp\htdocs\paczka\wp-includes\class-wp-walker.php(147): Walker_Nav_Menu_Edit->start_el('', Object(WP_Post), 0, Object(stdClass))
#5 E:\xampp\htdocs\paczka\wp-includes\class-wp-walker.php(247): Walker->display_element(Object(WP_Post), Array, 0, 0, Array, '')
#6 E:\xampp\htdocs\paczka\wp-includes\nav-menu-template.php(616): Walker->walk(Array, 0, Object(stdClass))
#7 E:\xampp\htdocs\paczka\wp-admin\includes\ajax-actions.php(1597): walk_nav_menu_tree(Array, 0, Object(stdClass))
#8 E:\xampp\htdocs\paczka\wp-includes\class-wp-hook.php(324): wp_ajax_add_menu_item('')
#9 E:\xampp\htdocs\paczka\wp-includes\class-wp-hook.php(348): WP_Hook->apply_filters('', Array)
#10 E:\xampp\htdocs\paczka\wp-includes\plugin.php(517): WP_Hook->do_action(Array)
#11 E:\xampp\htdocs\paczka\wp-admin\admin-ajax.php(188): do_action('wp_ajax_add-men...')
#12 {main}
  thrown in E:\xampp\htdocs\paczka\wp-content\plugins\page-management\nav\custom-menu.php on line 29

2024-02-13T16:20:38+00:00 CRITICAL Uncaught TypeError: Illegal offset type in E:\xampp\htdocs\paczka\wp-content\plugins\page-management\nav\custom-menu.php:34
Stack trace:
#0 E:\xampp\htdocs\paczka\wp-includes\class-wp-hook.php(326): Menu->add_menu_item_custom_fields('13057', Object(WP_Post), 0, Object(stdClass))
#1 E:\xampp\htdocs\paczka\wp-includes\class-wp-hook.php(348): WP_Hook->apply_filters('', Array)
#2 E:\xampp\htdocs\paczka\wp-includes\plugin.php(517): WP_Hook->do_action(Array)
#3 E:\xampp\htdocs\paczka\wp-admin\includes\class-walker-nav-menu-edit.php(253): do_action('wp_nav_menu_ite...', '13057', Object(WP_Post), 0, Object(stdClass), 0)
#4 E:\xampp\htdocs\paczka\wp-includes\class-wp-walker.php(147): Walker_Nav_Menu_Edit->start_el('', Object(WP_Post), 0, Object(stdClass))
#5 E:\xampp\htdocs\paczka\wp-includes\class-wp-walker.php(247): Walker->display_element(Object(WP_Post), Array, 0, 0, Array, '')
#6 E:\xampp\htdocs\paczka\wp-includes\nav-menu-template.php(616): Walker->walk(Array, 0, Object(stdClass))
#7 E:\xampp\htdocs\paczka\wp-admin\includes\ajax-actions.php(1597): walk_nav_menu_tree(Array, 0, Object(stdClass))
#8 E:\xampp\htdocs\paczka\wp-includes\class-wp-hook.php(324): wp_ajax_add_menu_item('')
#9 E:\xampp\htdocs\paczka\wp-includes\class-wp-hook.php(348): WP_Hook->apply_filters('', Array)
#10 E:\xampp\htdocs\paczka\wp-includes\plugin.php(517): WP_Hook->do_action(Array)
#11 E:\xampp\htdocs\paczka\wp-admin\admin-ajax.php(188): do_action('wp_ajax_add-men...')
#12 {main}
  thrown in E:\xampp\htdocs\paczka\wp-content\plugins\page-management\nav\custom-menu.php on line 34

2024-02-13T16:22:57+00:00 CRITICAL Uncaught TypeError: Illegal offset type in E:\xampp\htdocs\paczka\wp-content\plugins\page-management\nav\custom-menu.php:33
Stack trace:
#0 E:\xampp\htdocs\paczka\wp-includes\class-wp-hook.php(326): Menu->add_menu_item_custom_fields('13058', Object(WP_Post), 0, Object(stdClass))
#1 E:\xampp\htdocs\paczka\wp-includes\class-wp-hook.php(348): WP_Hook->apply_filters('', Array)
#2 E:\xampp\htdocs\paczka\wp-includes\plugin.php(517): WP_Hook->do_action(Array)
#3 E:\xampp\htdocs\paczka\wp-admin\includes\class-walker-nav-menu-edit.php(253): do_action('wp_nav_menu_ite...', '13058', Object(WP_Post), 0, Object(stdClass), 0)
#4 E:\xampp\htdocs\paczka\wp-includes\class-wp-walker.php(147): Walker_Nav_Menu_Edit->start_el('', Object(WP_Post), 0, Object(stdClass))
#5 E:\xampp\htdocs\paczka\wp-includes\class-wp-walker.php(247): Walker->display_element(Object(WP_Post), Array, 0, 0, Array, '')
#6 E:\xampp\htdocs\paczka\wp-includes\nav-menu-template.php(616): Walker->walk(Array, 0, Object(stdClass))
#7 E:\xampp\htdocs\paczka\wp-admin\includes\ajax-actions.php(1597): walk_nav_menu_tree(Array, 0, Object(stdClass))
#8 E:\xampp\htdocs\paczka\wp-includes\class-wp-hook.php(324): wp_ajax_add_menu_item('')
#9 E:\xampp\htdocs\paczka\wp-includes\class-wp-hook.php(348): WP_Hook->apply_filters('', Array)
#10 E:\xampp\htdocs\paczka\wp-includes\plugin.php(517): WP_Hook->do_action(Array)
#11 E:\xampp\htdocs\paczka\wp-admin\admin-ajax.php(188): do_action('wp_ajax_add-men...')
#12 {main}
  thrown in E:\xampp\htdocs\paczka\wp-content\plugins\page-management\nav\custom-menu.php on line 33

2024-02-13T16:26:46+00:00 CRITICAL Uncaught TypeError: Illegal offset type in E:\xampp\htdocs\paczka\wp-content\plugins\page-management\nav\custom-menu.php:30
Stack trace:
#0 E:\xampp\htdocs\paczka\wp-includes\class-wp-hook.php(326): Menu->add_menu_item_custom_fields('13059', Object(WP_Post), 0, Object(stdClass))
#1 E:\xampp\htdocs\paczka\wp-includes\class-wp-hook.php(348): WP_Hook->apply_filters('', Array)
#2 E:\xampp\htdocs\paczka\wp-includes\plugin.php(517): WP_Hook->do_action(Array)
#3 E:\xampp\htdocs\paczka\wp-admin\includes\class-walker-nav-menu-edit.php(253): do_action('wp_nav_menu_ite...', '13059', Object(WP_Post), 0, Object(stdClass), 0)
#4 E:\xampp\htdocs\paczka\wp-includes\class-wp-walker.php(147): Walker_Nav_Menu_Edit->start_el('', Object(WP_Post), 0, Object(stdClass))
#5 E:\xampp\htdocs\paczka\wp-includes\class-wp-walker.php(247): Walker->display_element(Object(WP_Post), Array, 0, 0, Array, '')
#6 E:\xampp\htdocs\paczka\wp-includes\nav-menu-template.php(616): Walker->walk(Array, 0, Object(stdClass))
#7 E:\xampp\htdocs\paczka\wp-admin\includes\ajax-actions.php(1597): walk_nav_menu_tree(Array, 0, Object(stdClass))
#8 E:\xampp\htdocs\paczka\wp-includes\class-wp-hook.php(324): wp_ajax_add_menu_item('')
#9 E:\xampp\htdocs\paczka\wp-includes\class-wp-hook.php(348): WP_Hook->apply_filters('', Array)
#10 E:\xampp\htdocs\paczka\wp-includes\plugin.php(517): WP_Hook->do_action(Array)
#11 E:\xampp\htdocs\paczka\wp-admin\admin-ajax.php(188): do_action('wp_ajax_add-men...')
#12 {main}
  thrown in E:\xampp\htdocs\paczka\wp-content\plugins\page-management\nav\custom-menu.php on line 30

2024-02-13T16:29:39+00:00 CRITICAL Uncaught TypeError: Illegal offset type in E:\xampp\htdocs\paczka\wp-content\plugins\page-management\nav\custom-menu.php:33
Stack trace:
#0 E:\xampp\htdocs\paczka\wp-includes\class-wp-hook.php(326): Menu->add_menu_item_custom_fields('13060', Object(WP_Post), 0, Object(stdClass))
#1 E:\xampp\htdocs\paczka\wp-includes\class-wp-hook.php(348): WP_Hook->apply_filters('', Array)
#2 E:\xampp\htdocs\paczka\wp-includes\plugin.php(517): WP_Hook->do_action(Array)
#3 E:\xampp\htdocs\paczka\wp-admin\includes\class-walker-nav-menu-edit.php(253): do_action('wp_nav_menu_ite...', '13060', Object(WP_Post), 0, Object(stdClass), 0)
#4 E:\xampp\htdocs\paczka\wp-includes\class-wp-walker.php(147): Walker_Nav_Menu_Edit->start_el('', Object(WP_Post), 0, Object(stdClass))
#5 E:\xampp\htdocs\paczka\wp-includes\class-wp-walker.php(247): Walker->display_element(Object(WP_Post), Array, 0, 0, Array, '')
#6 E:\xampp\htdocs\paczka\wp-includes\nav-menu-template.php(616): Walker->walk(Array, 0, Object(stdClass))
#7 E:\xampp\htdocs\paczka\wp-admin\includes\ajax-actions.php(1597): walk_nav_menu_tree(Array, 0, Object(stdClass))
#8 E:\xampp\htdocs\paczka\wp-includes\class-wp-hook.php(324): wp_ajax_add_menu_item('')
#9 E:\xampp\htdocs\paczka\wp-includes\class-wp-hook.php(348): WP_Hook->apply_filters('', Array)
#10 E:\xampp\htdocs\paczka\wp-includes\plugin.php(517): WP_Hook->do_action(Array)
#11 E:\xampp\htdocs\paczka\wp-admin\admin-ajax.php(188): do_action('wp_ajax_add-men...')
#12 {main}
  thrown in E:\xampp\htdocs\paczka\wp-content\plugins\page-management\nav\custom-menu.php on line 33

2024-02-13T16:32:25+00:00 CRITICAL Uncaught TypeError: Illegal offset type in E:\xampp\htdocs\paczka\wp-content\plugins\page-management\nav\custom-menu.php:35
Stack trace:
#0 E:\xampp\htdocs\paczka\wp-includes\class-wp-hook.php(326): Menu->add_menu_item_custom_fields('13061', Object(WP_Post), 0, Object(stdClass))
#1 E:\xampp\htdocs\paczka\wp-includes\class-wp-hook.php(348): WP_Hook->apply_filters('', Array)
#2 E:\xampp\htdocs\paczka\wp-includes\plugin.php(517): WP_Hook->do_action(Array)
#3 E:\xampp\htdocs\paczka\wp-admin\includes\class-walker-nav-menu-edit.php(253): do_action('wp_nav_menu_ite...', '13061', Object(WP_Post), 0, Object(stdClass), 0)
#4 E:\xampp\htdocs\paczka\wp-includes\class-wp-walker.php(147): Walker_Nav_Menu_Edit->start_el('', Object(WP_Post), 0, Object(stdClass))
#5 E:\xampp\htdocs\paczka\wp-includes\class-wp-walker.php(247): Walker->display_element(Object(WP_Post), Array, 0, 0, Array, '')
#6 E:\xampp\htdocs\paczka\wp-includes\nav-menu-template.php(616): Walker->walk(Array, 0, Object(stdClass))
#7 E:\xampp\htdocs\paczka\wp-admin\includes\ajax-actions.php(1597): walk_nav_menu_tree(Array, 0, Object(stdClass))
#8 E:\xampp\htdocs\paczka\wp-includes\class-wp-hook.php(324): wp_ajax_add_menu_item('')
#9 E:\xampp\htdocs\paczka\wp-includes\class-wp-hook.php(348): WP_Hook->apply_filters('', Array)
#10 E:\xampp\htdocs\paczka\wp-includes\plugin.php(517): WP_Hook->do_action(Array)
#11 E:\xampp\htdocs\paczka\wp-admin\admin-ajax.php(188): do_action('wp_ajax_add-men...')
#12 {main}
  thrown in E:\xampp\htdocs\paczka\wp-content\plugins\page-management\nav\custom-menu.php on line 35

2024-02-13T16:34:58+00:00 CRITICAL Uncaught TypeError: Cannot access offset of type string on string in E:\xampp\htdocs\paczka\wp-content\plugins\page-management\nav\custom-menu.php:29
Stack trace:
#0 E:\xampp\htdocs\paczka\wp-includes\class-wp-hook.php(326): Menu->add_menu_item_custom_fields('13062', Object(WP_Post), 0, Object(stdClass))
#1 E:\xampp\htdocs\paczka\wp-includes\class-wp-hook.php(348): WP_Hook->apply_filters('', Array)
#2 E:\xampp\htdocs\paczka\wp-includes\plugin.php(517): WP_Hook->do_action(Array)
#3 E:\xampp\htdocs\paczka\wp-admin\includes\class-walker-nav-menu-edit.php(253): do_action('wp_nav_menu_ite...', '13062', Object(WP_Post), 0, Object(stdClass), 0)
#4 E:\xampp\htdocs\paczka\wp-includes\class-wp-walker.php(147): Walker_Nav_Menu_Edit->start_el('', Object(WP_Post), 0, Object(stdClass))
#5 E:\xampp\htdocs\paczka\wp-includes\class-wp-walker.php(247): Walker->display_element(Object(WP_Post), Array, 0, 0, Array, '')
#6 E:\xampp\htdocs\paczka\wp-includes\nav-menu-template.php(616): Walker->walk(Array, 0, Object(stdClass))
#7 E:\xampp\htdocs\paczka\wp-admin\includes\ajax-actions.php(1597): walk_nav_menu_tree(Array, 0, Object(stdClass))
#8 E:\xampp\htdocs\paczka\wp-includes\class-wp-hook.php(324): wp_ajax_add_menu_item('')
#9 E:\xampp\htdocs\paczka\wp-includes\class-wp-hook.php(348): WP_Hook->apply_filters('', Array)
#10 E:\xampp\htdocs\paczka\wp-includes\plugin.php(517): WP_Hook->do_action(Array)
#11 E:\xampp\htdocs\paczka\wp-admin\admin-ajax.php(188): do_action('wp_ajax_add-men...')
#12 {main}
  thrown in E:\xampp\htdocs\paczka\wp-content\plugins\page-management\nav\custom-menu.php on line 29

2024-02-13T17:04:00+00:00 CRITICAL Uncaught ArgumentCountError: Too few arguments to function Menu::custom_menu_walker(), 1 passed in E:\xampp\htdocs\paczka\wp-includes\class-wp-hook.php on line 326 and exactly 2 expected in E:\xampp\htdocs\paczka\wp-content\plugins\page-management\nav\custom-menu.php:29
Stack trace:
#0 E:\xampp\htdocs\paczka\wp-includes\class-wp-hook.php(326): Menu->custom_menu_walker('Walker_Nav_Menu...')
#1 E:\xampp\htdocs\paczka\wp-includes\plugin.php(205): WP_Hook->apply_filters('Walker_Nav_Menu...', Array)
#2 E:\xampp\htdocs\paczka\wp-admin\includes\nav-menu.php(1266): apply_filters('wp_edit_nav_men...', 'Walker_Nav_Menu...', 115)
#3 E:\xampp\htdocs\paczka\wp-admin\nav-menus.php(667): wp_get_nav_menu_to_edit(115)
#4 {main}
  thrown in E:\xampp\htdocs\paczka\wp-content\plugins\page-management\nav\custom-menu.php on line 29

2024-02-13T17:29:35+00:00 CRITICAL Uncaught TypeError: error_log(): Argument #2 ($message_type) must be of type int, string given in E:\xampp\htdocs\paczka\wp-content\plugins\page-management\nav\custom-menu.php:40
Stack trace:
#0 E:\xampp\htdocs\paczka\wp-content\plugins\page-management\nav\custom-menu.php(40): error_log('$current_locati...', 'Array\n(\n    [pr...')
#1 E:\xampp\htdocs\paczka\wp-includes\class-wp-hook.php(324): Menu->custom_menu_walker('Walker_Nav_Menu...', 115)
#2 E:\xampp\htdocs\paczka\wp-includes\plugin.php(205): WP_Hook->apply_filters('Walker_Nav_Menu...', Array)
#3 E:\xampp\htdocs\paczka\wp-admin\includes\nav-menu.php(1266): apply_filters('wp_edit_nav_men...', 'Walker_Nav_Menu...', 115)
#4 E:\xampp\htdocs\paczka\wp-admin\nav-menus.php(667): wp_get_nav_menu_to_edit(115)
#5 {main}
  thrown in E:\xampp\htdocs\paczka\wp-content\plugins\page-management\nav\custom-menu.php on line 40

2024-02-13T17:42:33+00:00 CRITICAL Uncaught TypeError: call_user_func_array(): Argument #1 ($callback) must be a valid callback, class Menu does not have a method "register_custom_image_sizes" in E:\xampp\htdocs\paczka\wp-includes\class-wp-hook.php:324
Stack trace:
#0 E:\xampp\htdocs\paczka\wp-includes\class-wp-hook.php(348): WP_Hook->apply_filters(NULL, Array)
#1 E:\xampp\htdocs\paczka\wp-includes\plugin.php(517): WP_Hook->do_action(Array)
#2 E:\xampp\htdocs\paczka\wp-settings.php(621): do_action('after_setup_the...')
#3 E:\xampp\htdocs\paczka\wp-config.php(98): require_once('E:\\xampp\\htdocs...')
#4 E:\xampp\htdocs\paczka\wp-load.php(50): require_once('E:\\xampp\\htdocs...')
#5 E:\xampp\htdocs\paczka\wp-admin\admin-ajax.php(22): require_once('E:\\xampp\\htdocs...')
#6 {main}
  thrown in E:\xampp\htdocs\paczka\wp-includes\class-wp-hook.php on line 324

2024-02-13T17:43:33+00:00 CRITICAL Uncaught TypeError: call_user_func_array(): Argument #1 ($callback) must be a valid callback, class Menu does not have a method "register_custom_image_sizes" in E:\xampp\htdocs\paczka\wp-includes\class-wp-hook.php:324
Stack trace:
#0 E:\xampp\htdocs\paczka\wp-includes\class-wp-hook.php(348): WP_Hook->apply_filters(NULL, Array)
#1 E:\xampp\htdocs\paczka\wp-includes\plugin.php(517): WP_Hook->do_action(Array)
#2 E:\xampp\htdocs\paczka\wp-settings.php(621): do_action('after_setup_the...')
#3 E:\xampp\htdocs\paczka\wp-config.php(98): require_once('E:\\xampp\\htdocs...')
#4 E:\xampp\htdocs\paczka\wp-load.php(50): require_once('E:\\xampp\\htdocs...')
#5 E:\xampp\htdocs\paczka\wp-admin\admin-ajax.php(22): require_once('E:\\xampp\\htdocs...')
#6 {main}
  thrown in E:\xampp\htdocs\paczka\wp-includes\class-wp-hook.php on line 324

2024-02-13T17:43:40+00:00 CRITICAL Uncaught TypeError: call_user_func_array(): Argument #1 ($callback) must be a valid callback, class Menu does not have a method "register_custom_image_sizes" in E:\xampp\htdocs\paczka\wp-includes\class-wp-hook.php:324
Stack trace:
#0 E:\xampp\htdocs\paczka\wp-includes\class-wp-hook.php(348): WP_Hook->apply_filters(NULL, Array)
#1 E:\xampp\htdocs\paczka\wp-includes\plugin.php(517): WP_Hook->do_action(Array)
#2 E:\xampp\htdocs\paczka\wp-settings.php(621): do_action('after_setup_the...')
#3 E:\xampp\htdocs\paczka\wp-config.php(98): require_once('E:\\xampp\\htdocs...')
#4 E:\xampp\htdocs\paczka\wp-load.php(50): require_once('E:\\xampp\\htdocs...')
#5 E:\xampp\htdocs\paczka\wp-admin\admin.php(34): require_once('E:\\xampp\\htdocs...')
#6 E:\xampp\htdocs\paczka\wp-admin\nav-menus.php(13): require_once('E:\\xampp\\htdocs...')
#7 {main}
  thrown in E:\xampp\htdocs\paczka\wp-includes\class-wp-hook.php on line 324

2024-02-13T17:43:50+00:00 CRITICAL Uncaught TypeError: call_user_func_array(): Argument #1 ($callback) must be a valid callback, class Menu does not have a method "register_custom_image_sizes" in E:\xampp\htdocs\paczka\wp-includes\class-wp-hook.php:324
Stack trace:
#0 E:\xampp\htdocs\paczka\wp-includes\class-wp-hook.php(348): WP_Hook->apply_filters(NULL, Array)
#1 E:\xampp\htdocs\paczka\wp-includes\plugin.php(517): WP_Hook->do_action(Array)
#2 E:\xampp\htdocs\paczka\wp-settings.php(621): do_action('after_setup_the...')
#3 E:\xampp\htdocs\paczka\wp-config.php(98): require_once('E:\\xampp\\htdocs...')
#4 E:\xampp\htdocs\paczka\wp-load.php(50): require_once('E:\\xampp\\htdocs...')
#5 E:\xampp\htdocs\paczka\wp-admin\admin-ajax.php(22): require_once('E:\\xampp\\htdocs...')
#6 {main}
  thrown in E:\xampp\htdocs\paczka\wp-includes\class-wp-hook.php on line 324

2024-02-13T17:43:57+00:00 CRITICAL Uncaught TypeError: call_user_func_array(): Argument #1 ($callback) must be a valid callback, class Menu does not have a method "add_menu_item_custom_fields" in E:\xampp\htdocs\paczka\wp-includes\class-wp-hook.php:326
Stack trace:
#0 E:\xampp\htdocs\paczka\wp-includes\class-wp-hook.php(348): WP_Hook->apply_filters('', Array)
#1 E:\xampp\htdocs\paczka\wp-includes\plugin.php(517): WP_Hook->do_action(Array)
#2 E:\xampp\htdocs\paczka\wp-admin\includes\class-walker-nav-menu-edit.php(253): do_action('wp_nav_menu_ite...', '13064', Object(WP_Post), 0, Object(stdClass), 0)
#3 E:\xampp\htdocs\paczka\wp-includes\class-wp-walker.php(147): Walker_Nav_Menu_Edit->start_el('', Object(WP_Post), 0, Object(stdClass))
#4 E:\xampp\htdocs\paczka\wp-includes\class-wp-walker.php(247): Walker->display_element(Object(WP_Post), Array, 0, 0, Array, '')
#5 E:\xampp\htdocs\paczka\wp-includes\nav-menu-template.php(616): Walker->walk(Array, 0, Object(stdClass))
#6 E:\xampp\htdocs\paczka\wp-admin\includes\nav-menu.php(1315): walk_nav_menu_tree(Array, 0, Object(stdClass))
#7 E:\xampp\htdocs\paczka\wp-admin\nav-menus.php(667): wp_get_nav_menu_to_edit(115)
#8 {main}
  thrown in E:\xampp\htdocs\paczka\wp-includes\class-wp-hook.php on line 326

2024-02-13T18:18:19+00:00 CRITICAL Uncaught ArgumentCountError: _() expects exactly 1 argument, 2 given in E:\xampp\htdocs\paczka\wp-content\plugins\page-management\nav\custom-menu.php:22
Stack trace:
#0 E:\xampp\htdocs\paczka\wp-content\plugins\page-management\nav\custom-menu.php(22): _('Icon', 'page_manage')
#1 E:\xampp\htdocs\paczka\wp-includes\class-wp-hook.php(326): Menu->add_menu_item_custom_fields('13064', Object(WP_Post), 0, Object(stdClass))
#2 E:\xampp\htdocs\paczka\wp-includes\class-wp-hook.php(348): WP_Hook->apply_filters('', Array)
#3 E:\xampp\htdocs\paczka\wp-includes\plugin.php(517): WP_Hook->do_action(Array)
#4 E:\xampp\htdocs\paczka\wp-admin\includes\class-walker-nav-menu-edit.php(253): do_action('wp_nav_menu_ite...', '13064', Object(WP_Post), 0, Object(stdClass), 0)
#5 E:\xampp\htdocs\paczka\wp-includes\class-wp-walker.php(147): Walker_Nav_Menu_Edit->start_el('', Object(WP_Post), 0, Object(stdClass))
#6 E:\xampp\htdocs\paczka\wp-includes\class-wp-walker.php(247): Walker->display_element(Object(WP_Post), Array, 0, 0, Array, '')
#7 E:\xampp\htdocs\paczka\wp-includes\nav-menu-template.php(616): Walker->walk(Array, 0, Object(stdClass))
#8 E:\xampp\htdocs\paczka\wp-admin\includes\nav-menu.php(1315): walk_nav_menu_tree(Array, 0, Object(stdClass))
#9 E:\xampp\htdocs\paczka\wp-admin\nav-menus.php(667): wp_get_nav_menu_to_edit(115)
#10 {main}
  thrown in E:\xampp\htdocs\paczka\wp-content\plugins\page-management\nav\custom-menu.php on line 22

2024-02-13T18:20:03+00:00 CRITICAL Uncaught ArgumentCountError: _() expects exactly 1 argument, 2 given in E:\xampp\htdocs\paczka\wp-content\plugins\page-management\nav\custom-menu.php:22
Stack trace:
#0 E:\xampp\htdocs\paczka\wp-content\plugins\page-management\nav\custom-menu.php(22): _('Icon', 'page_manage')
#1 E:\xampp\htdocs\paczka\wp-includes\class-wp-hook.php(326): Menu->add_menu_item_custom_fields('13064', Object(WP_Post), 0, Object(stdClass))
#2 E:\xampp\htdocs\paczka\wp-includes\class-wp-hook.php(348): WP_Hook->apply_filters('', Array)
#3 E:\xampp\htdocs\paczka\wp-includes\plugin.php(517): WP_Hook->do_action(Array)
#4 E:\xampp\htdocs\paczka\wp-admin\includes\class-walker-nav-menu-edit.php(253): do_action('wp_nav_menu_ite...', '13064', Object(WP_Post), 0, Object(stdClass), 0)
#5 E:\xampp\htdocs\paczka\wp-includes\class-wp-walker.php(147): Walker_Nav_Menu_Edit->start_el('', Object(WP_Post), 0, Object(stdClass))
#6 E:\xampp\htdocs\paczka\wp-includes\class-wp-walker.php(247): Walker->display_element(Object(WP_Post), Array, 0, 0, Array, '')
#7 E:\xampp\htdocs\paczka\wp-includes\nav-menu-template.php(616): Walker->walk(Array, 0, Object(stdClass))
#8 E:\xampp\htdocs\paczka\wp-admin\includes\nav-menu.php(1315): walk_nav_menu_tree(Array, 0, Object(stdClass))
#9 E:\xampp\htdocs\paczka\wp-admin\nav-menus.php(667): wp_get_nav_menu_to_edit(115)
#10 {main}
  thrown in E:\xampp\htdocs\paczka\wp-content\plugins\page-management\nav\custom-menu.php on line 22

2024-02-13T18:20:11+00:00 CRITICAL Uncaught ArgumentCountError: _() expects exactly 1 argument, 2 given in E:\xampp\htdocs\paczka\wp-content\plugins\page-management\nav\custom-menu.php:22
Stack trace:
#0 E:\xampp\htdocs\paczka\wp-content\plugins\page-management\nav\custom-menu.php(22): _('Icon', 'page_manage')
#1 E:\xampp\htdocs\paczka\wp-includes\class-wp-hook.php(326): Menu->add_menu_item_custom_fields('13064', Object(WP_Post), 0, Object(stdClass))
#2 E:\xampp\htdocs\paczka\wp-includes\class-wp-hook.php(348): WP_Hook->apply_filters('', Array)
#3 E:\xampp\htdocs\paczka\wp-includes\plugin.php(517): WP_Hook->do_action(Array)
#4 E:\xampp\htdocs\paczka\wp-admin\includes\class-walker-nav-menu-edit.php(253): do_action('wp_nav_menu_ite...', '13064', Object(WP_Post), 0, Object(stdClass), 0)
#5 E:\xampp\htdocs\paczka\wp-includes\class-wp-walker.php(147): Walker_Nav_Menu_Edit->start_el('', Object(WP_Post), 0, Object(stdClass))
#6 E:\xampp\htdocs\paczka\wp-includes\class-wp-walker.php(247): Walker->display_element(Object(WP_Post), Array, 0, 0, Array, '')
#7 E:\xampp\htdocs\paczka\wp-includes\nav-menu-template.php(616): Walker->walk(Array, 0, Object(stdClass))
#8 E:\xampp\htdocs\paczka\wp-admin\includes\nav-menu.php(1315): walk_nav_menu_tree(Array, 0, Object(stdClass))
#9 E:\xampp\htdocs\paczka\wp-admin\nav-menus.php(667): wp_get_nav_menu_to_edit(115)
#10 {main}
  thrown in E:\xampp\htdocs\paczka\wp-content\plugins\page-management\nav\custom-menu.php on line 22

2024-02-13T18:22:16+00:00 CRITICAL Uncaught ArgumentCountError: _() expects exactly 1 argument, 2 given in E:\xampp\htdocs\paczka\wp-content\plugins\page-management\nav\custom-menu.php:21
Stack trace:
#0 E:\xampp\htdocs\paczka\wp-content\plugins\page-management\nav\custom-menu.php(21): _('Icon', 'page_manage')
#1 E:\xampp\htdocs\paczka\wp-includes\class-wp-hook.php(326): Menu->add_menu_item_custom_fields('13064', Object(WP_Post), 0, Object(stdClass))
#2 E:\xampp\htdocs\paczka\wp-includes\class-wp-hook.php(348): WP_Hook->apply_filters('', Array)
#3 E:\xampp\htdocs\paczka\wp-includes\plugin.php(517): WP_Hook->do_action(Array)
#4 E:\xampp\htdocs\paczka\wp-admin\includes\class-walker-nav-menu-edit.php(253): do_action('wp_nav_menu_ite...', '13064', Object(WP_Post), 0, Object(stdClass), 0)
#5 E:\xampp\htdocs\paczka\wp-includes\class-wp-walker.php(147): Walker_Nav_Menu_Edit->start_el('', Object(WP_Post), 0, Object(stdClass))
#6 E:\xampp\htdocs\paczka\wp-includes\class-wp-walker.php(247): Walker->display_element(Object(WP_Post), Array, 0, 0, Array, '')
#7 E:\xampp\htdocs\paczka\wp-includes\nav-menu-template.php(616): Walker->walk(Array, 0, Object(stdClass))
#8 E:\xampp\htdocs\paczka\wp-admin\includes\nav-menu.php(1315): walk_nav_menu_tree(Array, 0, Object(stdClass))
#9 E:\xampp\htdocs\paczka\wp-admin\nav-menus.php(667): wp_get_nav_menu_to_edit(115)
#10 {main}
  thrown in E:\xampp\htdocs\paczka\wp-content\plugins\page-management\nav\custom-menu.php on line 21

2024-02-13T18:23:29+00:00 CRITICAL Uncaught ArgumentCountError: _() expects exactly 1 argument, 2 given in E:\xampp\htdocs\paczka\wp-content\plugins\page-management\nav\custom-menu.php:21
Stack trace:
#0 E:\xampp\htdocs\paczka\wp-content\plugins\page-management\nav\custom-menu.php(21): _('Icon', 'page_manage')
#1 E:\xampp\htdocs\paczka\wp-includes\class-wp-hook.php(326): Menu->add_menu_item_custom_fields('13064', Object(WP_Post), 0, Object(stdClass))
#2 E:\xampp\htdocs\paczka\wp-includes\class-wp-hook.php(348): WP_Hook->apply_filters('', Array)
#3 E:\xampp\htdocs\paczka\wp-includes\plugin.php(517): WP_Hook->do_action(Array)
#4 E:\xampp\htdocs\paczka\wp-admin\includes\class-walker-nav-menu-edit.php(253): do_action('wp_nav_menu_ite...', '13064', Object(WP_Post), 0, Object(stdClass), 0)
#5 E:\xampp\htdocs\paczka\wp-includes\class-wp-walker.php(147): Walker_Nav_Menu_Edit->start_el('', Object(WP_Post), 0, Object(stdClass))
#6 E:\xampp\htdocs\paczka\wp-includes\class-wp-walker.php(247): Walker->display_element(Object(WP_Post), Array, 0, 0, Array, '')
#7 E:\xampp\htdocs\paczka\wp-includes\nav-menu-template.php(616): Walker->walk(Array, 0, Object(stdClass))
#8 E:\xampp\htdocs\paczka\wp-admin\includes\nav-menu.php(1315): walk_nav_menu_tree(Array, 0, Object(stdClass))
#9 E:\xampp\htdocs\paczka\wp-admin\nav-menus.php(667): wp_get_nav_menu_to_edit(115)
#10 {main}
  thrown in E:\xampp\htdocs\paczka\wp-content\plugins\page-management\nav\custom-menu.php on line 21

